[ 2017-08-24T00:00:02+08:00 ] 127.0.0.1 /index.php/Home/Cart/ajaxgetnum
INFO: [ app_begin ] --START--
INFO: Run Behavior\ReadHtmlCacheBehavior [ RunTime:0.000720s ]
INFO: [ app_begin ] --END-- [ RunTime:0.001214s ]
SQL: SHOW COLUMNS FROM `tpshop_cart` [ RunTime:0.0015s ]
SQL: SELECT * FROM `tpshop_cart` WHERE `user_id` = 8  [ RunTime:0.0003s ]

[ 2017-08-24T00:00:07+08:00 ] 127.0.0.1 /index.php/Home/Cart/ajaxgetnum
INFO: [ app_begin ] --START--
INFO: Run Behavior\ReadHtmlCacheBehavior [ RunTime:0.000696s ]
INFO: [ app_begin ] --END-- [ RunTime:0.001199s ]
SQL: SHOW COLUMNS FROM `tpshop_cart` [ RunTime:0.0038s ]
SQL: SELECT * FROM `tpshop_cart` WHERE `user_id` = 8  [ RunTime:0.0007s ]

[ 2017-08-24T00:00:10+08:00 ] 127.0.0.1 /index.php/Home/Cart/ajaxgetnum
INFO: [ app_begin ] --START--
INFO: Run Behavior\ReadHtmlCacheBehavior [ RunTime:0.000530s ]
INFO: [ app_begin ] --END-- [ RunTime:0.000826s ]
SQL: SHOW COLUMNS FROM `tpshop_cart` [ RunTime:0.0021s ]
SQL: SELECT * FROM `tpshop_cart` WHERE `user_id` = 8  [ RunTime:0.0003s ]

[ 2017-08-24T00:00:15+08:00 ] 127.0.0.1 /index.php/Home/Cart/ajaxgetnum
INFO: [ app_begin ] --START--
INFO: Run Behavior\ReadHtmlCacheBehavior [ RunTime:0.000926s ]
INFO: [ app_begin ] --END-- [ RunTime:0.001472s ]
SQL: SHOW COLUMNS FROM `tpshop_cart` [ RunTime:0.0038s ]
SQL: SELECT * FROM `tpshop_cart` WHERE `user_id` = 8  [ RunTime:0.0004s ]

[ 2017-08-24T00:00:28+08:00 ] 127.0.0.1 /index.php/Home/Cart/ajaxgetnum
INFO: [ app_begin ] --START--
INFO: Run Behavior\ReadHtmlCacheBehavior [ RunTime:0.000748s ]
INFO: [ app_begin ] --END-- [ RunTime:0.001338s ]
SQL: SHOW COLUMNS FROM `tpshop_cart` [ RunTime:0.0037s ]
SQL: SELECT * FROM `tpshop_cart` WHERE `user_id` = 8  [ RunTime:0.0005s ]

[ 2017-08-24T00:00:50+08:00 ] 127.0.0.1 /index.php/Home/Cart/ajaxgetnum
INFO: [ app_begin ] --START--
INFO: Run Behavior\ReadHtmlCacheBehavior [ RunTime:0.000716s ]
INFO: [ app_begin ] --END-- [ RunTime:0.001186s ]
SQL: SHOW COLUMNS FROM `tpshop_cart` [ RunTime:0.0039s ]
SQL: SELECT * FROM `tpshop_cart` WHERE `user_id` = 8  [ RunTime:0.0008s ]

[ 2017-08-24T00:00:51+08:00 ] 127.0.0.1 /index.php/Home/Cart/ajaxgetnum
INFO: [ app_begin ] --START--
INFO: Run Behavior\ReadHtmlCacheBehavior [ RunTime:0.000570s ]
INFO: [ app_begin ] --END-- [ RunTime:0.001055s ]
SQL: SHOW COLUMNS FROM `tpshop_cart` [ RunTime:0.0022s ]
SQL: SELECT * FROM `tpshop_cart` WHERE `user_id` = 8  [ RunTime:0.0003s ]

[ 2017-08-24T00:00:53+08:00 ] 127.0.0.1 /index.php/Home/Cart/ajaxgetnum
INFO: [ app_begin ] --START--
INFO: Run Behavior\ReadHtmlCacheBehavior [ RunTime:0.000600s ]
INFO: [ app_begin ] --END-- [ RunTime:0.000961s ]
SQL: SHOW COLUMNS FROM `tpshop_cart` [ RunTime:0.0025s ]
SQL: SELECT * FROM `tpshop_cart` WHERE `user_id` = 8  [ RunTime:0.0002s ]

[ 2017-08-24T00:00:54+08:00 ] 127.0.0.1 /index.php/Home/Cart/ajaxgetnum
INFO: [ app_begin ] --START--
INFO: Run Behavior\ReadHtmlCacheBehavior [ RunTime:0.000878s ]
INFO: [ app_begin ] --END-- [ RunTime:0.001413s ]
SQL: SHOW COLUMNS FROM `tpshop_cart` [ RunTime:0.0033s ]
SQL: SELECT * FROM `tpshop_cart` WHERE `user_id` = 8  [ RunTime:0.0006s ]

[ 2017-08-24T00:00:58+08:00 ] 127.0.0.1 /index.php/Home/Cart/ajaxgetnum
INFO: [ app_begin ] --START--
INFO: Run Behavior\ReadHtmlCacheBehavior [ RunTime:0.000489s ]
INFO: [ app_begin ] --END-- [ RunTime:0.000831s ]
SQL: SHOW COLUMNS FROM `tpshop_cart` [ RunTime:0.0038s ]
SQL: SELECT * FROM `tpshop_cart` WHERE `user_id` = 8  [ RunTime:0.0004s ]

[ 2017-08-24T00:00:59+08:00 ] 127.0.0.1 /index.php/Home/Cart/ajaxgetnum
INFO: [ app_begin ] --START--
INFO: Run Behavior\ReadHtmlCacheBehavior [ RunTime:0.000692s ]
INFO: [ app_begin ] --END-- [ RunTime:0.001092s ]
SQL: SHOW COLUMNS FROM `tpshop_cart` [ RunTime:0.0030s ]
SQL: SELECT * FROM `tpshop_cart` WHERE `user_id` = 8  [ RunTime:0.0004s ]

[ 2017-08-24T00:01:01+08:00 ] 127.0.0.1 /index.php/Home/Cart/ajaxgetnum
INFO: [ app_begin ] --START--
INFO: Run Behavior\ReadHtmlCacheBehavior [ RunTime:0.000687s ]
INFO: [ app_begin ] --END-- [ RunTime:0.001142s ]
SQL: SHOW COLUMNS FROM `tpshop_cart` [ RunTime:0.0033s ]
SQL: SELECT * FROM `tpshop_cart` WHERE `user_id` = 8  [ RunTime:0.0006s ]

[ 2017-08-24T00:01:09+08:00 ] 127.0.0.1 /index.php/Home/Cart/ajaxgetnum
INFO: [ app_begin ] --START--
INFO: Run Behavior\ReadHtmlCacheBehavior [ RunTime:0.000472s ]
INFO: [ app_begin ] --END-- [ RunTime:0.000796s ]
SQL: SHOW COLUMNS FROM `tpshop_cart` [ RunTime:0.0021s ]
NOTIC: [8] Undefined variable: return E:\php\tpshop\Application\Home\Model\CartModel.class.php 第 70 行.
NOTIC: [2] Invalid argument supplied for foreach() E:\php\tpshop\Application\Home\Model\CartModel.class.php 第 78 行.

[ 2017-08-24T12:05:05+08:00 ] 127.0.0.1 /index.php/Home/Cart/ajaxgetnum
INFO: [ app_begin ] --START--
INFO: Run Behavior\ReadHtmlCacheBehavior [ RunTime:0.000514s ]
INFO: [ app_begin ] --END-- [ RunTime:0.000914s ]
SQL: SHOW COLUMNS FROM `tpshop_cart` [ RunTime:0.0033s ]
NOTIC: [8] Undefined variable: return E:\php\tpshop\Application\Home\Model\CartModel.class.php 第 70 行.
NOTIC: [2] Invalid argument supplied for foreach() E:\php\tpshop\Application\Home\Model\CartModel.class.php 第 78 行.

[ 2017-08-24T12:07:06+08:00 ] 127.0.0.1 /index.php/Home/Cart/ajaxgetnum
INFO: [ app_begin ] --START--
INFO: Run Behavior\ReadHtmlCacheBehavior [ RunTime:0.000909s ]
INFO: [ app_begin ] --END-- [ RunTime:0.001319s ]
SQL: SHOW COLUMNS FROM `tpshop_cart` [ RunTime:0.0018s ]
NOTIC: [8] Undefined variable: return E:\php\tpshop\Application\Home\Model\CartModel.class.php 第 70 行.
NOTIC: [2] Invalid argument supplied for foreach() E:\php\tpshop\Application\Home\Model\CartModel.class.php 第 78 行.

[ 2017-08-24T12:51:47+08:00 ] 127.0.0.1 /index.php/Home/Cart/ajaxgetnum
INFO: [ app_begin ] --START--
INFO: Run Behavior\ReadHtmlCacheBehavior [ RunTime:0.000926s ]
INFO: [ app_begin ] --END-- [ RunTime:0.001508s ]
SQL: SHOW COLUMNS FROM `tpshop_cart` [ RunTime:0.0015s ]
NOTIC: [8] Undefined variable: return E:\php\tpshop\Application\Home\Model\CartModel.class.php 第 70 行.
NOTIC: [2] Invalid argument supplied for foreach() E:\php\tpshop\Application\Home\Model\CartModel.class.php 第 78 行.

[ 2017-08-24T12:52:00+08:00 ] 127.0.0.1 /index.php/Home/Cart/ajaxgetnum
INFO: [ app_begin ] --START--
INFO: Run Behavior\ReadHtmlCacheBehavior [ RunTime:0.000537s ]
INFO: [ app_begin ] --END-- [ RunTime:0.000911s ]
SQL: SHOW COLUMNS FROM `tpshop_cart` [ RunTime:0.0015s ]

[ 2017-08-24T12:52:06+08:00 ] 127.0.0.1 /index.php/Home/Cart/ajaxgetnum
INFO: [ app_begin ] --START--
INFO: Run Behavior\ReadHtmlCacheBehavior [ RunTime:0.000453s ]
INFO: [ app_begin ] --END-- [ RunTime:0.000766s ]
SQL: SHOW COLUMNS FROM `tpshop_cart` [ RunTime:0.0017s ]

[ 2017-08-24T12:52:29+08:00 ] 127.0.0.1 /index.php/Home/Cart/ajaxgetnum
INFO: [ app_begin ] --START--
INFO: Run Behavior\ReadHtmlCacheBehavior [ RunTime:0.000490s ]
INFO: [ app_begin ] --END-- [ RunTime:0.000870s ]
SQL: SHOW COLUMNS FROM `tpshop_cart` [ RunTime:0.0021s ]
SQL: SELECT * FROM `tpshop_cart` WHERE `user_id` = 8  [ RunTime:0.0003s ]

[ 2017-08-24T12:52:40+08:00 ] 127.0.0.1 /index.php/Home/Cart/ajaxgetnum
INFO: [ app_begin ] --START--
INFO: Run Behavior\ReadHtmlCacheBehavior [ RunTime:0.000725s ]
INFO: [ app_begin ] --END-- [ RunTime:0.001199s ]
SQL: SHOW COLUMNS FROM `tpshop_cart` [ RunTime:0.0014s ]
SQL: SELECT * FROM `tpshop_cart` WHERE `user_id` = 8  [ RunTime:0.0003s ]

[ 2017-08-24T12:53:21+08:00 ] 127.0.0.1 /index.php/Home/Cart/ajaxdelcart
INFO: [ app_begin ] --START--
INFO: Run Behavior\ReadHtmlCacheBehavior [ RunTime:0.000642s ]
INFO: [ app_begin ] --END-- [ RunTime:0.000935s ]
SQL: SHOW COLUMNS FROM `tpshop_cart` [ RunTime:0.0035s ]
SQL: DELETE FROM `tpshop_cart` WHERE `user_id` = 8 AND `goods_id` = 82 AND `goods_attr_ids` = '31,33,38' [ RunTime:0.0519s ]
SQL: SELECT * FROM `tpshop_cart` WHERE `user_id` = 8  [ RunTime:0.0006s ]
NOTIC: [8] Use of undefined constant flase - assumed 'flase' E:\php\tpshop\Application\Home\Controller\CartController.class.php 第 96 行.

[ 2017-08-24T12:53:23+08:00 ] 127.0.0.1 /index.php/Home/Cart/ajaxdelcart
INFO: [ app_begin ] --START--
INFO: Run Behavior\ReadHtmlCacheBehavior [ RunTime:0.000835s ]
INFO: [ app_begin ] --END-- [ RunTime:0.001295s ]
SQL: SHOW COLUMNS FROM `tpshop_cart` [ RunTime:0.0032s ]
SQL: DELETE FROM `tpshop_cart` WHERE `user_id` = 8 AND `goods_id` = 84 AND `goods_attr_ids` = '48,54' [ RunTime:0.0844s ]
SQL: SELECT * FROM `tpshop_cart` WHERE `user_id` = 8  [ RunTime:0.0006s ]
NOTIC: [8] Use of undefined constant flase - assumed 'flase' E:\php\tpshop\Application\Home\Controller\CartController.class.php 第 96 行.

[ 2017-08-24T12:53:43+08:00 ] 127.0.0.1 /index.php/Home/Cart/ajaxgetnum
INFO: [ app_begin ] --START--
INFO: Run Behavior\ReadHtmlCacheBehavior [ RunTime:0.000824s ]
INFO: [ app_begin ] --END-- [ RunTime:0.001313s ]
SQL: SHOW COLUMNS FROM `tpshop_cart` [ RunTime:0.0029s ]
NOTIC: [8] Undefined variable: return E:\php\tpshop\Application\Home\Model\CartModel.class.php 第 70 行.
NOTIC: [2] Invalid argument supplied for foreach() E:\php\tpshop\Application\Home\Model\CartModel.class.php 第 78 行.

[ 2017-08-24T12:53:48+08:00 ] 127.0.0.1 /index.php/Home/Cart/ajaxgetnum
INFO: [ app_begin ] --START--
INFO: Run Behavior\ReadHtmlCacheBehavior [ RunTime:0.001070s ]
INFO: [ app_begin ] --END-- [ RunTime:0.001656s ]
SQL: SHOW COLUMNS FROM `tpshop_cart` [ RunTime:0.0019s ]
NOTIC: [8] Undefined variable: return E:\php\tpshop\Application\Home\Model\CartModel.class.php 第 70 行.
NOTIC: [2] Invalid argument supplied for foreach() E:\php\tpshop\Application\Home\Model\CartModel.class.php 第 78 行.

[ 2017-08-24T12:55:24+08:00 ] 127.0.0.1 /index.php/Home/Cart/ajaxgetnum
INFO: [ app_begin ] --START--
INFO: Run Behavior\ReadHtmlCacheBehavior [ RunTime:0.000750s ]
INFO: [ app_begin ] --END-- [ RunTime:0.001257s ]
SQL: SHOW COLUMNS FROM `tpshop_cart` [ RunTime:0.0034s ]
NOTIC: [8] Undefined variable: return E:\php\tpshop\Application\Home\Model\CartModel.class.php 第 70 行.
NOTIC: [2] Invalid argument supplied for foreach() E:\php\tpshop\Application\Home\Model\CartModel.class.php 第 78 行.

[ 2017-08-24T12:55:27+08:00 ] 127.0.0.1 /index.php/Home/Cart/ajaxgetnum
INFO: [ app_begin ] --START--
INFO: Run Behavior\ReadHtmlCacheBehavior [ RunTime:0.000780s ]
INFO: [ app_begin ] --END-- [ RunTime:0.001333s ]
SQL: SHOW COLUMNS FROM `tpshop_cart` [ RunTime:0.0015s ]
NOTIC: [8] Undefined variable: return E:\php\tpshop\Application\Home\Model\CartModel.class.php 第 70 行.
NOTIC: [2] Invalid argument supplied for foreach() E:\php\tpshop\Application\Home\Model\CartModel.class.php 第 78 行.

[ 2017-08-24T12:55:39+08:00 ] 127.0.0.1 /index.php/Home/Cart/ajaxgetnum
INFO: [ app_begin ] --START--
INFO: Run Behavior\ReadHtmlCacheBehavior [ RunTime:0.001046s ]
INFO: [ app_begin ] --END-- [ RunTime:0.001502s ]
SQL: SHOW COLUMNS FROM `tpshop_cart` [ RunTime:0.0032s ]
NOTIC: [8] Undefined variable: return E:\php\tpshop\Application\Home\Model\CartModel.class.php 第 70 行.
NOTIC: [2] Invalid argument supplied for foreach() E:\php\tpshop\Application\Home\Model\CartModel.class.php 第 78 行.

[ 2017-08-24T12:55:42+08:00 ] 127.0.0.1 /index.php/Home/Cart/ajaxgetnum
INFO: [ app_begin ] --START--
INFO: Run Behavior\ReadHtmlCacheBehavior [ RunTime:0.000992s ]
INFO: [ app_begin ] --END-- [ RunTime:0.001472s ]
SQL: SHOW COLUMNS FROM `tpshop_cart` [ RunTime:0.0017s ]
NOTIC: [8] Undefined variable: return E:\php\tpshop\Application\Home\Model\CartModel.class.php 第 70 行.
NOTIC: [2] Invalid argument supplied for foreach() E:\php\tpshop\Application\Home\Model\CartModel.class.php 第 78 行.

[ 2017-08-24T12:55:44+08:00 ] 127.0.0.1 /index.php/Home/Cart/ajaxgetnum
INFO: [ app_begin ] --START--
INFO: Run Behavior\ReadHtmlCacheBehavior [ RunTime:0.000697s ]
INFO: [ app_begin ] --END-- [ RunTime:0.001053s ]
SQL: SHOW COLUMNS FROM `tpshop_cart` [ RunTime:0.0033s ]
NOTIC: [8] Undefined variable: return E:\php\tpshop\Application\Home\Model\CartModel.class.php 第 70 行.
NOTIC: [2] Invalid argument supplied for foreach() E:\php\tpshop\Application\Home\Model\CartModel.class.php 第 78 行.

[ 2017-08-24T13:00:17+08:00 ] 127.0.0.1 /index.php/Home/Cart/ajaxgetnum
INFO: [ app_begin ] --START--
INFO: Run Behavior\ReadHtmlCacheBehavior [ RunTime:0.000606s ]
INFO: [ app_begin ] --END-- [ RunTime:0.001009s ]
SQL: SHOW COLUMNS FROM `tpshop_cart` [ RunTime:0.0033s ]
NOTIC: [8] Undefined variable: return E:\php\tpshop\Application\Home\Model\CartModel.class.php 第 70 行.
NOTIC: [2] Invalid argument supplied for foreach() E:\php\tpshop\Application\Home\Model\CartModel.class.php 第 78 行.

[ 2017-08-24T13:00:47+08:00 ] 127.0.0.1 /index.php/Home/Cart/ajaxgetnum
INFO: [ app_begin ] --START--
INFO: Run Behavior\ReadHtmlCacheBehavior [ RunTime:0.000741s ]
INFO: [ app_begin ] --END-- [ RunTime:0.001262s ]
SQL: SHOW COLUMNS FROM `tpshop_cart` [ RunTime:0.0032s ]
SQL: SELECT * FROM `tpshop_cart` WHERE `user_id` = 8  [ RunTime:0.0005s ]

[ 2017-08-24T13:04:39+08:00 ] 127.0.0.1 /index.php/Home/Cart/ajaxgetnum
INFO: [ app_begin ] --START--
INFO: Run Behavior\ReadHtmlCacheBehavior [ RunTime:0.000479s ]
INFO: [ app_begin ] --END-- [ RunTime:0.000817s ]
SQL: SHOW COLUMNS FROM `tpshop_cart` [ RunTime:0.0021s ]
SQL: SELECT * FROM `tpshop_cart` WHERE `user_id` = 8  [ RunTime:0.0004s ]

[ 2017-08-24T13:04:42+08:00 ] 127.0.0.1 /index.php/Home/Cart/ajaxgetnum
INFO: [ app_begin ] --START--
INFO: Run Behavior\ReadHtmlCacheBehavior [ RunTime:0.000613s ]
INFO: [ app_begin ] --END-- [ RunTime:0.000931s ]
SQL: SHOW COLUMNS FROM `tpshop_cart` [ RunTime:0.0032s ]
NOTIC: [8] Undefined variable: return E:\php\tpshop\Application\Home\Model\CartModel.class.php 第 70 行.
NOTIC: [2] Invalid argument supplied for foreach() E:\php\tpshop\Application\Home\Model\CartModel.class.php 第 78 行.

[ 2017-08-24T13:04:56+08:00 ] 127.0.0.1 /index.php/Home/Cart/ajaxgetnum
INFO: [ app_begin ] --START--
INFO: Run Behavior\ReadHtmlCacheBehavior [ RunTime:0.000725s ]
INFO: [ app_begin ] --END-- [ RunTime:0.001227s ]
SQL: SHOW COLUMNS FROM `tpshop_cart` [ RunTime:0.0032s ]
SQL: SELECT * FROM `tpshop_cart` WHERE `user_id` = 8  [ RunTime:0.0006s ]

[ 2017-08-24T13:10:00+08:00 ] 127.0.0.1 /index.php/Home/Cart/ajaxgetnum
INFO: [ app_begin ] --START--
INFO: Run Behavior\ReadHtmlCacheBehavior [ RunTime:0.000697s ]
INFO: [ app_begin ] --END-- [ RunTime:0.001226s ]
SQL: SHOW COLUMNS FROM `tpshop_cart` [ RunTime:0.0016s ]
SQL: SELECT * FROM `tpshop_cart` WHERE `user_id` = 8  [ RunTime:0.0002s ]

[ 2017-08-24T13:10:17+08:00 ] 127.0.0.1 /index.php/Home/Cart/ajaxgetnum
INFO: [ app_begin ] --START--
INFO: Run Behavior\ReadHtmlCacheBehavior [ RunTime:0.000450s ]
INFO: [ app_begin ] --END-- [ RunTime:0.000747s ]
SQL: SHOW COLUMNS FROM `tpshop_cart` [ RunTime:0.0017s ]
SQL: SELECT * FROM `tpshop_cart` WHERE `user_id` = 8  [ RunTime:0.0003s ]

[ 2017-08-24T13:10:22+08:00 ] 127.0.0.1 /index.php/Home/Cart/ajaxgetnum
INFO: [ app_begin ] --START--
INFO: Run Behavior\ReadHtmlCacheBehavior [ RunTime:0.000455s ]
INFO: [ app_begin ] --END-- [ RunTime:0.000747s ]
SQL: SHOW COLUMNS FROM `tpshop_cart` [ RunTime:0.0033s ]
NOTIC: [8] Undefined variable: return E:\php\tpshop\Application\Home\Model\CartModel.class.php 第 70 行.
NOTIC: [2] Invalid argument supplied for foreach() E:\php\tpshop\Application\Home\Model\CartModel.class.php 第 78 行.

[ 2017-08-24T13:10:33+08:00 ] 127.0.0.1 /index.php/Home/Cart/ajaxgetnum
INFO: [ app_begin ] --START--
INFO: Run Behavior\ReadHtmlCacheBehavior [ RunTime:0.000991s ]
INFO: [ app_begin ] --END-- [ RunTime:0.001473s ]
SQL: SHOW COLUMNS FROM `tpshop_cart` [ RunTime:0.0032s ]
SQL: SELECT * FROM `tpshop_cart` WHERE `user_id` = 8  [ RunTime:0.0006s ]

[ 2017-08-24T13:10:57+08:00 ] 127.0.0.1 /index.php/Home/Cart/ajaxgetnum
INFO: [ app_begin ] --START--
INFO: Run Behavior\ReadHtmlCacheBehavior [ RunTime:0.000630s ]
INFO: [ app_begin ] --END-- [ RunTime:0.001058s ]
SQL: SHOW COLUMNS FROM `tpshop_cart` [ RunTime:0.0018s ]
SQL: SELECT * FROM `tpshop_cart` WHERE `user_id` = 8  [ RunTime:0.0003s ]

[ 2017-08-24T13:12:34+08:00 ] 127.0.0.1 /index.php/Home/Cart/ajaxgetnum
INFO: [ app_begin ] --START--
INFO: Run Behavior\ReadHtmlCacheBehavior [ RunTime:0.000477s ]
INFO: [ app_begin ] --END-- [ RunTime:0.000807s ]
SQL: SHOW COLUMNS FROM `tpshop_cart` [ RunTime:0.0014s ]
SQL: SELECT * FROM `tpshop_cart` WHERE `user_id` = 8  [ RunTime:0.0002s ]

[ 2017-08-24T13:13:13+08:00 ] 127.0.0.1 /index.php/Home/Cart/ajaxgetnum
INFO: [ app_begin ] --START--
INFO: Run Behavior\ReadHtmlCacheBehavior [ RunTime:0.000674s ]
INFO: [ app_begin ] --END-- [ RunTime:0.001073s ]
SQL: SHOW COLUMNS FROM `tpshop_cart` [ RunTime:0.0015s ]
SQL: SELECT * FROM `tpshop_cart` WHERE `user_id` = 8  [ RunTime:0.0003s ]

[ 2017-08-24T13:13:17+08:00 ] 127.0.0.1 /index.php/Home/Cart/ajaxgetnum
INFO: [ app_begin ] --START--
INFO: Run Behavior\ReadHtmlCacheBehavior [ RunTime:0.000701s ]
INFO: [ app_begin ] --END-- [ RunTime:0.001055s ]
SQL: SHOW COLUMNS FROM `tpshop_cart` [ RunTime:0.0032s ]
SQL: SELECT * FROM `tpshop_cart` WHERE `user_id` = 8  [ RunTime:0.0006s ]

[ 2017-08-24T13:13:27+08:00 ] 127.0.0.1 /index.php/Home/Cart/ajaxgetnum
INFO: [ app_begin ] --START--
INFO: Run Behavior\ReadHtmlCacheBehavior [ RunTime:0.000707s ]
INFO: [ app_begin ] --END-- [ RunTime:0.001152s ]
SQL: SHOW COLUMNS FROM `tpshop_cart` [ RunTime:0.0045s ]
SQL: SELECT * FROM `tpshop_cart` WHERE `user_id` = 8  [ RunTime:0.0005s ]

[ 2017-08-24T13:13:28+08:00 ] 127.0.0.1 /index.php/Home/Cart/ajaxgetnum
INFO: [ app_begin ] --START--
INFO: Run Behavior\ReadHtmlCacheBehavior [ RunTime:0.001023s ]
INFO: [ app_begin ] --END-- [ RunTime:0.001561s ]
SQL: SHOW COLUMNS FROM `tpshop_cart` [ RunTime:0.0019s ]
SQL: SELECT * FROM `tpshop_cart` WHERE `user_id` = 8  [ RunTime:0.0002s ]

[ 2017-08-24T13:15:19+08:00 ] 127.0.0.1 /index.php/Home/Cart/ajaxgetnum
INFO: [ app_begin ] --START--
INFO: Run Behavior\ReadHtmlCacheBehavior [ RunTime:0.001036s ]
INFO: [ app_begin ] --END-- [ RunTime:0.001503s ]
SQL: SHOW COLUMNS FROM `tpshop_cart` [ RunTime:0.0020s ]
SQL: SELECT * FROM `tpshop_cart` WHERE `user_id` = 8  [ RunTime:0.0003s ]

[ 2017-08-24T13:17:08+08:00 ] 127.0.0.1 /index.php/Home/Cart/ajaxgetnum
INFO: [ app_begin ] --START--
INFO: Run Behavior\ReadHtmlCacheBehavior [ RunTime:0.000508s ]
INFO: [ app_begin ] --END-- [ RunTime:0.000860s ]
SQL: SHOW COLUMNS FROM `tpshop_cart` [ RunTime:0.0019s ]
SQL: SELECT * FROM `tpshop_cart` WHERE `user_id` = 8  [ RunTime:0.0003s ]

[ 2017-08-24T13:17:26+08:00 ] 127.0.0.1 /index.php/Home/Cart/ajaxgetnum
INFO: [ app_begin ] --START--
INFO: Run Behavior\ReadHtmlCacheBehavior [ RunTime:0.000812s ]
INFO: [ app_begin ] --END-- [ RunTime:0.001295s ]
SQL: SHOW COLUMNS FROM `tpshop_cart` [ RunTime:0.0045s ]
SQL: SELECT * FROM `tpshop_cart` WHERE `user_id` = 8  [ RunTime:0.0006s ]

[ 2017-08-24T13:17:27+08:00 ] 127.0.0.1 /index.php/Home/Cart/ajaxgetnum
INFO: [ app_begin ] --START--
INFO: Run Behavior\ReadHtmlCacheBehavior [ RunTime:0.001001s ]
INFO: [ app_begin ] --END-- [ RunTime:0.001393s ]
SQL: SHOW COLUMNS FROM `tpshop_cart` [ RunTime:0.0031s ]
SQL: SELECT * FROM `tpshop_cart` WHERE `user_id` = 8  [ RunTime:0.0006s ]

[ 2017-08-24T13:18:08+08:00 ] 127.0.0.1 /index.php/Home/Cart/ajaxgetnum
INFO: [ app_begin ] --START--
INFO: Run Behavior\ReadHtmlCacheBehavior [ RunTime:0.000471s ]
INFO: [ app_begin ] --END-- [ RunTime:0.000766s ]
SQL: SHOW COLUMNS FROM `tpshop_cart` [ RunTime:0.0019s ]
NOTIC: [8] Undefined variable: return E:\php\tpshop\Application\Home\Model\CartModel.class.php 第 70 行.
NOTIC: [2] Invalid argument supplied for foreach() E:\php\tpshop\Application\Home\Model\CartModel.class.php 第 78 行.

[ 2017-08-24T13:18:15+08:00 ] 127.0.0.1 /index.php/Home/Cart/ajaxgetnum
INFO: [ app_begin ] --START--
INFO: Run Behavior\ReadHtmlCacheBehavior [ RunTime:0.000844s ]
INFO: [ app_begin ] --END-- [ RunTime:0.001407s ]
SQL: SHOW COLUMNS FROM `tpshop_cart` [ RunTime:0.0015s ]
NOTIC: [8] Undefined variable: return E:\php\tpshop\Application\Home\Model\CartModel.class.php 第 70 行.
NOTIC: [2] Invalid argument supplied for foreach() E:\php\tpshop\Application\Home\Model\CartModel.class.php 第 78 行.

[ 2017-08-24T13:18:20+08:00 ] 127.0.0.1 /index.php/Home/Cart/ajaxgetnum
INFO: [ app_begin ] --START--
INFO: Run Behavior\ReadHtmlCacheBehavior [ RunTime:0.000454s ]
INFO: [ app_begin ] --END-- [ RunTime:0.000761s ]
SQL: SHOW COLUMNS FROM `tpshop_cart` [ RunTime:0.0033s ]

[ 2017-08-24T13:18:34+08:00 ] 127.0.0.1 /index.php/Home/Cart/ajaxgetnum
INFO: [ app_begin ] --START--
INFO: Run Behavior\ReadHtmlCacheBehavior [ RunTime:0.000725s ]
INFO: [ app_begin ] --END-- [ RunTime:0.001204s ]
SQL: SHOW COLUMNS FROM `tpshop_cart` [ RunTime:0.0032s ]

[ 2017-08-24T13:18:56+08:00 ] 127.0.0.1 /index.php/Home/Cart/ajaxgetnum
INFO: [ app_begin ] --START--
INFO: Run Behavior\ReadHtmlCacheBehavior [ RunTime:0.000456s ]
INFO: [ app_begin ] --END-- [ RunTime:0.000788s ]
SQL: SHOW COLUMNS FROM `tpshop_cart` [ RunTime:0.0034s ]

[ 2017-08-24T15:50:31+08:00 ] 127.0.0.1 /index.php/Home/Cart/ajaxgetnum
INFO: [ app_begin ] --START--
INFO: Run Behavior\ReadHtmlCacheBehavior [ RunTime:0.000789s ]
INFO: [ app_begin ] --END-- [ RunTime:0.001246s ]
SQL: SHOW COLUMNS FROM `tpshop_cart` [ RunTime:0.0034s ]
NOTIC: [8] Undefined variable: return E:\php\tpshop\Application\Home\Model\CartModel.class.php 第 70 行.
NOTIC: [2] Invalid argument supplied for foreach() E:\php\tpshop\Application\Home\Model\CartModel.class.php 第 78 行.

[ 2017-08-24T15:50:39+08:00 ] 127.0.0.1 /index.php/Home/Cart/ajaxgetnum
INFO: [ app_begin ] --START--
INFO: Run Behavior\ReadHtmlCacheBehavior [ RunTime:0.000618s ]
INFO: [ app_begin ] --END-- [ RunTime:0.000965s ]
SQL: SHOW COLUMNS FROM `tpshop_cart` [ RunTime:0.0031s ]
NOTIC: [8] Undefined variable: return E:\php\tpshop\Application\Home\Model\CartModel.class.php 第 70 行.
NOTIC: [2] Invalid argument supplied for foreach() E:\php\tpshop\Application\Home\Model\CartModel.class.php 第 78 行.

[ 2017-08-24T15:52:43+08:00 ] 127.0.0.1 /index.php/Home/Cart/ajaxgetnum
INFO: [ app_begin ] --START--
INFO: Run Behavior\ReadHtmlCacheBehavior [ RunTime:0.000481s ]
INFO: [ app_begin ] --END-- [ RunTime:0.000844s ]
SQL: SHOW COLUMNS FROM `tpshop_cart` [ RunTime:0.0019s ]
NOTIC: [8] Undefined variable: return E:\php\tpshop\Application\Home\Model\CartModel.class.php 第 70 行.
NOTIC: [2] Invalid argument supplied for foreach() E:\php\tpshop\Application\Home\Model\CartModel.class.php 第 78 行.

[ 2017-08-24T16:35:17+08:00 ] 127.0.0.1 /index.php/Home/Cart/ajaxgetnum
INFO: [ app_begin ] --START--
INFO: Run Behavior\ReadHtmlCacheBehavior [ RunTime:0.000749s ]
INFO: [ app_begin ] --END-- [ RunTime:0.001287s ]
SQL: SHOW COLUMNS FROM `tpshop_cart` [ RunTime:0.0047s ]
NOTIC: [8] Undefined variable: return E:\php\tpshop\Application\Home\Model\CartModel.class.php 第 70 行.
NOTIC: [2] Invalid argument supplied for foreach() E:\php\tpshop\Application\Home\Model\CartModel.class.php 第 78 行.

[ 2017-08-24T16:35:21+08:00 ] 127.0.0.1 /index.php/Home/Cart/ajaxgetnum
INFO: [ app_begin ] --START--
INFO: Run Behavior\ReadHtmlCacheBehavior [ RunTime:0.000929s ]
INFO: [ app_begin ] --END-- [ RunTime:0.001446s ]
SQL: SHOW COLUMNS FROM `tpshop_cart` [ RunTime:0.0408s ]
NOTIC: [8] Undefined variable: return E:\php\tpshop\Application\Home\Model\CartModel.class.php 第 70 行.
NOTIC: [2] Invalid argument supplied for foreach() E:\php\tpshop\Application\Home\Model\CartModel.class.php 第 78 行.

[ 2017-08-24T16:35:22+08:00 ] 127.0.0.1 /index.php/Home/Cart/ajaxgetnum
INFO: [ app_begin ] --START--
INFO: Run Behavior\ReadHtmlCacheBehavior [ RunTime:0.000625s ]
INFO: [ app_begin ] --END-- [ RunTime:0.001014s ]
SQL: SHOW COLUMNS FROM `tpshop_cart` [ RunTime:0.0033s ]
NOTIC: [8] Undefined variable: return E:\php\tpshop\Application\Home\Model\CartModel.class.php 第 70 行.
NOTIC: [2] Invalid argument supplied for foreach() E:\php\tpshop\Application\Home\Model\CartModel.class.php 第 78 行.

[ 2017-08-24T16:35:27+08:00 ] 127.0.0.1 /index.php/Home/Cart/ajaxgetnum
INFO: [ app_begin ] --START--
INFO: Run Behavior\ReadHtmlCacheBehavior [ RunTime:0.000795s ]
INFO: [ app_begin ] --END-- [ RunTime:0.001322s ]
SQL: SHOW COLUMNS FROM `tpshop_cart` [ RunTime:0.0032s ]
NOTIC: [8] Undefined variable: return E:\php\tpshop\Application\Home\Model\CartModel.class.php 第 70 行.
NOTIC: [2] Invalid argument supplied for foreach() E:\php\tpshop\Application\Home\Model\CartModel.class.php 第 78 行.

[ 2017-08-24T16:35:33+08:00 ] 127.0.0.1 /index.php/Home/Cart/ajaxgetnum
INFO: [ app_begin ] --START--
INFO: Run Behavior\ReadHtmlCacheBehavior [ RunTime:0.000474s ]
INFO: [ app_begin ] --END-- [ RunTime:0.000762s ]
SQL: SHOW COLUMNS FROM `tpshop_cart` [ RunTime:0.0031s ]

[ 2017-08-24T16:48:39+08:00 ] 127.0.0.1 /index.php/Home/Cart/ajaxgetnum
INFO: [ app_begin ] --START--
INFO: Run Behavior\ReadHtmlCacheBehavior [ RunTime:0.000768s ]
INFO: [ app_begin ] --END-- [ RunTime:0.001381s ]
SQL: SHOW COLUMNS FROM `tpshop_cart` [ RunTime:0.0035s ]
NOTIC: [8] Undefined variable: return E:\php\tpshop\Application\Home\Model\CartModel.class.php 第 70 行.
NOTIC: [2] Invalid argument supplied for foreach() E:\php\tpshop\Application\Home\Model\CartModel.class.php 第 78 行.

[ 2017-08-24T16:48:43+08:00 ] 127.0.0.1 /index.php/Home/Cart/ajaxgetnum
INFO: [ app_begin ] --START--
INFO: Run Behavior\ReadHtmlCacheBehavior [ RunTime:0.000741s ]
INFO: [ app_begin ] --END-- [ RunTime:0.001306s ]
SQL: SHOW COLUMNS FROM `tpshop_cart` [ RunTime:0.0015s ]
NOTIC: [8] Undefined variable: return E:\php\tpshop\Application\Home\Model\CartModel.class.php 第 70 行.
NOTIC: [2] Invalid argument supplied for foreach() E:\php\tpshop\Application\Home\Model\CartModel.class.php 第 78 行.

[ 2017-08-24T17:42:38+08:00 ] 127.0.0.1 /index.php/Home/Cart/ajaxgetnum
INFO: [ app_begin ] --START--
INFO: Run Behavior\ReadHtmlCacheBehavior [ RunTime:0.000683s ]
INFO: [ app_begin ] --END-- [ RunTime:0.001081s ]
SQL: SHOW COLUMNS FROM `tpshop_cart` [ RunTime:0.0037s ]
NOTIC: [8] Undefined variable: return E:\php\tpshop\Application\Home\Model\CartModel.class.php 第 70 行.
NOTIC: [2] Invalid argument supplied for foreach() E:\php\tpshop\Application\Home\Model\CartModel.class.php 第 78 行.

[ 2017-08-24T17:42:47+08:00 ] 127.0.0.1 /index.php/Home/Cart/ajaxgetnum
INFO: [ app_begin ] --START--
INFO: Run Behavior\ReadHtmlCacheBehavior [ RunTime:0.000605s ]
INFO: [ app_begin ] --END-- [ RunTime:0.000950s ]
SQL: SHOW COLUMNS FROM `tpshop_cart` [ RunTime:0.0034s ]
NOTIC: [8] Undefined variable: return E:\php\tpshop\Application\Home\Model\CartModel.class.php 第 70 行.
NOTIC: [2] Invalid argument supplied for foreach() E:\php\tpshop\Application\Home\Model\CartModel.class.php 第 78 行.

[ 2017-08-24T17:42:54+08:00 ] 127.0.0.1 /index.php/Home/Cart/ajaxgetnum
INFO: [ app_begin ] --START--
INFO: Run Behavior\ReadHtmlCacheBehavior [ RunTime:0.000520s ]
INFO: [ app_begin ] --END-- [ RunTime:0.000928s ]
SQL: SHOW COLUMNS FROM `tpshop_cart` [ RunTime:0.0032s ]

[ 2017-08-24T17:46:58+08:00 ] 127.0.0.1 /index.php/Home/Cart/ajaxgetnum
INFO: [ app_begin ] --START--
INFO: Run Behavior\ReadHtmlCacheBehavior [ RunTime:0.001099s ]
INFO: [ app_begin ] --END-- [ RunTime:0.001688s ]
SQL: SHOW COLUMNS FROM `tpshop_cart` [ RunTime:0.0015s ]

[ 2017-08-24T17:47:26+08:00 ] 127.0.0.1 /index.php/Home/Cart/ajaxgetnum
INFO: [ app_begin ] --START--
INFO: Run Behavior\ReadHtmlCacheBehavior [ RunTime:0.000468s ]
INFO: [ app_begin ] --END-- [ RunTime:0.000817s ]
SQL: SHOW COLUMNS FROM `tpshop_cart` [ RunTime:0.0020s ]

[ 2017-08-24T17:48:18+08:00 ] 127.0.0.1 /index.php/Home/Cart/ajaxgetnum
INFO: [ app_begin ] --START--
INFO: Run Behavior\ReadHtmlCacheBehavior [ RunTime:0.000714s ]
INFO: [ app_begin ] --END-- [ RunTime:0.001237s ]
SQL: SHOW COLUMNS FROM `tpshop_cart` [ RunTime:0.0030s ]

[ 2017-08-24T17:50:16+08:00 ] 127.0.0.1 /index.php/Home/Cart/ajaxgetnum
INFO: [ app_begin ] --START--
INFO: Run Behavior\ReadHtmlCacheBehavior [ RunTime:0.000467s ]
INFO: [ app_begin ] --END-- [ RunTime:0.000820s ]
SQL: SHOW COLUMNS FROM `tpshop_cart` [ RunTime:0.0031s ]

[ 2017-08-24T17:50:43+08:00 ] 127.0.0.1 /index.php/Home/Cart/ajaxgetnum
INFO: [ app_begin ] --START--
INFO: Run Behavior\ReadHtmlCacheBehavior [ RunTime:0.000648s ]
INFO: [ app_begin ] --END-- [ RunTime:0.001011s ]
SQL: SHOW COLUMNS FROM `tpshop_cart` [ RunTime:0.0032s ]

[ 2017-08-24T17:55:07+08:00 ] 127.0.0.1 /index.php/Home/Cart/ajaxgetnum
INFO: [ app_begin ] --START--
INFO: Run Behavior\ReadHtmlCacheBehavior [ RunTime:0.000653s ]
INFO: [ app_begin ] --END-- [ RunTime:0.001026s ]
SQL: SHOW COLUMNS FROM `tpshop_cart` [ RunTime:0.0035s ]

[ 2017-08-24T17:55:30+08:00 ] 127.0.0.1 /index.php/Home/Cart/ajaxgetnum
INFO: [ app_begin ] --START--
INFO: Run Behavior\ReadHtmlCacheBehavior [ RunTime:0.000561s ]
INFO: [ app_begin ] --END-- [ RunTime:0.000920s ]
SQL: SHOW COLUMNS FROM `tpshop_cart` [ RunTime:0.0031s ]

[ 2017-08-24T17:56:10+08:00 ] 127.0.0.1 /index.php/Home/Cart/ajaxgetnum
INFO: [ app_begin ] --START--
INFO: Run Behavior\ReadHtmlCacheBehavior [ RunTime:0.001342s ]
INFO: [ app_begin ] --END-- [ RunTime:0.001914s ]
SQL: SHOW COLUMNS FROM `tpshop_cart` [ RunTime:0.0014s ]

[ 2017-08-24T17:56:24+08:00 ] 127.0.0.1 /index.php/Home/Cart/ajaxgetnum
INFO: [ app_begin ] --START--
INFO: Run Behavior\ReadHtmlCacheBehavior [ RunTime:0.000677s ]
INFO: [ app_begin ] --END-- [ RunTime:0.001229s ]
SQL: SHOW COLUMNS FROM `tpshop_cart` [ RunTime:0.0018s ]

[ 2017-08-24T17:56:28+08:00 ] 127.0.0.1 /index.php/Home/Cart/ajaxchangenum
INFO: [ app_begin ] --START--
INFO: Run Behavior\ReadHtmlCacheBehavior [ RunTime:0.000523s ]
INFO: [ app_begin ] --END-- [ RunTime:0.000885s ]
SQL: SHOW COLUMNS FROM `tpshop_cart` [ RunTime:0.0015s ]

[ 2017-08-24T17:56:29+08:00 ] 127.0.0.1 /index.php/Home/Cart/ajaxchangenum
INFO: [ app_begin ] --START--
INFO: Run Behavior\ReadHtmlCacheBehavior [ RunTime:0.000525s ]
INFO: [ app_begin ] --END-- [ RunTime:0.000892s ]
SQL: SHOW COLUMNS FROM `tpshop_cart` [ RunTime:0.0033s ]

[ 2017-08-24T17:56:30+08:00 ] 127.0.0.1 /index.php/Home/Cart/ajaxchangenum
INFO: [ app_begin ] --START--
INFO: Run Behavior\ReadHtmlCacheBehavior [ RunTime:0.000682s ]
INFO: [ app_begin ] --END-- [ RunTime:0.001085s ]
SQL: SHOW COLUMNS FROM `tpshop_cart` [ RunTime:0.0032s ]

[ 2017-08-24T17:56:31+08:00 ] 127.0.0.1 /index.php/Home/Cart/ajaxchangenum
INFO: [ app_begin ] --START--
INFO: Run Behavior\ReadHtmlCacheBehavior [ RunTime:0.000702s ]
INFO: [ app_begin ] --END-- [ RunTime:0.001116s ]
SQL: SHOW COLUMNS FROM `tpshop_cart` [ RunTime:0.0032s ]

[ 2017-08-24T17:56:35+08:00 ] 127.0.0.1 /index.php/Home/Cart/ajaxchangenum
INFO: [ app_begin ] --START--
INFO: Run Behavior\ReadHtmlCacheBehavior [ RunTime:0.001118s ]
INFO: [ app_begin ] --END-- [ RunTime:0.001798s ]
SQL: SHOW COLUMNS FROM `tpshop_cart` [ RunTime:0.0032s ]

[ 2017-08-24T19:21:03+08:00 ] 127.0.0.1 /index.php/Home/Cart/ajaxgetnum
INFO: [ app_begin ] --START--
INFO: Run Behavior\ReadHtmlCacheBehavior [ RunTime:0.000929s ]
INFO: [ app_begin ] --END-- [ RunTime:0.001511s ]
SQL: SHOW COLUMNS FROM `tpshop_cart` [ RunTime:0.2351s ]
NOTIC: [8] Undefined variable: return E:\php\tpshop\Application\Home\Model\CartModel.class.php 第 70 行.
NOTIC: [2] Invalid argument supplied for foreach() E:\php\tpshop\Application\Home\Model\CartModel.class.php 第 78 行.

[ 2017-08-24T19:21:22+08:00 ] 127.0.0.1 /index.php/Home/Cart/ajaxgetnum
INFO: [ app_begin ] --START--
INFO: Run Behavior\ReadHtmlCacheBehavior [ RunTime:0.000681s ]
INFO: [ app_begin ] --END-- [ RunTime:0.001110s ]
SQL: SHOW COLUMNS FROM `tpshop_cart` [ RunTime:0.0041s ]
NOTIC: [8] Undefined variable: return E:\php\tpshop\Application\Home\Model\CartModel.class.php 第 70 行.
NOTIC: [2] Invalid argument supplied for foreach() E:\php\tpshop\Application\Home\Model\CartModel.class.php 第 78 行.

[ 2017-08-24T19:21:26+08:00 ] 127.0.0.1 /index.php/Home/Cart/ajaxgetnum
INFO: [ app_begin ] --START--
INFO: Run Behavior\ReadHtmlCacheBehavior [ RunTime:0.000672s ]
INFO: [ app_begin ] --END-- [ RunTime:0.001131s ]
SQL: SHOW COLUMNS FROM `tpshop_cart` [ RunTime:0.0023s ]
NOTIC: [8] Undefined variable: return E:\php\tpshop\Application\Home\Model\CartModel.class.php 第 70 行.
NOTIC: [2] Invalid argument supplied for foreach() E:\php\tpshop\Application\Home\Model\CartModel.class.php 第 78 行.

[ 2017-08-24T22:32:21+08:00 ] 127.0.0.1 /index.php/Home/Cart/ajaxgetnum
INFO: [ app_begin ] --START--
INFO: Run Behavior\ReadHtmlCacheBehavior [ RunTime:0.000943s ]
INFO: [ app_begin ] --END-- [ RunTime:0.001478s ]
SQL: SHOW COLUMNS FROM `tpshop_cart` [ RunTime:0.0015s ]
NOTIC: [8] Undefined variable: return E:\php\tpshop\Application\Home\Model\CartModel.class.php 第 70 行.
NOTIC: [2] Invalid argument supplied for foreach() E:\php\tpshop\Application\Home\Model\CartModel.class.php 第 78 行.

[ 2017-08-24T22:32:28+08:00 ] 127.0.0.1 /index.php/Home/Cart/ajaxgetnum
INFO: [ app_begin ] --START--
INFO: Run Behavior\ReadHtmlCacheBehavior [ RunTime:0.000578s ]
INFO: [ app_begin ] --END-- [ RunTime:0.000865s ]
SQL: SHOW COLUMNS FROM `tpshop_cart` [ RunTime:0.0032s ]
NOTIC: [8] Undefined variable: return E:\php\tpshop\Application\Home\Model\CartModel.class.php 第 70 行.
NOTIC: [2] Invalid argument supplied for foreach() E:\php\tpshop\Application\Home\Model\CartModel.class.php 第 78 行.

[ 2017-08-24T22:32:41+08:00 ] 127.0.0.1 /index.php/Home/Cart/ajaxgetnum
INFO: [ app_begin ] --START--
INFO: Run Behavior\ReadHtmlCacheBehavior [ RunTime:0.000700s ]
INFO: [ app_begin ] --END-- [ RunTime:0.001004s ]
SQL: SHOW COLUMNS FROM `tpshop_cart` [ RunTime:0.0044s ]
SQL: SELECT * FROM `tpshop_cart` WHERE `user_id` = 8  [ RunTime:0.0007s ]

[ 2017-08-24T22:32:47+08:00 ] 127.0.0.1 /index.php/Home/Cart/ajaxgetnum
INFO: [ app_begin ] --START--
INFO: Run Behavior\ReadHtmlCacheBehavior [ RunTime:0.000788s ]
INFO: [ app_begin ] --END-- [ RunTime:0.001255s ]
SQL: SHOW COLUMNS FROM `tpshop_cart` [ RunTime:0.0040s ]
SQL: SELECT * FROM `tpshop_cart` WHERE `user_id` = 8  [ RunTime:0.0005s ]

[ 2017-08-24T22:32:50+08:00 ] 127.0.0.1 /index.php/Home/Cart/ajaxchangenum
INFO: [ app_begin ] --START--
INFO: Run Behavior\ReadHtmlCacheBehavior [ RunTime:0.000792s ]
INFO: [ app_begin ] --END-- [ RunTime:0.001137s ]
SQL: SHOW COLUMNS FROM `tpshop_cart` [ RunTime:0.0033s ]
SQL: SELECT * FROM `tpshop_cart` WHERE `user_id` = 8 AND `goods_id` = 81 AND `goods_attr_ids` = '29' LIMIT 1   [ RunTime:0.0006s ]
SQL: UPDATE `tpshop_cart` SET `user_id`='8',`goods_id`='81',`goods_attr_ids`='29',`number`='3' WHERE `id` = 15 [ RunTime:0.0522s ]
SQL: SELECT * FROM `tpshop_cart` WHERE `user_id` = 8  [ RunTime:0.0006s ]

[ 2017-08-24T22:33:52+08:00 ] 127.0.0.1 /index.php/Home/Cart/ajaxgetnum
INFO: [ app_begin ] --START--
INFO: Run Behavior\ReadHtmlCacheBehavior [ RunTime:0.000585s ]
INFO: [ app_begin ] --END-- [ RunTime:0.000907s ]
SQL: SHOW COLUMNS FROM `tpshop_cart` [ RunTime:0.0032s ]
NOTIC: [8] Undefined variable: return E:\php\tpshop\Application\Home\Model\CartModel.class.php 第 70 行.
NOTIC: [2] Invalid argument supplied for foreach() E:\php\tpshop\Application\Home\Model\CartModel.class.php 第 78 行.

