[ 2017-09-03T23:18:30+08:00 ] 127.0.0.1 /index.php/Home/Cart/ajaxgetnum
INFO: [ app_begin ] --START--
INFO: Run Behavior\ReadHtmlCacheBehavior [ RunTime:0.000829s ]
INFO: [ app_begin ] --END-- [ RunTime:0.001341s ]
SQL: SHOW COLUMNS FROM `tpshop_cart` [ RunTime:0.0492s ]
NOTIC: [8] Undefined variable: return E:\php\tpshop\Application\Home\Model\CartModel.class.php 第 70 行.
NOTIC: [2] Invalid argument supplied for foreach() E:\php\tpshop\Application\Home\Model\CartModel.class.php 第 78 行.

[ 2017-09-03T23:18:35+08:00 ] 127.0.0.1 /index.php/Home/Cart/ajaxgetnum
INFO: [ app_begin ] --START--
INFO: Run Behavior\ReadHtmlCacheBehavior [ RunTime:0.000682s ]
INFO: [ app_begin ] --END-- [ RunTime:0.001129s ]
SQL: SHOW COLUMNS FROM `tpshop_cart` [ RunTime:0.0026s ]
NOTIC: [8] Undefined variable: return E:\php\tpshop\Application\Home\Model\CartModel.class.php 第 70 行.
NOTIC: [2] Invalid argument supplied for foreach() E:\php\tpshop\Application\Home\Model\CartModel.class.php 第 78 行.

[ 2017-09-03T23:18:40+08:00 ] 127.0.0.1 /index.php/Home/Cart/ajaxgetnum
INFO: [ app_begin ] --START--
INFO: Run Behavior\ReadHtmlCacheBehavior [ RunTime:0.001170s ]
INFO: [ app_begin ] --END-- [ RunTime:0.001983s ]
SQL: SHOW COLUMNS FROM `tpshop_cart` [ RunTime:0.0941s ]
NOTIC: [8] Undefined variable: return E:\php\tpshop\Application\Home\Model\CartModel.class.php 第 70 行.
NOTIC: [2] Invalid argument supplied for foreach() E:\php\tpshop\Application\Home\Model\CartModel.class.php 第 78 行.

[ 2017-09-03T23:18:43+08:00 ] 127.0.0.1 /index.php/Home/Cart/ajaxgetnum
INFO: [ app_begin ] --START--
INFO: Run Behavior\ReadHtmlCacheBehavior [ RunTime:0.001351s ]
INFO: [ app_begin ] --END-- [ RunTime:0.002342s ]
SQL: SHOW COLUMNS FROM `tpshop_cart` [ RunTime:0.0025s ]
NOTIC: [8] Undefined variable: return E:\php\tpshop\Application\Home\Model\CartModel.class.php 第 70 行.
NOTIC: [2] Invalid argument supplied for foreach() E:\php\tpshop\Application\Home\Model\CartModel.class.php 第 78 行.

[ 2017-09-03T23:18:49+08:00 ] 127.0.0.1 /index.php/Home/Cart/ajaxgetnum
INFO: [ app_begin ] --START--
INFO: Run Behavior\ReadHtmlCacheBehavior [ RunTime:0.000667s ]
INFO: [ app_begin ] --END-- [ RunTime:0.001266s ]
SQL: SHOW COLUMNS FROM `tpshop_cart` [ RunTime:0.0411s ]
NOTIC: [8] Undefined variable: return E:\php\tpshop\Application\Home\Model\CartModel.class.php 第 70 行.
NOTIC: [2] Invalid argument supplied for foreach() E:\php\tpshop\Application\Home\Model\CartModel.class.php 第 78 行.

[ 2017-09-03T23:20:48+08:00 ] 127.0.0.1 /index.php/Home/Cart/ajaxgetnum
INFO: [ app_begin ] --START--
INFO: Run Behavior\ReadHtmlCacheBehavior [ RunTime:0.000833s ]
INFO: [ app_begin ] --END-- [ RunTime:0.001330s ]
SQL: SHOW COLUMNS FROM `tpshop_cart` [ RunTime:0.0018s ]
SQL: SELECT * FROM `tpshop_cart` WHERE `user_id` = 8  [ RunTime:0.0004s ]

[ 2017-09-03T23:20:51+08:00 ] 127.0.0.1 /index.php/Home/Cart/ajaxgetnum
INFO: [ app_begin ] --START--
INFO: Run Behavior\ReadHtmlCacheBehavior [ RunTime:0.000933s ]
INFO: [ app_begin ] --END-- [ RunTime:0.001611s ]
SQL: SHOW COLUMNS FROM `tpshop_cart` [ RunTime:0.0543s ]
SQL: SELECT * FROM `tpshop_cart` WHERE `user_id` = 8  [ RunTime:0.0003s ]

[ 2017-09-03T23:20:55+08:00 ] 127.0.0.1 /index.php/Home/Cart/ajaxgetnum
INFO: [ app_begin ] --START--
INFO: Run Behavior\ReadHtmlCacheBehavior [ RunTime:0.000571s ]
INFO: [ app_begin ] --END-- [ RunTime:0.000910s ]
SQL: SHOW COLUMNS FROM `tpshop_cart` [ RunTime:0.0188s ]
SQL: SELECT * FROM `tpshop_cart` WHERE `user_id` = 8  [ RunTime:0.0003s ]

[ 2017-09-03T23:21:01+08:00 ] 127.0.0.1 /index.php/Home/Cart/ajaxgetnum
INFO: [ app_begin ] --START--
INFO: Run Behavior\ReadHtmlCacheBehavior [ RunTime:0.000776s ]
INFO: [ app_begin ] --END-- [ RunTime:0.001202s ]
SQL: SHOW COLUMNS FROM `tpshop_cart` [ RunTime:0.0018s ]
SQL: SELECT * FROM `tpshop_cart` WHERE `user_id` = 8  [ RunTime:0.0003s ]

[ 2017-09-03T23:21:01+08:00 ] 127.0.0.1 /index.php/Home/Cart/ajaxchangenum
INFO: [ app_begin ] --START--
INFO: Run Behavior\ReadHtmlCacheBehavior [ RunTime:0.000550s ]
INFO: [ app_begin ] --END-- [ RunTime:0.000876s ]
SQL: SHOW COLUMNS FROM `tpshop_cart` [ RunTime:0.0019s ]
SQL: SELECT * FROM `tpshop_cart` WHERE `user_id` = 8 AND `goods_id` = 81 AND `goods_attr_ids` = '29' LIMIT 1   [ RunTime:0.0010s ]
SQL: UPDATE `tpshop_cart` SET `user_id`='8',`goods_id`='81',`goods_attr_ids`='29',`number`='5' WHERE `id` = 15 [ RunTime:0.0602s ]
SQL: SELECT * FROM `tpshop_cart` WHERE `user_id` = 8  [ RunTime:0.0007s ]

[ 2017-09-03T23:21:02+08:00 ] 127.0.0.1 /index.php/Home/Cart/ajaxchangenum
INFO: [ app_begin ] --START--
INFO: Run Behavior\ReadHtmlCacheBehavior [ RunTime:0.000635s ]
INFO: [ app_begin ] --END-- [ RunTime:0.001000s ]
SQL: SHOW COLUMNS FROM `tpshop_cart` [ RunTime:0.0035s ]
SQL: SELECT * FROM `tpshop_cart` WHERE `user_id` = 8 AND `goods_id` = 81 AND `goods_attr_ids` = '29' LIMIT 1   [ RunTime:0.0006s ]
SQL: UPDATE `tpshop_cart` SET `user_id`='8',`goods_id`='81',`goods_attr_ids`='29',`number`='3' WHERE `id` = 15 [ RunTime:0.3160s ]
SQL: SELECT * FROM `tpshop_cart` WHERE `user_id` = 8  [ RunTime:0.0006s ]

[ 2017-09-03T23:21:03+08:00 ] 127.0.0.1 /index.php/Home/Cart/ajaxchangenum
INFO: [ app_begin ] --START--
INFO: Run Behavior\ReadHtmlCacheBehavior [ RunTime:0.000480s ]
INFO: [ app_begin ] --END-- [ RunTime:0.000781s ]
SQL: SHOW COLUMNS FROM `tpshop_cart` [ RunTime:0.0015s ]
SQL: SELECT * FROM `tpshop_cart` WHERE `user_id` = 8 AND `goods_id` = 81 AND `goods_attr_ids` = '29' LIMIT 1   [ RunTime:0.0003s ]
SQL: UPDATE `tpshop_cart` SET `user_id`='8',`goods_id`='81',`goods_attr_ids`='29',`number`='2' WHERE `id` = 15 [ RunTime:0.4038s ]
SQL: SELECT * FROM `tpshop_cart` WHERE `user_id` = 8  [ RunTime:0.0008s ]

[ 2017-09-03T23:21:06+08:00 ] 127.0.0.1 /index.php/Home/Cart/ajaxchangenum
INFO: [ app_begin ] --START--
INFO: Run Behavior\ReadHtmlCacheBehavior [ RunTime:0.000517s ]
INFO: [ app_begin ] --END-- [ RunTime:0.000840s ]
SQL: SHOW COLUMNS FROM `tpshop_cart` [ RunTime:1.3056s ]
SQL: SELECT * FROM `tpshop_cart` WHERE `user_id` = 8 AND `goods_id` = 81 AND `goods_attr_ids` = '29' LIMIT 1   [ RunTime:0.0006s ]
SQL: UPDATE `tpshop_cart` SET `user_id`='8',`goods_id`='81',`goods_attr_ids`='29',`number`='3' WHERE `id` = 15 [ RunTime:0.3778s ]
SQL: SELECT * FROM `tpshop_cart` WHERE `user_id` = 8  [ RunTime:0.0006s ]

[ 2017-09-03T23:21:08+08:00 ] 127.0.0.1 /index.php/Home/Cart/ajaxchangenum
INFO: [ app_begin ] --START--
INFO: Run Behavior\ReadHtmlCacheBehavior [ RunTime:0.000553s ]
INFO: [ app_begin ] --END-- [ RunTime:0.000895s ]
SQL: SHOW COLUMNS FROM `tpshop_cart` [ RunTime:0.0019s ]
SQL: SELECT * FROM `tpshop_cart` WHERE `user_id` = 8 AND `goods_id` = 81 AND `goods_attr_ids` = '29' LIMIT 1   [ RunTime:0.0003s ]
SQL: UPDATE `tpshop_cart` SET `user_id`='8',`goods_id`='81',`goods_attr_ids`='29',`number`='4' WHERE `id` = 15 [ RunTime:0.3392s ]
SQL: SELECT * FROM `tpshop_cart` WHERE `user_id` = 8  [ RunTime:0.0007s ]

[ 2017-09-03T23:21:09+08:00 ] 127.0.0.1 /index.php/Home/Cart/ajaxchangenum
INFO: [ app_begin ] --START--
INFO: Run Behavior\ReadHtmlCacheBehavior [ RunTime:0.000518s ]
INFO: [ app_begin ] --END-- [ RunTime:0.000845s ]
SQL: SHOW COLUMNS FROM `tpshop_cart` [ RunTime:0.0019s ]
SQL: SELECT * FROM `tpshop_cart` WHERE `user_id` = 8 AND `goods_id` = 81 AND `goods_attr_ids` = '29' LIMIT 1   [ RunTime:0.0004s ]
SQL: UPDATE `tpshop_cart` SET `user_id`='8',`goods_id`='81',`goods_attr_ids`='29',`number`='3' WHERE `id` = 15 [ RunTime:0.2226s ]
SQL: SELECT * FROM `tpshop_cart` WHERE `user_id` = 8  [ RunTime:0.0005s ]

[ 2017-09-03T23:21:11+08:00 ] 127.0.0.1 /index.php/Home/Cart/ajaxchangenum
INFO: [ app_begin ] --START--
INFO: Run Behavior\ReadHtmlCacheBehavior [ RunTime:0.000505s ]
INFO: [ app_begin ] --END-- [ RunTime:0.000833s ]
SQL: SHOW COLUMNS FROM `tpshop_cart` [ RunTime:0.0017s ]
SQL: SELECT * FROM `tpshop_cart` WHERE `user_id` = 8 AND `goods_id` = 81 AND `goods_attr_ids` = '29' LIMIT 1   [ RunTime:0.0004s ]
SQL: UPDATE `tpshop_cart` SET `user_id`='8',`goods_id`='81',`goods_attr_ids`='29',`number`='2' WHERE `id` = 15 [ RunTime:0.0774s ]
SQL: SELECT * FROM `tpshop_cart` WHERE `user_id` = 8  [ RunTime:0.0006s ]

[ 2017-09-03T23:21:12+08:00 ] 127.0.0.1 /index.php/Home/Cart/ajaxchangenum
INFO: [ app_begin ] --START--
INFO: Run Behavior\ReadHtmlCacheBehavior [ RunTime:0.000441s ]
INFO: [ app_begin ] --END-- [ RunTime:0.000720s ]
SQL: SHOW COLUMNS FROM `tpshop_cart` [ RunTime:0.0015s ]
SQL: SELECT * FROM `tpshop_cart` WHERE `user_id` = 8 AND `goods_id` = 81 AND `goods_attr_ids` = '29' LIMIT 1   [ RunTime:0.0003s ]
SQL: UPDATE `tpshop_cart` SET `user_id`='8',`goods_id`='81',`goods_attr_ids`='29',`number`='1' WHERE `id` = 15 [ RunTime:0.0585s ]
SQL: SELECT * FROM `tpshop_cart` WHERE `user_id` = 8  [ RunTime:0.0003s ]

[ 2017-09-03T23:21:19+08:00 ] 127.0.0.1 /index.php/Home/Cart/ajaxchangenum
INFO: [ app_begin ] --START--
INFO: Run Behavior\ReadHtmlCacheBehavior [ RunTime:0.000507s ]
INFO: [ app_begin ] --END-- [ RunTime:0.000830s ]
SQL: SHOW COLUMNS FROM `tpshop_cart` [ RunTime:0.0018s ]
SQL: SELECT * FROM `tpshop_cart` WHERE `user_id` = 8 AND `goods_id` = 81 AND `goods_attr_ids` = '29' LIMIT 1   [ RunTime:0.0003s ]
SQL: UPDATE `tpshop_cart` SET `user_id`='8',`goods_id`='81',`goods_attr_ids`='29',`number`='2' WHERE `id` = 15 [ RunTime:0.0782s ]
SQL: SELECT * FROM `tpshop_cart` WHERE `user_id` = 8  [ RunTime:0.0005s ]

[ 2017-09-03T23:21:23+08:00 ] 127.0.0.1 /index.php/Home/Cart/ajaxchangenum
INFO: [ app_begin ] --START--
INFO: Run Behavior\ReadHtmlCacheBehavior [ RunTime:0.001083s ]
INFO: [ app_begin ] --END-- [ RunTime:0.001785s ]
SQL: SHOW COLUMNS FROM `tpshop_cart` [ RunTime:0.0018s ]
SQL: SELECT * FROM `tpshop_cart` WHERE `user_id` = 8 AND `goods_id` = 81 AND `goods_attr_ids` = '29' LIMIT 1   [ RunTime:0.0003s ]
SQL: UPDATE `tpshop_cart` SET `user_id`='8',`goods_id`='81',`goods_attr_ids`='29',`number`='3' WHERE `id` = 15 [ RunTime:0.0554s ]
SQL: SELECT * FROM `tpshop_cart` WHERE `user_id` = 8  [ RunTime:0.0003s ]

[ 2017-09-03T23:21:27+08:00 ] 127.0.0.1 /index.php/Home/Cart/ajaxchangenum
INFO: [ app_begin ] --START--
INFO: Run Behavior\ReadHtmlCacheBehavior [ RunTime:0.001068s ]
INFO: [ app_begin ] --END-- [ RunTime:0.001763s ]
SQL: SHOW COLUMNS FROM `tpshop_cart` [ RunTime:0.0019s ]
SQL: SELECT * FROM `tpshop_cart` WHERE `user_id` = 8 AND `goods_id` = 81 AND `goods_attr_ids` = '29' LIMIT 1   [ RunTime:0.0004s ]
SQL: UPDATE `tpshop_cart` SET `user_id`='8',`goods_id`='81',`goods_attr_ids`='29',`number`='11' WHERE `id` = 15 [ RunTime:0.0457s ]
SQL: SELECT * FROM `tpshop_cart` WHERE `user_id` = 8  [ RunTime:0.0004s ]

[ 2017-09-03T23:21:32+08:00 ] 127.0.0.1 /index.php/Home/Cart/ajaxchangenum
INFO: [ app_begin ] --START--
INFO: Run Behavior\ReadHtmlCacheBehavior [ RunTime:0.000631s ]
INFO: [ app_begin ] --END-- [ RunTime:0.001062s ]
SQL: SHOW COLUMNS FROM `tpshop_cart` [ RunTime:0.0020s ]
SQL: SELECT * FROM `tpshop_cart` WHERE `user_id` = 8 AND `goods_id` = 81 AND `goods_attr_ids` = '29' LIMIT 1   [ RunTime:0.0004s ]
SQL: UPDATE `tpshop_cart` SET `user_id`='8',`goods_id`='81',`goods_attr_ids`='29',`number`='13' WHERE `id` = 15 [ RunTime:0.1122s ]
SQL: SELECT * FROM `tpshop_cart` WHERE `user_id` = 8  [ RunTime:0.0006s ]

[ 2017-09-03T23:21:34+08:00 ] 127.0.0.1 /index.php/Home/Cart/ajaxchangenum
INFO: [ app_begin ] --START--
INFO: Run Behavior\ReadHtmlCacheBehavior [ RunTime:0.000480s ]
INFO: [ app_begin ] --END-- [ RunTime:0.000786s ]
SQL: SHOW COLUMNS FROM `tpshop_cart` [ RunTime:0.0015s ]
SQL: SELECT * FROM `tpshop_cart` WHERE `user_id` = 8 AND `goods_id` = 81 AND `goods_attr_ids` = '29' LIMIT 1   [ RunTime:0.0003s ]
SQL: UPDATE `tpshop_cart` SET `user_id`='8',`goods_id`='81',`goods_attr_ids`='29',`number`='12' WHERE `id` = 15 [ RunTime:0.0499s ]
SQL: SELECT * FROM `tpshop_cart` WHERE `user_id` = 8  [ RunTime:0.0006s ]

[ 2017-09-03T23:21:35+08:00 ] 127.0.0.1 /index.php/Home/Cart/ajaxchangenum
INFO: [ app_begin ] --START--
INFO: Run Behavior\ReadHtmlCacheBehavior [ RunTime:0.000749s ]
INFO: [ app_begin ] --END-- [ RunTime:0.001416s ]
SQL: SHOW COLUMNS FROM `tpshop_cart` [ RunTime:0.0015s ]
SQL: SELECT * FROM `tpshop_cart` WHERE `user_id` = 8 AND `goods_id` = 81 AND `goods_attr_ids` = '29' LIMIT 1   [ RunTime:0.0003s ]
SQL: UPDATE `tpshop_cart` SET `user_id`='8',`goods_id`='81',`goods_attr_ids`='29',`number`='11' WHERE `id` = 15 [ RunTime:0.0777s ]
SQL: SELECT * FROM `tpshop_cart` WHERE `user_id` = 8  [ RunTime:0.0006s ]

[ 2017-09-03T23:21:35+08:00 ] 127.0.0.1 /index.php/Home/Cart/ajaxchangenum
INFO: [ app_begin ] --START--
INFO: Run Behavior\ReadHtmlCacheBehavior [ RunTime:0.000502s ]
INFO: [ app_begin ] --END-- [ RunTime:0.000831s ]
SQL: SHOW COLUMNS FROM `tpshop_cart` [ RunTime:0.0017s ]
SQL: SELECT * FROM `tpshop_cart` WHERE `user_id` = 8 AND `goods_id` = 81 AND `goods_attr_ids` = '29' LIMIT 1   [ RunTime:0.0003s ]
SQL: UPDATE `tpshop_cart` SET `user_id`='8',`goods_id`='81',`goods_attr_ids`='29',`number`='10' WHERE `id` = 15 [ RunTime:0.0706s ]
SQL: SELECT * FROM `tpshop_cart` WHERE `user_id` = 8  [ RunTime:0.0005s ]

[ 2017-09-03T23:21:36+08:00 ] 127.0.0.1 /index.php/Home/Cart/ajaxchangenum
INFO: [ app_begin ] --START--
INFO: Run Behavior\ReadHtmlCacheBehavior [ RunTime:0.000519s ]
INFO: [ app_begin ] --END-- [ RunTime:0.000848s ]
SQL: SHOW COLUMNS FROM `tpshop_cart` [ RunTime:0.0019s ]
SQL: SELECT * FROM `tpshop_cart` WHERE `user_id` = 8 AND `goods_id` = 81 AND `goods_attr_ids` = '29' LIMIT 1   [ RunTime:0.0003s ]
SQL: UPDATE `tpshop_cart` SET `user_id`='8',`goods_id`='81',`goods_attr_ids`='29',`number`='9' WHERE `id` = 15 [ RunTime:0.0871s ]
SQL: SELECT * FROM `tpshop_cart` WHERE `user_id` = 8  [ RunTime:0.0006s ]

[ 2017-09-03T23:21:37+08:00 ] 127.0.0.1 /index.php/Home/Cart/ajaxchangenum
INFO: [ app_begin ] --START--
INFO: Run Behavior\ReadHtmlCacheBehavior [ RunTime:0.000507s ]
INFO: [ app_begin ] --END-- [ RunTime:0.000831s ]
SQL: SHOW COLUMNS FROM `tpshop_cart` [ RunTime:0.0016s ]
SQL: SELECT * FROM `tpshop_cart` WHERE `user_id` = 8 AND `goods_id` = 81 AND `goods_attr_ids` = '29' LIMIT 1   [ RunTime:0.0003s ]
SQL: UPDATE `tpshop_cart` SET `user_id`='8',`goods_id`='81',`goods_attr_ids`='29',`number`='8' WHERE `id` = 15 [ RunTime:0.0733s ]
SQL: SELECT * FROM `tpshop_cart` WHERE `user_id` = 8  [ RunTime:0.0005s ]

[ 2017-09-03T23:21:37+08:00 ] 127.0.0.1 /index.php/Home/Cart/ajaxchangenum
INFO: [ app_begin ] --START--
INFO: Run Behavior\ReadHtmlCacheBehavior [ RunTime:0.000519s ]
INFO: [ app_begin ] --END-- [ RunTime:0.000877s ]
SQL: SHOW COLUMNS FROM `tpshop_cart` [ RunTime:0.0028s ]
SQL: SELECT * FROM `tpshop_cart` WHERE `user_id` = 8 AND `goods_id` = 81 AND `goods_attr_ids` = '29' LIMIT 1   [ RunTime:0.0004s ]
SQL: UPDATE `tpshop_cart` SET `user_id`='8',`goods_id`='81',`goods_attr_ids`='29',`number`='7' WHERE `id` = 15 [ RunTime:0.2554s ]
SQL: SELECT * FROM `tpshop_cart` WHERE `user_id` = 8  [ RunTime:0.0006s ]

[ 2017-09-03T23:21:38+08:00 ] 127.0.0.1 /index.php/Home/Cart/ajaxchangenum
INFO: [ app_begin ] --START--
INFO: Run Behavior\ReadHtmlCacheBehavior [ RunTime:0.000513s ]
INFO: [ app_begin ] --END-- [ RunTime:0.000840s ]
SQL: SHOW COLUMNS FROM `tpshop_cart` [ RunTime:0.0016s ]
SQL: SELECT * FROM `tpshop_cart` WHERE `user_id` = 8 AND `goods_id` = 81 AND `goods_attr_ids` = '29' LIMIT 1   [ RunTime:0.0003s ]
SQL: UPDATE `tpshop_cart` SET `user_id`='8',`goods_id`='81',`goods_attr_ids`='29',`number`='6' WHERE `id` = 15 [ RunTime:0.0522s ]
SQL: SELECT * FROM `tpshop_cart` WHERE `user_id` = 8  [ RunTime:0.0003s ]

[ 2017-09-03T23:21:39+08:00 ] 127.0.0.1 /index.php/Home/Cart/ajaxchangenum
INFO: [ app_begin ] --START--
INFO: Run Behavior\ReadHtmlCacheBehavior [ RunTime:0.000514s ]
INFO: [ app_begin ] --END-- [ RunTime:0.000841s ]
SQL: SHOW COLUMNS FROM `tpshop_cart` [ RunTime:0.0018s ]
SQL: SELECT * FROM `tpshop_cart` WHERE `user_id` = 8 AND `goods_id` = 81 AND `goods_attr_ids` = '29' LIMIT 1   [ RunTime:0.0003s ]
SQL: UPDATE `tpshop_cart` SET `user_id`='8',`goods_id`='81',`goods_attr_ids`='29',`number`='5' WHERE `id` = 15 [ RunTime:0.0547s ]
SQL: SELECT * FROM `tpshop_cart` WHERE `user_id` = 8  [ RunTime:0.0006s ]

[ 2017-09-03T23:21:39+08:00 ] 127.0.0.1 /index.php/Home/Cart/ajaxchangenum
INFO: [ app_begin ] --START--
INFO: Run Behavior\ReadHtmlCacheBehavior [ RunTime:0.000436s ]
INFO: [ app_begin ] --END-- [ RunTime:0.000720s ]
SQL: SHOW COLUMNS FROM `tpshop_cart` [ RunTime:0.0015s ]
SQL: SELECT * FROM `tpshop_cart` WHERE `user_id` = 8 AND `goods_id` = 81 AND `goods_attr_ids` = '29' LIMIT 1   [ RunTime:0.0003s ]
SQL: UPDATE `tpshop_cart` SET `user_id`='8',`goods_id`='81',`goods_attr_ids`='29',`number`='4' WHERE `id` = 15 [ RunTime:0.0505s ]
SQL: SELECT * FROM `tpshop_cart` WHERE `user_id` = 8  [ RunTime:0.0003s ]

[ 2017-09-03T23:21:39+08:00 ] 127.0.0.1 /index.php/Home/Cart/ajaxchangenum
INFO: [ app_begin ] --START--
INFO: Run Behavior\ReadHtmlCacheBehavior [ RunTime:0.000614s ]
INFO: [ app_begin ] --END-- [ RunTime:0.001000s ]
SQL: SHOW COLUMNS FROM `tpshop_cart` [ RunTime:0.0014s ]
SQL: SELECT * FROM `tpshop_cart` WHERE `user_id` = 8 AND `goods_id` = 81 AND `goods_attr_ids` = '29' LIMIT 1   [ RunTime:0.0002s ]
SQL: UPDATE `tpshop_cart` SET `user_id`='8',`goods_id`='81',`goods_attr_ids`='29',`number`='3' WHERE `id` = 15 [ RunTime:0.0579s ]
SQL: SELECT * FROM `tpshop_cart` WHERE `user_id` = 8  [ RunTime:0.0007s ]

[ 2017-09-03T23:21:39+08:00 ] 127.0.0.1 /index.php/Home/Cart/ajaxchangenum
INFO: [ app_begin ] --START--
INFO: Run Behavior\ReadHtmlCacheBehavior [ RunTime:0.000507s ]
INFO: [ app_begin ] --END-- [ RunTime:0.000830s ]
SQL: SHOW COLUMNS FROM `tpshop_cart` [ RunTime:0.0018s ]
SQL: SELECT * FROM `tpshop_cart` WHERE `user_id` = 8 AND `goods_id` = 81 AND `goods_attr_ids` = '29' LIMIT 1   [ RunTime:0.0003s ]
SQL: UPDATE `tpshop_cart` SET `user_id`='8',`goods_id`='81',`goods_attr_ids`='29',`number`='2' WHERE `id` = 15 [ RunTime:0.0550s ]
SQL: SELECT * FROM `tpshop_cart` WHERE `user_id` = 8  [ RunTime:0.0006s ]

[ 2017-09-03T23:21:40+08:00 ] 127.0.0.1 /index.php/Home/Cart/ajaxchangenum
INFO: [ app_begin ] --START--
INFO: Run Behavior\ReadHtmlCacheBehavior [ RunTime:0.000532s ]
INFO: [ app_begin ] --END-- [ RunTime:0.000892s ]
SQL: SHOW COLUMNS FROM `tpshop_cart` [ RunTime:0.0023s ]
SQL: SELECT * FROM `tpshop_cart` WHERE `user_id` = 8 AND `goods_id` = 81 AND `goods_attr_ids` = '29' LIMIT 1   [ RunTime:0.0003s ]
SQL: UPDATE `tpshop_cart` SET `user_id`='8',`goods_id`='81',`goods_attr_ids`='29',`number`='1' WHERE `id` = 15 [ RunTime:0.0531s ]
SQL: SELECT * FROM `tpshop_cart` WHERE `user_id` = 8  [ RunTime:0.0006s ]

[ 2017-09-03T23:21:40+08:00 ] 127.0.0.1 /index.php/Home/Cart/ajaxchangenum
INFO: [ app_begin ] --START--
INFO: Run Behavior\ReadHtmlCacheBehavior [ RunTime:0.000502s ]
INFO: [ app_begin ] --END-- [ RunTime:0.000831s ]
SQL: SHOW COLUMNS FROM `tpshop_cart` [ RunTime:0.0017s ]
SQL: SELECT * FROM `tpshop_cart` WHERE `user_id` = 8 AND `goods_id` = 81 AND `goods_attr_ids` = '29' LIMIT 1   [ RunTime:0.0003s ]
SQL: UPDATE `tpshop_cart` SET `user_id`='8',`goods_id`='81',`goods_attr_ids`='29',`number`='1' WHERE `id` = 15 [ RunTime:0.0531s ]

[ 2017-09-03T23:21:43+08:00 ] 127.0.0.1 /index.php/Home/Cart/ajaxchangenum
INFO: [ app_begin ] --START--
INFO: Run Behavior\ReadHtmlCacheBehavior [ RunTime:0.000508s ]
INFO: [ app_begin ] --END-- [ RunTime:0.000832s ]
SQL: SHOW COLUMNS FROM `tpshop_cart` [ RunTime:0.0017s ]
SQL: SELECT * FROM `tpshop_cart` WHERE `user_id` = 8 AND `goods_id` = 81 AND `goods_attr_ids` = '29' LIMIT 1   [ RunTime:0.0003s ]
SQL: UPDATE `tpshop_cart` SET `user_id`='8',`goods_id`='81',`goods_attr_ids`='29',`number`='2' WHERE `id` = 15 [ RunTime:0.1149s ]
SQL: SELECT * FROM `tpshop_cart` WHERE `user_id` = 8  [ RunTime:0.0005s ]

[ 2017-09-03T23:21:43+08:00 ] 127.0.0.1 /index.php/Home/Cart/ajaxchangenum
INFO: [ app_begin ] --START--
INFO: Run Behavior\ReadHtmlCacheBehavior [ RunTime:0.000579s ]
INFO: [ app_begin ] --END-- [ RunTime:0.001153s ]
SQL: SHOW COLUMNS FROM `tpshop_cart` [ RunTime:0.0015s ]
SQL: SELECT * FROM `tpshop_cart` WHERE `user_id` = 8 AND `goods_id` = 81 AND `goods_attr_ids` = '29' LIMIT 1   [ RunTime:0.0003s ]
SQL: UPDATE `tpshop_cart` SET `user_id`='8',`goods_id`='81',`goods_attr_ids`='29',`number`='3' WHERE `id` = 15 [ RunTime:0.0496s ]
SQL: SELECT * FROM `tpshop_cart` WHERE `user_id` = 8  [ RunTime:0.0007s ]

[ 2017-09-03T23:21:43+08:00 ] 127.0.0.1 /index.php/Home/Cart/ajaxchangenum
INFO: [ app_begin ] --START--
INFO: Run Behavior\ReadHtmlCacheBehavior [ RunTime:0.000518s ]
INFO: [ app_begin ] --END-- [ RunTime:0.000849s ]
SQL: SHOW COLUMNS FROM `tpshop_cart` [ RunTime:0.0016s ]
SQL: SELECT * FROM `tpshop_cart` WHERE `user_id` = 8 AND `goods_id` = 81 AND `goods_attr_ids` = '29' LIMIT 1   [ RunTime:0.0003s ]
SQL: UPDATE `tpshop_cart` SET `user_id`='8',`goods_id`='81',`goods_attr_ids`='29',`number`='4' WHERE `id` = 15 [ RunTime:0.0693s ]
SQL: SELECT * FROM `tpshop_cart` WHERE `user_id` = 8  [ RunTime:0.0005s ]

[ 2017-09-03T23:21:44+08:00 ] 127.0.0.1 /index.php/Home/Cart/ajaxchangenum
INFO: [ app_begin ] --START--
INFO: Run Behavior\ReadHtmlCacheBehavior [ RunTime:0.000516s ]
INFO: [ app_begin ] --END-- [ RunTime:0.000841s ]
SQL: SHOW COLUMNS FROM `tpshop_cart` [ RunTime:0.0021s ]
SQL: SELECT * FROM `tpshop_cart` WHERE `user_id` = 8 AND `goods_id` = 81 AND `goods_attr_ids` = '29' LIMIT 1   [ RunTime:0.0004s ]
SQL: UPDATE `tpshop_cart` SET `user_id`='8',`goods_id`='81',`goods_attr_ids`='29',`number`='5' WHERE `id` = 15 [ RunTime:0.1120s ]
SQL: SELECT * FROM `tpshop_cart` WHERE `user_id` = 8  [ RunTime:0.0006s ]

[ 2017-09-03T23:21:44+08:00 ] 127.0.0.1 /index.php/Home/Cart/ajaxchangenum
INFO: [ app_begin ] --START--
INFO: Run Behavior\ReadHtmlCacheBehavior [ RunTime:0.000509s ]
INFO: [ app_begin ] --END-- [ RunTime:0.000841s ]
SQL: SHOW COLUMNS FROM `tpshop_cart` [ RunTime:0.0017s ]
SQL: SELECT * FROM `tpshop_cart` WHERE `user_id` = 8 AND `goods_id` = 81 AND `goods_attr_ids` = '29' LIMIT 1   [ RunTime:0.0003s ]
SQL: UPDATE `tpshop_cart` SET `user_id`='8',`goods_id`='81',`goods_attr_ids`='29',`number`='6' WHERE `id` = 15 [ RunTime:0.0487s ]
SQL: SELECT * FROM `tpshop_cart` WHERE `user_id` = 8  [ RunTime:0.0005s ]

[ 2017-09-03T23:21:47+08:00 ] 127.0.0.1 /index.php/Home/Cart/ajaxgetnum
INFO: [ app_begin ] --START--
INFO: Run Behavior\ReadHtmlCacheBehavior [ RunTime:0.000524s ]
INFO: [ app_begin ] --END-- [ RunTime:0.000858s ]
SQL: SHOW COLUMNS FROM `tpshop_cart` [ RunTime:0.0015s ]
SQL: SELECT * FROM `tpshop_cart` WHERE `user_id` = 8  [ RunTime:0.0003s ]

[ 2017-09-03T23:39:10+08:00 ] 127.0.0.1 /index.php/Home/Cart/ajaxgetnum
INFO: [ app_begin ] --START--
INFO: Run Behavior\ReadHtmlCacheBehavior [ RunTime:0.000514s ]
INFO: [ app_begin ] --END-- [ RunTime:0.000876s ]
SQL: SHOW COLUMNS FROM `tpshop_cart` [ RunTime:0.0019s ]
SQL: SELECT * FROM `tpshop_cart` WHERE `user_id` = 8  [ RunTime:0.0003s ]

[ 2017-09-03T23:40:47+08:00 ] 127.0.0.1 /index.php/Home/Cart/ajaxgetnum
INFO: [ app_begin ] --START--
INFO: Run Behavior\ReadHtmlCacheBehavior [ RunTime:0.000485s ]
INFO: [ app_begin ] --END-- [ RunTime:0.000871s ]
SQL: SHOW COLUMNS FROM `tpshop_cart` [ RunTime:0.0014s ]
SQL: SELECT * FROM `tpshop_cart` WHERE `user_id` = 8  [ RunTime:0.0002s ]

[ 2017-09-03T23:46:03+08:00 ] 127.0.0.1 /index.php/Home/Cart/ajaxgetnum
INFO: [ app_begin ] --START--
INFO: Run Behavior\ReadHtmlCacheBehavior [ RunTime:0.000479s ]
INFO: [ app_begin ] --END-- [ RunTime:0.000858s ]
SQL: SHOW COLUMNS FROM `tpshop_cart` [ RunTime:0.0017s ]
SQL: SELECT * FROM `tpshop_cart` WHERE `user_id` = 8  [ RunTime:0.0004s ]

[ 2017-09-03T23:46:27+08:00 ] 127.0.0.1 /index.php/Home/Cart/ajaxgetnum
INFO: [ app_begin ] --START--
INFO: Run Behavior\ReadHtmlCacheBehavior [ RunTime:0.000584s ]
INFO: [ app_begin ] --END-- [ RunTime:0.000992s ]
SQL: SHOW COLUMNS FROM `tpshop_cart` [ RunTime:0.0016s ]
SQL: SELECT * FROM `tpshop_cart` WHERE `user_id` = 8  [ RunTime:0.0003s ]

[ 2017-09-03T23:51:36+08:00 ] 127.0.0.1 /index.php/Home/Cart/ajaxgetnum
INFO: [ app_begin ] --START--
INFO: Run Behavior\ReadHtmlCacheBehavior [ RunTime:0.000714s ]
INFO: [ app_begin ] --END-- [ RunTime:0.001159s ]
SQL: SHOW COLUMNS FROM `tpshop_cart` [ RunTime:0.0021s ]
SQL: SELECT * FROM `tpshop_cart` WHERE `user_id` = 8  [ RunTime:0.0005s ]

[ 2017-09-03T23:52:42+08:00 ] 127.0.0.1 /index.php/Home/Cart/ajaxgetnum
INFO: [ app_begin ] --START--
INFO: Run Behavior\ReadHtmlCacheBehavior [ RunTime:0.000719s ]
INFO: [ app_begin ] --END-- [ RunTime:0.001202s ]
SQL: SHOW COLUMNS FROM `tpshop_cart` [ RunTime:0.0023s ]
SQL: SELECT * FROM `tpshop_cart` WHERE `user_id` = 8  [ RunTime:0.0004s ]

[ 2017-09-03T23:53:06+08:00 ] 127.0.0.1 /index.php/Home/Cart/ajaxgetnum
INFO: [ app_begin ] --START--
INFO: Run Behavior\ReadHtmlCacheBehavior [ RunTime:0.000723s ]
INFO: [ app_begin ] --END-- [ RunTime:0.001165s ]
SQL: SHOW COLUMNS FROM `tpshop_cart` [ RunTime:0.0017s ]
SQL: SELECT * FROM `tpshop_cart` WHERE `user_id` = 8  [ RunTime:0.0003s ]

[ 2017-09-03T23:54:46+08:00 ] 127.0.0.1 /index.php/Home/Cart/ajaxgetnum
INFO: [ app_begin ] --START--
INFO: Run Behavior\ReadHtmlCacheBehavior [ RunTime:0.000513s ]
INFO: [ app_begin ] --END-- [ RunTime:0.000906s ]
SQL: SHOW COLUMNS FROM `tpshop_cart` [ RunTime:0.0016s ]
SQL: SELECT * FROM `tpshop_cart` WHERE `user_id` = 8  [ RunTime:0.0003s ]

