[ 2017-08-22T15:17:01+08:00 ] 127.0.0.1 /index.php/Home/Cart/cart
ERR: Think\Model:getAllCart方法不存在！

[ 2017-08-22T15:17:56+08:00 ] 127.0.0.1 /index.php/Home/Cart/cart
ERR: Think\Model:getAllCart方法不存在！

[ 2017-08-22T15:18:22+08:00 ] 127.0.0.1 /index.php/Home/Cart/cart
ERR: Think\Model:getAllCart方法不存在！

[ 2017-08-22T15:19:13+08:00 ] 127.0.0.1 /index.php/Home/Cart/cart
ERR: Think\Model:getAllCart方法不存在！

[ 2017-08-22T15:20:23+08:00 ] 127.0.0.1 /index.php/Home/Cart/cart
ERR: Think\Model:getAllCart方法不存在！

[ 2017-08-22T15:22:54+08:00 ] 127.0.0.1 /index.php/Home/Home/Cart/addcart
ERR: 无法加载控制器:Home

[ 2017-08-22T15:23:21+08:00 ] 127.0.0.1 /index.php/Home/Home/Cart/addcart
ERR: 无法加载控制器:Home

[ 2017-08-22T15:23:24+08:00 ] 127.0.0.1 /index.php/Home/Home/Cart/addcart
ERR: 无法加载控制器:Home

[ 2017-08-22T15:23:33+08:00 ] 127.0.0.1 /index.php/Home/Cart/Public/Home/css/sustyle.css
ERR: 非法操作:Public

[ 2017-08-22T15:23:33+08:00 ] 127.0.0.1 /index.php/Home/Cart/Public/Home/css/amazeui.css
ERR: 非法操作:Public

[ 2017-08-22T15:23:33+08:00 ] 127.0.0.1 /index.php/Home/Cart/Public/Home/css/admin.css
ERR: 非法操作:Public

[ 2017-08-22T15:23:33+08:00 ] 127.0.0.1 /index.php/Home/Cart/Public/Home/css/demo.css
ERR: 非法操作:Public

[ 2017-08-22T15:23:33+08:00 ] 127.0.0.1 /index.php/Home/Cart/Public/Home/js/jquery.min.js
ERR: 非法操作:Public

[ 2017-08-22T15:23:33+08:00 ] 127.0.0.1 /index.php/Home/Cart/Public/Home/css/admin.css
ERR: 非法操作:Public

[ 2017-08-22T15:23:33+08:00 ] 127.0.0.1 /index.php/Home/Cart/Public/Home/css/amazeui.css
ERR: 非法操作:Public

[ 2017-08-22T15:23:33+08:00 ] 127.0.0.1 /index.php/Home/Cart/Public/Home/css/sustyle.css
ERR: 非法操作:Public

[ 2017-08-22T15:23:33+08:00 ] 127.0.0.1 /index.php/Home/Cart/Public/Home/js/jquery.min.js
ERR: 非法操作:Public

[ 2017-08-22T15:23:33+08:00 ] 127.0.0.1 /index.php/Home/Cart/Public/Home/css/demo.css
ERR: 非法操作:Public

[ 2017-08-22T15:24:56+08:00 ] 127.0.0.1 /index.php/Home/Cart/Public/Home/css/amazeui.css
ERR: 非法操作:Public

[ 2017-08-22T15:24:56+08:00 ] 127.0.0.1 /index.php/Home/Cart/Public/Home/css/admin.css
ERR: 非法操作:Public

[ 2017-08-22T15:24:56+08:00 ] 127.0.0.1 /index.php/Home/Cart/Public/Home/css/sustyle.css
ERR: 非法操作:Public

[ 2017-08-22T15:24:56+08:00 ] 127.0.0.1 /index.php/Home/Cart/Public/Home/css/demo.css
ERR: 非法操作:Public

[ 2017-08-22T15:24:56+08:00 ] 127.0.0.1 /index.php/Home/Cart/Public/Home/js/jquery.min.js
ERR: 非法操作:Public

[ 2017-08-22T15:24:56+08:00 ] 127.0.0.1 /index.php/Home/Cart/Public/Home/css/amazeui.css
ERR: 非法操作:Public

[ 2017-08-22T15:24:56+08:00 ] 127.0.0.1 /index.php/Home/Cart/Public/Home/css/demo.css
ERR: 非法操作:Public

[ 2017-08-22T15:24:56+08:00 ] 127.0.0.1 /index.php/Home/Cart/Public/Home/css/admin.css
ERR: 非法操作:Public

[ 2017-08-22T15:24:56+08:00 ] 127.0.0.1 /index.php/Home/Cart/Public/Home/js/jquery.min.js
ERR: 非法操作:Public

[ 2017-08-22T15:24:56+08:00 ] 127.0.0.1 /index.php/Home/Cart/Public/Home/css/sustyle.css
ERR: 非法操作:Public

[ 2017-08-22T15:25:19+08:00 ] 127.0.0.1 /index.php/Home/Cart/Public/Home/css/amazeui.css
ERR: 非法操作:Public

[ 2017-08-22T15:25:19+08:00 ] 127.0.0.1 /index.php/Home/Cart/Public/Home/css/demo.css
ERR: 非法操作:Public

[ 2017-08-22T15:25:19+08:00 ] 127.0.0.1 /index.php/Home/Cart/Public/Home/css/admin.css
ERR: 非法操作:Public

[ 2017-08-22T15:25:19+08:00 ] 127.0.0.1 /index.php/Home/Cart/Public/Home/css/sustyle.css
ERR: 非法操作:Public

[ 2017-08-22T15:25:19+08:00 ] 127.0.0.1 /index.php/Home/Cart/Public/Home/js/jquery.min.js
ERR: 非法操作:Public

[ 2017-08-22T15:35:17+08:00 ] 127.0.0.1 /index.php/Home/Index/cart/goods_id/43
ERR: 非法操作:cart

[ 2017-08-22T15:35:27+08:00 ] 127.0.0.1 /index.php/Home/Index/cart/goods_id/43
ERR: 非法操作:cart

[ 2017-08-22T18:37:04+08:00 ] 127.0.0.1 /index.php/Home/Home/Cart/cart
ERR: 无法加载控制器:Home

[ 2017-08-22T18:37:24+08:00 ] 127.0.0.1 /index.php/Home/Cart/cart
ERR: Think\Model:getAllCart方法不存在！

[ 2017-08-22T18:37:52+08:00 ] 127.0.0.1 /index.php/Home/Cart/cart
ERR: Think\Model:getAllCart方法不存在！

[ 2017-08-22T19:56:37+08:00 ] 127.0.0.1 /index.php/Home/Cart/Public/Home/css/sustyle.css
ERR: 非法操作:Public

[ 2017-08-22T19:56:37+08:00 ] 127.0.0.1 /index.php/Home/Cart/Public/Home/css/sustyle.css
ERR: 非法操作:Public

[ 2017-08-22T20:00:36+08:00 ] 127.0.0.1 /index.php/Home/Cart/cart/goods_id/82
ERR: Think\Model:getAllCart方法不存在！

[ 2017-08-22T20:24:38+08:00 ] 127.0.0.1 /index.php/Home/Cart/ajaxgetnum
INFO: [ app_begin ] --START--
INFO: Run Behavior\ReadHtmlCacheBehavior [ RunTime:0.001045s ]
INFO: [ app_begin ] --END-- [ RunTime:0.001590s ]
ERR: 非法操作:ajaxgetnum

[ 2017-08-22T20:25:24+08:00 ] 127.0.0.1 /index.php/Home/Cart/ajaxgetnum
INFO: [ app_begin ] --START--
INFO: Run Behavior\ReadHtmlCacheBehavior [ RunTime:0.001021s ]
INFO: [ app_begin ] --END-- [ RunTime:0.001539s ]
ERR: 非法操作:ajaxgetnum

[ 2017-08-22T20:25:32+08:00 ] 127.0.0.1 /index.php/Home/Cart/ajaxgetnum
INFO: [ app_begin ] --START--
INFO: Run Behavior\ReadHtmlCacheBehavior [ RunTime:0.000675s ]
INFO: [ app_begin ] --END-- [ RunTime:0.001028s ]
ERR: 非法操作:ajaxgetnum

[ 2017-08-22T20:39:12+08:00 ] 127.0.0.1 /index.php/Home/Cart/addcart
ERR: 1146:Table 'tpshop.c' doesn't exist
 [ SQL语句 ] : REPLACE INTO `C` () VALUES ()

[ 2017-08-22T20:42:56+08:00 ] 127.0.0.1 /index.php/Home/Cart/ajaxgetnum
INFO: [ app_begin ] --START--
INFO: Run Behavior\ReadHtmlCacheBehavior [ RunTime:0.000781s ]
INFO: [ app_begin ] --END-- [ RunTime:0.001166s ]
ERR: 非法操作:ajaxgetnum

[ 2017-08-22T20:44:00+08:00 ] 127.0.0.1 /index.php/Home/Cart/ajaxgetnum
INFO: [ app_begin ] --START--
INFO: Run Behavior\ReadHtmlCacheBehavior [ RunTime:0.000920s ]
INFO: [ app_begin ] --END-- [ RunTime:0.001375s ]
ERR: 非法操作:ajaxgetnum

[ 2017-08-22T20:44:05+08:00 ] 127.0.0.1 /index.php/Home/Cart/ajaxgetnum
INFO: [ app_begin ] --START--
INFO: Run Behavior\ReadHtmlCacheBehavior [ RunTime:0.000865s ]
INFO: [ app_begin ] --END-- [ RunTime:0.001417s ]
ERR: 非法操作:ajaxgetnum

[ 2017-08-22T20:46:20+08:00 ] 127.0.0.1 /index.php/Home/Cart/ajaxgetnum
INFO: [ app_begin ] --START--
INFO: Run Behavior\ReadHtmlCacheBehavior [ RunTime:0.000679s ]
INFO: [ app_begin ] --END-- [ RunTime:0.001117s ]
ERR: 非法操作:ajaxgetnum

[ 2017-08-22T20:46:21+08:00 ] 127.0.0.1 /index.php/Home/Cart/ajaxgetnum
INFO: [ app_begin ] --START--
INFO: Run Behavior\ReadHtmlCacheBehavior [ RunTime:0.000656s ]
INFO: [ app_begin ] --END-- [ RunTime:0.001052s ]
ERR: 非法操作:ajaxgetnum

[ 2017-08-22T20:46:24+08:00 ] 127.0.0.1 /index.php/Home/Cart/ajaxgetnum
INFO: [ app_begin ] --START--
INFO: Run Behavior\ReadHtmlCacheBehavior [ RunTime:0.000737s ]
INFO: [ app_begin ] --END-- [ RunTime:0.001234s ]
ERR: 非法操作:ajaxgetnum

[ 2017-08-22T20:46:43+08:00 ] 127.0.0.1 /index.php/Home/Cart/addcart
ERR: Think\Model:addCart方法不存在！

[ 2017-08-22T20:47:16+08:00 ] 127.0.0.1 /index.php/Home/Cart/ajaxgetnum
INFO: [ app_begin ] --START--
INFO: Run Behavior\ReadHtmlCacheBehavior [ RunTime:0.001151s ]
INFO: [ app_begin ] --END-- [ RunTime:0.001786s ]
ERR: 非法操作:ajaxgetnum

[ 2017-08-22T20:47:22+08:00 ] 127.0.0.1 /index.php/Home/Cart/ajaxgetnum
INFO: [ app_begin ] --START--
INFO: Run Behavior\ReadHtmlCacheBehavior [ RunTime:0.000626s ]
INFO: [ app_begin ] --END-- [ RunTime:0.000940s ]
ERR: 非法操作:ajaxgetnum

[ 2017-08-22T20:47:34+08:00 ] 127.0.0.1 /index.php/Home/Cart/ajaxgetnum
INFO: [ app_begin ] --START--
INFO: Run Behavior\ReadHtmlCacheBehavior [ RunTime:0.000868s ]
INFO: [ app_begin ] --END-- [ RunTime:0.001242s ]
ERR: 非法操作:ajaxgetnum

[ 2017-08-22T20:47:38+08:00 ] 127.0.0.1 /index.php/Home/Cart/ajaxgetnum
INFO: [ app_begin ] --START--
INFO: Run Behavior\ReadHtmlCacheBehavior [ RunTime:0.001052s ]
INFO: [ app_begin ] --END-- [ RunTime:0.001624s ]
ERR: 非法操作:ajaxgetnum

[ 2017-08-22T20:47:45+08:00 ] 127.0.0.1 /index.php/Home/Cart/ajaxgetnum
INFO: [ app_begin ] --START--
INFO: Run Behavior\ReadHtmlCacheBehavior [ RunTime:0.001009s ]
INFO: [ app_begin ] --END-- [ RunTime:0.001610s ]
ERR: 非法操作:ajaxgetnum

[ 2017-08-22T20:49:34+08:00 ] 127.0.0.1 /index.php/Home/Index/detial/id/82
ERR: 非法操作:detial

[ 2017-08-22T20:49:39+08:00 ] 127.0.0.1 /index.php/Home/Cart/ajaxgetnum
INFO: [ app_begin ] --START--
INFO: Run Behavior\ReadHtmlCacheBehavior [ RunTime:0.000679s ]
INFO: [ app_begin ] --END-- [ RunTime:0.001112s ]
ERR: 非法操作:ajaxgetnum

[ 2017-08-22T20:49:53+08:00 ] 127.0.0.1 /index.php/Home/Cart/ajaxgetnum
INFO: [ app_begin ] --START--
INFO: Run Behavior\ReadHtmlCacheBehavior [ RunTime:0.000647s ]
INFO: [ app_begin ] --END-- [ RunTime:0.001008s ]
ERR: 非法操作:ajaxgetnum

[ 2017-08-22T20:49:55+08:00 ] 127.0.0.1 /index.php/Home/Cart/ajaxgetnum
INFO: [ app_begin ] --START--
INFO: Run Behavior\ReadHtmlCacheBehavior [ RunTime:0.001075s ]
INFO: [ app_begin ] --END-- [ RunTime:0.001593s ]
ERR: 非法操作:ajaxgetnum

[ 2017-08-22T20:49:56+08:00 ] 127.0.0.1 /index.php/Home/Cart/ajaxgetnum
INFO: [ app_begin ] --START--
INFO: Run Behavior\ReadHtmlCacheBehavior [ RunTime:0.000662s ]
INFO: [ app_begin ] --END-- [ RunTime:0.001019s ]
ERR: 非法操作:ajaxgetnum

[ 2017-08-22T20:50:06+08:00 ] 127.0.0.1 /index.php/Home/Cart/ajaxgetnum
INFO: [ app_begin ] --START--
INFO: Run Behavior\ReadHtmlCacheBehavior [ RunTime:0.001071s ]
INFO: [ app_begin ] --END-- [ RunTime:0.001672s ]
ERR: 非法操作:ajaxgetnum

[ 2017-08-22T20:50:12+08:00 ] 127.0.0.1 /index.php/Home/Cart/ajaxgetnum
INFO: [ app_begin ] --START--
INFO: Run Behavior\ReadHtmlCacheBehavior [ RunTime:0.000659s ]
INFO: [ app_begin ] --END-- [ RunTime:0.001035s ]
ERR: 非法操作:ajaxgetnum

[ 2017-08-22T20:52:10+08:00 ] 127.0.0.1 /index.php/Home/Cart/ajaxgetnum
INFO: [ app_begin ] --START--
INFO: Run Behavior\ReadHtmlCacheBehavior [ RunTime:0.000727s ]
INFO: [ app_begin ] --END-- [ RunTime:0.001082s ]
ERR: 非法操作:ajaxgetnum

[ 2017-08-22T20:52:13+08:00 ] 127.0.0.1 /index.php/Home/Cart/ajaxgetnum
INFO: [ app_begin ] --START--
INFO: Run Behavior\ReadHtmlCacheBehavior [ RunTime:0.001129s ]
INFO: [ app_begin ] --END-- [ RunTime:0.001583s ]
ERR: 非法操作:ajaxgetnum

[ 2017-08-22T20:52:14+08:00 ] 127.0.0.1 /index.php/Home/Cart/ajaxgetnum
INFO: [ app_begin ] --START--
INFO: Run Behavior\ReadHtmlCacheBehavior [ RunTime:0.000618s ]
INFO: [ app_begin ] --END-- [ RunTime:0.000969s ]
ERR: 非法操作:ajaxgetnum

[ 2017-08-22T20:52:16+08:00 ] 127.0.0.1 /index.php/Home/Cart/cart
ERR: 1064:You have an error in your SQL syntax; check the manual that corresponds to your MySQL server version for the right syntax to use near 't2.attr_name FROM tpshop_goods_attr t1 left join tpshop_attrbute t2 on t1.attr_i' at line 1
 [ SQL语句 ] : SELECT t1.*t2.attr_name FROM tpshop_goods_attr t1 left join tpshop_attrbute t2 on t1.attr_id = t2.attr_id  WHERE ( t1.id in (31,33,37) ) 

[ 2017-08-22T20:52:24+08:00 ] 127.0.0.1 /index.php/Home/Cart/ajaxgetnum
INFO: [ app_begin ] --START--
INFO: Run Behavior\ReadHtmlCacheBehavior [ RunTime:0.000643s ]
INFO: [ app_begin ] --END-- [ RunTime:0.000986s ]
ERR: 非法操作:ajaxgetnum

[ 2017-08-22T20:53:13+08:00 ] 127.0.0.1 /index.php/Home/Cart/ajaxgetnum
INFO: [ app_begin ] --START--
INFO: Run Behavior\ReadHtmlCacheBehavior [ RunTime:0.000630s ]
INFO: [ app_begin ] --END-- [ RunTime:0.000929s ]
ERR: 非法操作:ajaxgetnum

[ 2017-08-22T20:53:15+08:00 ] 127.0.0.1 /index.php/Home/Cart/ajaxgetnum
INFO: [ app_begin ] --START--
INFO: Run Behavior\ReadHtmlCacheBehavior [ RunTime:0.000684s ]
INFO: [ app_begin ] --END-- [ RunTime:0.001190s ]
ERR: 非法操作:ajaxgetnum

[ 2017-08-22T20:53:17+08:00 ] 127.0.0.1 /index.php/Home/Cart/ajaxgetnum
INFO: [ app_begin ] --START--
INFO: Run Behavior\ReadHtmlCacheBehavior [ RunTime:0.000867s ]
INFO: [ app_begin ] --END-- [ RunTime:0.001367s ]
ERR: 非法操作:ajaxgetnum

[ 2017-08-22T20:53:19+08:00 ] 127.0.0.1 /index.php/Home/Cart/ajaxgetnum
INFO: [ app_begin ] --START--
INFO: Run Behavior\ReadHtmlCacheBehavior [ RunTime:0.000994s ]
INFO: [ app_begin ] --END-- [ RunTime:0.001540s ]
ERR: 非法操作:ajaxgetnum

[ 2017-08-22T20:53:37+08:00 ] 127.0.0.1 /index.php/Home/Cart/ajaxgetnum
INFO: [ app_begin ] --START--
INFO: Run Behavior\ReadHtmlCacheBehavior [ RunTime:0.001155s ]
INFO: [ app_begin ] --END-- [ RunTime:0.001812s ]
ERR: 非法操作:ajaxgetnum

[ 2017-08-22T20:53:40+08:00 ] 127.0.0.1 /index.php/Home/Cart/ajaxgetnum
INFO: [ app_begin ] --START--
INFO: Run Behavior\ReadHtmlCacheBehavior [ RunTime:0.001181s ]
INFO: [ app_begin ] --END-- [ RunTime:0.001560s ]
ERR: 非法操作:ajaxgetnum

[ 2017-08-22T20:53:43+08:00 ] 127.0.0.1 /index.php/Home/Cart/ajaxgetnum
INFO: [ app_begin ] --START--
INFO: Run Behavior\ReadHtmlCacheBehavior [ RunTime:0.000650s ]
INFO: [ app_begin ] --END-- [ RunTime:0.000984s ]
ERR: 非法操作:ajaxgetnum

[ 2017-08-22T20:53:49+08:00 ] 127.0.0.1 /index.php/Home/Cart/ajaxgetnum
INFO: [ app_begin ] --START--
INFO: Run Behavior\ReadHtmlCacheBehavior [ RunTime:0.000675s ]
INFO: [ app_begin ] --END-- [ RunTime:0.001041s ]
ERR: 非法操作:ajaxgetnum

[ 2017-08-22T20:54:08+08:00 ] 127.0.0.1 /index.php/Home/Cart/ajaxgetnum
INFO: [ app_begin ] --START--
INFO: Run Behavior\ReadHtmlCacheBehavior [ RunTime:0.001095s ]
INFO: [ app_begin ] --END-- [ RunTime:0.001665s ]
ERR: 非法操作:ajaxgetnum

[ 2017-08-22T20:54:10+08:00 ] 127.0.0.1 /index.php/Home/Cart/ajaxgetnum
INFO: [ app_begin ] --START--
INFO: Run Behavior\ReadHtmlCacheBehavior [ RunTime:0.001074s ]
INFO: [ app_begin ] --END-- [ RunTime:0.001510s ]
ERR: 非法操作:ajaxgetnum

[ 2017-08-22T20:54:16+08:00 ] 127.0.0.1 /index.php/Home/Cart/ajaxgetnum
INFO: [ app_begin ] --START--
INFO: Run Behavior\ReadHtmlCacheBehavior [ RunTime:0.001198s ]
INFO: [ app_begin ] --END-- [ RunTime:0.001807s ]
ERR: 非法操作:ajaxgetnum

[ 2017-08-22T20:54:47+08:00 ] 127.0.0.1 /index.php/Home/Cart/ajaxgetnum
INFO: [ app_begin ] --START--
INFO: Run Behavior\ReadHtmlCacheBehavior [ RunTime:0.000912s ]
INFO: [ app_begin ] --END-- [ RunTime:0.001311s ]
ERR: 非法操作:ajaxgetnum

[ 2017-08-22T20:54:50+08:00 ] 127.0.0.1 /index.php/Home/Cart/ajaxgetnum
INFO: [ app_begin ] --START--
INFO: Run Behavior\ReadHtmlCacheBehavior [ RunTime:0.000625s ]
INFO: [ app_begin ] --END-- [ RunTime:0.001099s ]
ERR: 非法操作:ajaxgetnum

[ 2017-08-22T20:55:00+08:00 ] 127.0.0.1 /index.php/Home/Cart/ajaxgetnum
INFO: [ app_begin ] --START--
INFO: Run Behavior\ReadHtmlCacheBehavior [ RunTime:0.000954s ]
INFO: [ app_begin ] --END-- [ RunTime:0.001546s ]
ERR: 非法操作:ajaxgetnum

[ 2017-08-22T20:55:05+08:00 ] 127.0.0.1 /index.php/Home/Cart/ajaxgetnum
INFO: [ app_begin ] --START--
INFO: Run Behavior\ReadHtmlCacheBehavior [ RunTime:0.000994s ]
INFO: [ app_begin ] --END-- [ RunTime:0.001509s ]
ERR: 非法操作:ajaxgetnum

[ 2017-08-22T20:55:14+08:00 ] 127.0.0.1 /index.php/Home/Cart/ajaxgetnum
INFO: [ app_begin ] --START--
INFO: Run Behavior\ReadHtmlCacheBehavior [ RunTime:0.000780s ]
INFO: [ app_begin ] --END-- [ RunTime:0.001143s ]
ERR: 非法操作:ajaxgetnum

[ 2017-08-22T20:55:20+08:00 ] 127.0.0.1 /index.php/Home/Cart/ajaxgetnum
INFO: [ app_begin ] --START--
INFO: Run Behavior\ReadHtmlCacheBehavior [ RunTime:0.001158s ]
INFO: [ app_begin ] --END-- [ RunTime:0.001654s ]
ERR: 非法操作:ajaxgetnum

[ 2017-08-22T20:55:26+08:00 ] 127.0.0.1 /index.php/Home/Cart/ajaxgetnum
INFO: [ app_begin ] --START--
INFO: Run Behavior\ReadHtmlCacheBehavior [ RunTime:0.000648s ]
INFO: [ app_begin ] --END-- [ RunTime:0.000969s ]
ERR: 非法操作:ajaxgetnum

[ 2017-08-22T20:56:32+08:00 ] 127.0.0.1 /index.php/Home/Cart/ajaxgetnum
INFO: [ app_begin ] --START--
INFO: Run Behavior\ReadHtmlCacheBehavior [ RunTime:0.000859s ]
INFO: [ app_begin ] --END-- [ RunTime:0.001348s ]
ERR: 非法操作:ajaxgetnum

[ 2017-08-22T20:56:42+08:00 ] 127.0.0.1 /index.php/Home/Cart/ajaxgetnum
INFO: [ app_begin ] --START--
INFO: Run Behavior\ReadHtmlCacheBehavior [ RunTime:0.001025s ]
INFO: [ app_begin ] --END-- [ RunTime:0.001547s ]
ERR: 非法操作:ajaxgetnum

[ 2017-08-22T20:56:46+08:00 ] 127.0.0.1 /index.php/Home/Cart/ajaxgetnum
INFO: [ app_begin ] --START--
INFO: Run Behavior\ReadHtmlCacheBehavior [ RunTime:0.001178s ]
INFO: [ app_begin ] --END-- [ RunTime:0.001794s ]
ERR: 非法操作:ajaxgetnum

[ 2017-08-22T21:05:05+08:00 ] 127.0.0.1 /index.php/Home/Cart/cart
ERR: 1064:You have an error in your SQL syntax; check the manual that corresponds to your MySQL server version for the right syntax to use near 't2.attr_name FROM tpshop_goods_attr t1 left join tpshop_attrbute t2 on t1.attr_i' at line 1
 [ SQL语句 ] : SELECT t1.*t2.attr_name FROM tpshop_goods_attr t1 left join tpshop_attrbute t2 on t1.attr_id = t2.attr_id  WHERE ( t1.id in (31,33,36) ) 

[ 2017-08-22T21:06:22+08:00 ] 127.0.0.1 /index.php/Home/Cart/ajaxgetnum
INFO: [ app_begin ] --START--
INFO: Run Behavior\ReadHtmlCacheBehavior [ RunTime:0.000634s ]
INFO: [ app_begin ] --END-- [ RunTime:0.000941s ]
ERR: 非法操作:ajaxgetnum

[ 2017-08-22T21:07:30+08:00 ] 127.0.0.1 /index.php/Home/Cart/ajaxgetnum
INFO: [ app_begin ] --START--
INFO: Run Behavior\ReadHtmlCacheBehavior [ RunTime:0.002245s ]
INFO: [ app_begin ] --END-- [ RunTime:0.003116s ]
ERR: 非法操作:ajaxgetnum

[ 2017-08-22T21:07:32+08:00 ] 127.0.0.1 /index.php/Home/Cart/ajaxgetnum
INFO: [ app_begin ] --START--
INFO: Run Behavior\ReadHtmlCacheBehavior [ RunTime:0.000658s ]
INFO: [ app_begin ] --END-- [ RunTime:0.001029s ]
ERR: 非法操作:ajaxgetnum

[ 2017-08-22T21:07:36+08:00 ] 127.0.0.1 /index.php/Home/Cart/ajaxgetnum
INFO: [ app_begin ] --START--
INFO: Run Behavior\ReadHtmlCacheBehavior [ RunTime:0.001024s ]
INFO: [ app_begin ] --END-- [ RunTime:0.001621s ]
ERR: 非法操作:ajaxgetnum

[ 2017-08-22T21:24:57+08:00 ] 127.0.0.1 /index.php/Home/Cart/ajaxgetnum
INFO: [ app_begin ] --START--
INFO: Run Behavior\ReadHtmlCacheBehavior [ RunTime:0.001049s ]
INFO: [ app_begin ] --END-- [ RunTime:0.001636s ]
ERR: 非法操作:ajaxgetnum

[ 2017-08-22T21:25:01+08:00 ] 127.0.0.1 /index.php/Home/Cart/ajaxgetnum
INFO: [ app_begin ] --START--
INFO: Run Behavior\ReadHtmlCacheBehavior [ RunTime:0.000668s ]
INFO: [ app_begin ] --END-- [ RunTime:0.001027s ]
ERR: 非法操作:ajaxgetnum

[ 2017-08-22T21:28:43+08:00 ] 127.0.0.1 /index.php/Home/Cart/ajaxgetnum
INFO: [ app_begin ] --START--
INFO: Run Behavior\ReadHtmlCacheBehavior [ RunTime:0.000647s ]
INFO: [ app_begin ] --END-- [ RunTime:0.000958s ]
ERR: 非法操作:ajaxgetnum

[ 2017-08-22T21:29:00+08:00 ] 127.0.0.1 /index.php/Home/Cart/ajaxgetnum
INFO: [ app_begin ] --START--
INFO: Run Behavior\ReadHtmlCacheBehavior [ RunTime:0.000657s ]
INFO: [ app_begin ] --END-- [ RunTime:0.001027s ]
ERR: 非法操作:ajaxgetnum

[ 2017-08-22T21:37:55+08:00 ] 127.0.0.1 /index.php/Home/Cart/ajaxgetnum
INFO: [ app_begin ] --START--
INFO: Run Behavior\ReadHtmlCacheBehavior [ RunTime:0.000823s ]
INFO: [ app_begin ] --END-- [ RunTime:0.001207s ]
SQL: SHOW COLUMNS FROM `tpshop_cart` [ RunTime:0.0025s ]
SQL: SELECT * FROM `tpshop_cart` WHERE `user_id` = 8  [ RunTime:0.0003s ]

[ 2017-08-22T21:38:01+08:00 ] 127.0.0.1 /index.php/Home/Cart/ajaxgetnum
INFO: [ app_begin ] --START--
INFO: Run Behavior\ReadHtmlCacheBehavior [ RunTime:0.000951s ]
INFO: [ app_begin ] --END-- [ RunTime:0.001484s ]
SQL: SHOW COLUMNS FROM `tpshop_cart` [ RunTime:0.0032s ]
SQL: SELECT * FROM `tpshop_cart` WHERE `user_id` = 8  [ RunTime:0.0005s ]

[ 2017-08-22T21:38:04+08:00 ] 127.0.0.1 /index.php/Home/Cart/ajaxgetnum
INFO: [ app_begin ] --START--
INFO: Run Behavior\ReadHtmlCacheBehavior [ RunTime:0.000636s ]
INFO: [ app_begin ] --END-- [ RunTime:0.000958s ]
SQL: SHOW COLUMNS FROM `tpshop_cart` [ RunTime:0.0019s ]
SQL: SELECT * FROM `tpshop_cart` WHERE `user_id` = 8  [ RunTime:0.0003s ]

[ 2017-08-22T21:38:56+08:00 ] 127.0.0.1 /index.php/Home/Cart/ajaxgetnum
INFO: [ app_begin ] --START--
INFO: Run Behavior\ReadHtmlCacheBehavior [ RunTime:0.000674s ]
INFO: [ app_begin ] --END-- [ RunTime:0.001100s ]
SQL: SHOW COLUMNS FROM `tpshop_cart` [ RunTime:0.0015s ]
SQL: SELECT * FROM `tpshop_cart` WHERE `user_id` = 8  [ RunTime:0.0003s ]

[ 2017-08-22T21:38:59+08:00 ] 127.0.0.1 /index.php/Home/Cart/ajaxgetnum
INFO: [ app_begin ] --START--
INFO: Run Behavior\ReadHtmlCacheBehavior [ RunTime:0.000636s ]
INFO: [ app_begin ] --END-- [ RunTime:0.001125s ]
SQL: SHOW COLUMNS FROM `tpshop_cart` [ RunTime:0.0014s ]
SQL: SELECT * FROM `tpshop_cart` WHERE `user_id` = 8  [ RunTime:0.0003s ]

[ 2017-08-22T21:39:06+08:00 ] 127.0.0.1 /index.php/Home/Cart/ajaxgetnum
INFO: [ app_begin ] --START--
INFO: Run Behavior\ReadHtmlCacheBehavior [ RunTime:0.000632s ]
INFO: [ app_begin ] --END-- [ RunTime:0.000956s ]
SQL: SHOW COLUMNS FROM `tpshop_cart` [ RunTime:0.0023s ]
SQL: SELECT * FROM `tpshop_cart` WHERE `user_id` = 8  [ RunTime:0.0003s ]

[ 2017-08-22T21:50:20+08:00 ] 127.0.0.1 /index.php/Home/Cart/ajaxgetnum
INFO: [ app_begin ] --START--
INFO: Run Behavior\ReadHtmlCacheBehavior [ RunTime:0.000657s ]
INFO: [ app_begin ] --END-- [ RunTime:0.000982s ]
SQL: SHOW COLUMNS FROM `tpshop_cart` [ RunTime:0.0018s ]
SQL: SELECT * FROM `tpshop_cart` WHERE `user_id` = 8  [ RunTime:0.0003s ]

[ 2017-08-22T21:50:48+08:00 ] 127.0.0.1 /index.php/Home/Cart/ajaxgetnum
INFO: [ app_begin ] --START--
INFO: Run Behavior\ReadHtmlCacheBehavior [ RunTime:0.000629s ]
INFO: [ app_begin ] --END-- [ RunTime:0.000949s ]
SQL: SHOW COLUMNS FROM `tpshop_cart` [ RunTime:0.0045s ]
SQL: SELECT * FROM `tpshop_cart` WHERE `user_id` = 8  [ RunTime:0.0005s ]

[ 2017-08-22T22:24:15+08:00 ] 127.0.0.1 /index.php/Home/Cart/ajaxgetnum
INFO: [ app_begin ] --START--
INFO: Run Behavior\ReadHtmlCacheBehavior [ RunTime:0.000852s ]
INFO: [ app_begin ] --END-- [ RunTime:0.001401s ]
SQL: SHOW COLUMNS FROM `tpshop_cart` [ RunTime:0.0034s ]
NOTIC: [8] Undefined variable: return E:\php\tpshop\Application\Home\Model\CartModel.class.php 第 69 行.
NOTIC: [2] Invalid argument supplied for foreach() E:\php\tpshop\Application\Home\Model\CartModel.class.php 第 77 行.

[ 2017-08-22T22:24:19+08:00 ] 127.0.0.1 /index.php/Home/Cart/ajaxgetnum
INFO: [ app_begin ] --START--
INFO: Run Behavior\ReadHtmlCacheBehavior [ RunTime:0.001006s ]
INFO: [ app_begin ] --END-- [ RunTime:0.001529s ]
SQL: SHOW COLUMNS FROM `tpshop_cart` [ RunTime:0.0014s ]
NOTIC: [8] Undefined variable: return E:\php\tpshop\Application\Home\Model\CartModel.class.php 第 69 行.
NOTIC: [2] Invalid argument supplied for foreach() E:\php\tpshop\Application\Home\Model\CartModel.class.php 第 77 行.

[ 2017-08-22T22:24:26+08:00 ] 127.0.0.1 /index.php/Home/Cart/ajaxgetnum
INFO: [ app_begin ] --START--
INFO: Run Behavior\ReadHtmlCacheBehavior [ RunTime:0.001104s ]
INFO: [ app_begin ] --END-- [ RunTime:0.001682s ]
SQL: SHOW COLUMNS FROM `tpshop_cart` [ RunTime:0.0040s ]
NOTIC: [8] Undefined variable: return E:\php\tpshop\Application\Home\Model\CartModel.class.php 第 69 行.
NOTIC: [2] Invalid argument supplied for foreach() E:\php\tpshop\Application\Home\Model\CartModel.class.php 第 77 行.

[ 2017-08-22T22:24:30+08:00 ] 127.0.0.1 /index.php/Home/Cart/ajaxgetnum
INFO: [ app_begin ] --START--
INFO: Run Behavior\ReadHtmlCacheBehavior [ RunTime:0.000859s ]
INFO: [ app_begin ] --END-- [ RunTime:0.001407s ]
SQL: SHOW COLUMNS FROM `tpshop_cart` [ RunTime:0.0036s ]
NOTIC: [8] Undefined variable: return E:\php\tpshop\Application\Home\Model\CartModel.class.php 第 69 行.
NOTIC: [2] Invalid argument supplied for foreach() E:\php\tpshop\Application\Home\Model\CartModel.class.php 第 77 行.

[ 2017-08-22T22:24:37+08:00 ] 127.0.0.1 /index.php/Home/Cart/ajaxgetnum
INFO: [ app_begin ] --START--
INFO: Run Behavior\ReadHtmlCacheBehavior [ RunTime:0.000594s ]
INFO: [ app_begin ] --END-- [ RunTime:0.000905s ]
SQL: SHOW COLUMNS FROM `tpshop_cart` [ RunTime:0.0045s ]

[ 2017-08-22T22:24:40+08:00 ] 127.0.0.1 /index.php/Home/Cart/ajaxgetnum
INFO: [ app_begin ] --START--
INFO: Run Behavior\ReadHtmlCacheBehavior [ RunTime:0.000841s ]
INFO: [ app_begin ] --END-- [ RunTime:0.001362s ]
SQL: SHOW COLUMNS FROM `tpshop_cart` [ RunTime:0.0045s ]

[ 2017-08-22T22:24:44+08:00 ] 127.0.0.1 /index.php/Home/Cart/ajaxgetnum
INFO: [ app_begin ] --START--
INFO: Run Behavior\ReadHtmlCacheBehavior [ RunTime:0.000595s ]
INFO: [ app_begin ] --END-- [ RunTime:0.000905s ]
SQL: SHOW COLUMNS FROM `tpshop_cart` [ RunTime:0.0017s ]

[ 2017-08-22T22:24:51+08:00 ] 127.0.0.1 /index.php/Home/Cart/ajaxchangenum
INFO: [ app_begin ] --START--
INFO: Run Behavior\ReadHtmlCacheBehavior [ RunTime:0.000993s ]
INFO: [ app_begin ] --END-- [ RunTime:0.001441s ]
NOTIC: [8] Undefined index: goods_attr_ids E:\php\tpshop\Application\Home\Controller\CartController.class.php 第 64 行.
ERR: Think\Controller:changeNumber方法不存在！

[ 2017-08-22T22:24:51+08:00 ] 127.0.0.1 /index.php/Home/Cart/ajaxchangenum
INFO: [ app_begin ] --START--
INFO: Run Behavior\ReadHtmlCacheBehavior [ RunTime:0.000736s ]
INFO: [ app_begin ] --END-- [ RunTime:0.001098s ]
NOTIC: [8] Undefined index: goods_attr_ids E:\php\tpshop\Application\Home\Controller\CartController.class.php 第 64 行.
ERR: Think\Controller:changeNumber方法不存在！

[ 2017-08-22T22:24:51+08:00 ] 127.0.0.1 /index.php/Home/Cart/ajaxchangenum
INFO: [ app_begin ] --START--
INFO: Run Behavior\ReadHtmlCacheBehavior [ RunTime:0.000791s ]
INFO: [ app_begin ] --END-- [ RunTime:0.001245s ]
NOTIC: [8] Undefined index: goods_attr_ids E:\php\tpshop\Application\Home\Controller\CartController.class.php 第 64 行.
ERR: Think\Controller:changeNumber方法不存在！

[ 2017-08-22T22:24:51+08:00 ] 127.0.0.1 /index.php/Home/Cart/ajaxchangenum
INFO: [ app_begin ] --START--
INFO: Run Behavior\ReadHtmlCacheBehavior [ RunTime:0.000737s ]
INFO: [ app_begin ] --END-- [ RunTime:0.001099s ]
NOTIC: [8] Undefined index: goods_attr_ids E:\php\tpshop\Application\Home\Controller\CartController.class.php 第 64 行.
ERR: Think\Controller:changeNumber方法不存在！

[ 2017-08-22T22:24:52+08:00 ] 127.0.0.1 /index.php/Home/Cart/ajaxchangenum
INFO: [ app_begin ] --START--
INFO: Run Behavior\ReadHtmlCacheBehavior [ RunTime:0.000626s ]
INFO: [ app_begin ] --END-- [ RunTime:0.000928s ]
NOTIC: [8] Undefined index: goods_attr_ids E:\php\tpshop\Application\Home\Controller\CartController.class.php 第 64 行.
ERR: Think\Controller:changeNumber方法不存在！

[ 2017-08-22T22:24:52+08:00 ] 127.0.0.1 /index.php/Home/Cart/ajaxchangenum
INFO: [ app_begin ] --START--
INFO: Run Behavior\ReadHtmlCacheBehavior [ RunTime:0.000913s ]
INFO: [ app_begin ] --END-- [ RunTime:0.001297s ]
NOTIC: [8] Undefined index: goods_attr_ids E:\php\tpshop\Application\Home\Controller\CartController.class.php 第 64 行.
ERR: Think\Controller:changeNumber方法不存在！

[ 2017-08-22T22:24:52+08:00 ] 127.0.0.1 /index.php/Home/Cart/ajaxchangenum
INFO: [ app_begin ] --START--
INFO: Run Behavior\ReadHtmlCacheBehavior [ RunTime:0.000769s ]
INFO: [ app_begin ] --END-- [ RunTime:0.001141s ]
NOTIC: [8] Undefined index: goods_attr_ids E:\php\tpshop\Application\Home\Controller\CartController.class.php 第 64 行.
ERR: Think\Controller:changeNumber方法不存在！

[ 2017-08-22T22:24:52+08:00 ] 127.0.0.1 /index.php/Home/Cart/ajaxchangenum
INFO: [ app_begin ] --START--
INFO: Run Behavior\ReadHtmlCacheBehavior [ RunTime:0.000820s ]
INFO: [ app_begin ] --END-- [ RunTime:0.001200s ]
NOTIC: [8] Undefined index: goods_attr_ids E:\php\tpshop\Application\Home\Controller\CartController.class.php 第 64 行.
ERR: Think\Controller:changeNumber方法不存在！

[ 2017-08-22T23:11:23+08:00 ] 127.0.0.1 /index.php/Home/Cart/ajaxgetnum
INFO: [ app_begin ] --START--
INFO: Run Behavior\ReadHtmlCacheBehavior [ RunTime:0.001036s ]
INFO: [ app_begin ] --END-- [ RunTime:0.001574s ]
SQL: SHOW COLUMNS FROM `tpshop_cart` [ RunTime:0.0014s ]
NOTIC: [8] Undefined variable: return E:\php\tpshop\Application\Home\Model\CartModel.class.php 第 69 行.
NOTIC: [2] Invalid argument supplied for foreach() E:\php\tpshop\Application\Home\Model\CartModel.class.php 第 77 行.

[ 2017-08-22T23:13:41+08:00 ] 127.0.0.1 /index.php/Home/Cart/ajaxgetnum
INFO: [ app_begin ] --START--
INFO: Run Behavior\ReadHtmlCacheBehavior [ RunTime:0.001105s ]
INFO: [ app_begin ] --END-- [ RunTime:0.001663s ]
SQL: SHOW COLUMNS FROM `tpshop_cart` [ RunTime:0.0032s ]
NOTIC: [8] Undefined variable: return E:\php\tpshop\Application\Home\Model\CartModel.class.php 第 69 行.
NOTIC: [2] Invalid argument supplied for foreach() E:\php\tpshop\Application\Home\Model\CartModel.class.php 第 77 行.

[ 2017-08-22T23:13:48+08:00 ] 127.0.0.1 /index.php/Home/Cart/ajaxgetnum
INFO: [ app_begin ] --START--
INFO: Run Behavior\ReadHtmlCacheBehavior [ RunTime:0.001075s ]
INFO: [ app_begin ] --END-- [ RunTime:0.001620s ]
SQL: SHOW COLUMNS FROM `tpshop_cart` [ RunTime:0.0179s ]

[ 2017-08-22T23:13:51+08:00 ] 127.0.0.1 /index.php/Home/Cart/ajaxgetnum
INFO: [ app_begin ] --START--
INFO: Run Behavior\ReadHtmlCacheBehavior [ RunTime:0.000686s ]
INFO: [ app_begin ] --END-- [ RunTime:0.001055s ]
SQL: SHOW COLUMNS FROM `tpshop_cart` [ RunTime:0.0039s ]

[ 2017-08-22T23:16:06+08:00 ] 127.0.0.1 /index.php/Home/Cart/ajaxgetnum
INFO: [ app_begin ] --START--
INFO: Run Behavior\ReadHtmlCacheBehavior [ RunTime:0.000646s ]
INFO: [ app_begin ] --END-- [ RunTime:0.001039s ]
SQL: SHOW COLUMNS FROM `tpshop_cart` [ RunTime:0.0029s ]

[ 2017-08-22T23:16:49+08:00 ] 127.0.0.1 /index.php/Home/Cart/ajaxgetnum
INFO: [ app_begin ] --START--
INFO: Run Behavior\ReadHtmlCacheBehavior [ RunTime:0.000679s ]
INFO: [ app_begin ] --END-- [ RunTime:0.001029s ]
SQL: SHOW COLUMNS FROM `tpshop_cart` [ RunTime:0.0017s ]

[ 2017-08-22T23:16:53+08:00 ] 127.0.0.1 /index.php/Home/Cart/ajaxgetnum
INFO: [ app_begin ] --START--
INFO: Run Behavior\ReadHtmlCacheBehavior [ RunTime:0.000598s ]
INFO: [ app_begin ] --END-- [ RunTime:0.000917s ]
SQL: SHOW COLUMNS FROM `tpshop_cart` [ RunTime:0.0020s ]

[ 2017-08-22T23:17:27+08:00 ] 127.0.0.1 /index.php/Home/Cart/ajaxgetnum
INFO: [ app_begin ] --START--
INFO: Run Behavior\ReadHtmlCacheBehavior [ RunTime:0.000906s ]
INFO: [ app_begin ] --END-- [ RunTime:0.001415s ]
SQL: SHOW COLUMNS FROM `tpshop_cart` [ RunTime:0.0033s ]

[ 2017-08-22T23:17:33+08:00 ] 127.0.0.1 /index.php/Home/Cart/ajaxgetnum
INFO: [ app_begin ] --START--
INFO: Run Behavior\ReadHtmlCacheBehavior [ RunTime:0.000621s ]
INFO: [ app_begin ] --END-- [ RunTime:0.000913s ]
SQL: SHOW COLUMNS FROM `tpshop_cart` [ RunTime:0.0032s ]

[ 2017-08-22T23:18:52+08:00 ] 127.0.0.1 /index.php/Home/Cart/ajaxgetnum
INFO: [ app_begin ] --START--
INFO: Run Behavior\ReadHtmlCacheBehavior [ RunTime:0.000705s ]
INFO: [ app_begin ] --END-- [ RunTime:0.001023s ]
SQL: SHOW COLUMNS FROM `tpshop_cart` [ RunTime:0.0018s ]

[ 2017-08-22T23:18:53+08:00 ] 127.0.0.1 /index.php/Home/Cart/ajaxchangenum
INFO: [ app_begin ] --START--
INFO: Run Behavior\ReadHtmlCacheBehavior [ RunTime:0.000746s ]
INFO: [ app_begin ] --END-- [ RunTime:0.001112s ]
NOTIC: [8] Undefined index: goods_attr_ids E:\php\tpshop\Application\Home\Controller\CartController.class.php 第 64 行.
ERR: Think\Controller:changeNumber方法不存在！

[ 2017-08-22T23:19:19+08:00 ] 127.0.0.1 /index.php/Home/Cart/ajaxgetnum
INFO: [ app_begin ] --START--
INFO: Run Behavior\ReadHtmlCacheBehavior [ RunTime:0.001371s ]
INFO: [ app_begin ] --END-- [ RunTime:0.001837s ]
SQL: SHOW COLUMNS FROM `tpshop_cart` [ RunTime:0.0016s ]

[ 2017-08-22T23:19:32+08:00 ] 127.0.0.1 /index.php/Home/Cart/ajaxchangenum
INFO: [ app_begin ] --START--
INFO: Run Behavior\ReadHtmlCacheBehavior [ RunTime:0.000791s ]
INFO: [ app_begin ] --END-- [ RunTime:0.001347s ]
NOTIC: [8] Undefined index: goods_attr_ids E:\php\tpshop\Application\Home\Controller\CartController.class.php 第 64 行.
ERR: Think\Controller:changeNumber方法不存在！

[ 2017-08-22T23:21:58+08:00 ] 127.0.0.1 /index.php/Home/Cart/ajaxgetnum
INFO: [ app_begin ] --START--
INFO: Run Behavior\ReadHtmlCacheBehavior [ RunTime:0.000635s ]
INFO: [ app_begin ] --END-- [ RunTime:0.000939s ]
SQL: SHOW COLUMNS FROM `tpshop_cart` [ RunTime:0.0016s ]

[ 2017-08-22T23:21:59+08:00 ] 127.0.0.1 /index.php/Home/Cart/ajaxchangenum
INFO: [ app_begin ] --START--
INFO: Run Behavior\ReadHtmlCacheBehavior [ RunTime:0.000650s ]
INFO: [ app_begin ] --END-- [ RunTime:0.001013s ]

[ 2017-08-22T23:22:16+08:00 ] 127.0.0.1 /index.php/Home/Cart/ajaxchangenum
INFO: [ app_begin ] --START--
INFO: Run Behavior\ReadHtmlCacheBehavior [ RunTime:0.000826s ]
INFO: [ app_begin ] --END-- [ RunTime:0.001245s ]

[ 2017-08-22T23:22:16+08:00 ] 127.0.0.1 /index.php/Home/Cart/ajaxchangenum
INFO: [ app_begin ] --START--
INFO: Run Behavior\ReadHtmlCacheBehavior [ RunTime:0.000741s ]
INFO: [ app_begin ] --END-- [ RunTime:0.001124s ]

[ 2017-08-22T23:22:17+08:00 ] 127.0.0.1 /index.php/Home/Cart/ajaxchangenum
INFO: [ app_begin ] --START--
INFO: Run Behavior\ReadHtmlCacheBehavior [ RunTime:0.000730s ]
INFO: [ app_begin ] --END-- [ RunTime:0.001125s ]

[ 2017-08-22T23:22:17+08:00 ] 127.0.0.1 /index.php/Home/Cart/ajaxchangenum
INFO: [ app_begin ] --START--
INFO: Run Behavior\ReadHtmlCacheBehavior [ RunTime:0.000846s ]
INFO: [ app_begin ] --END-- [ RunTime:0.001212s ]

[ 2017-08-22T23:22:17+08:00 ] 127.0.0.1 /index.php/Home/Cart/ajaxchangenum
INFO: [ app_begin ] --START--
INFO: Run Behavior\ReadHtmlCacheBehavior [ RunTime:0.000781s ]
INFO: [ app_begin ] --END-- [ RunTime:0.001173s ]

[ 2017-08-22T23:22:17+08:00 ] 127.0.0.1 /index.php/Home/Cart/ajaxchangenum
INFO: [ app_begin ] --START--
INFO: Run Behavior\ReadHtmlCacheBehavior [ RunTime:0.000766s ]
INFO: [ app_begin ] --END-- [ RunTime:0.001152s ]

[ 2017-08-22T23:22:21+08:00 ] 127.0.0.1 /index.php/Home/Cart/ajaxchangenum
INFO: [ app_begin ] --START--
INFO: Run Behavior\ReadHtmlCacheBehavior [ RunTime:0.000729s ]
INFO: [ app_begin ] --END-- [ RunTime:0.001091s ]

[ 2017-08-22T23:22:22+08:00 ] 127.0.0.1 /index.php/Home/Cart/ajaxchangenum
INFO: [ app_begin ] --START--
INFO: Run Behavior\ReadHtmlCacheBehavior [ RunTime:0.000878s ]
INFO: [ app_begin ] --END-- [ RunTime:0.001248s ]

[ 2017-08-22T23:22:22+08:00 ] 127.0.0.1 /index.php/Home/Cart/ajaxchangenum
INFO: [ app_begin ] --START--
INFO: Run Behavior\ReadHtmlCacheBehavior [ RunTime:0.000591s ]
INFO: [ app_begin ] --END-- [ RunTime:0.000945s ]

[ 2017-08-22T23:22:23+08:00 ] 127.0.0.1 /index.php/Home/Cart/ajaxchangenum
INFO: [ app_begin ] --START--
INFO: Run Behavior\ReadHtmlCacheBehavior [ RunTime:0.000734s ]
INFO: [ app_begin ] --END-- [ RunTime:0.001096s ]

[ 2017-08-22T23:22:23+08:00 ] 127.0.0.1 /index.php/Home/Cart/ajaxchangenum
INFO: [ app_begin ] --START--
INFO: Run Behavior\ReadHtmlCacheBehavior [ RunTime:0.000725s ]
INFO: [ app_begin ] --END-- [ RunTime:0.001094s ]

[ 2017-08-22T23:22:23+08:00 ] 127.0.0.1 /index.php/Home/Cart/ajaxchangenum
INFO: [ app_begin ] --START--
INFO: Run Behavior\ReadHtmlCacheBehavior [ RunTime:0.000736s ]
INFO: [ app_begin ] --END-- [ RunTime:0.001103s ]

[ 2017-08-22T23:22:23+08:00 ] 127.0.0.1 /index.php/Home/Cart/ajaxchangenum
INFO: [ app_begin ] --START--
INFO: Run Behavior\ReadHtmlCacheBehavior [ RunTime:0.000778s ]
INFO: [ app_begin ] --END-- [ RunTime:0.001150s ]

[ 2017-08-22T23:25:19+08:00 ] 127.0.0.1 /index.php/Home/Cart/ajaxgetnum
INFO: [ app_begin ] --START--
INFO: Run Behavior\ReadHtmlCacheBehavior [ RunTime:0.000989s ]
INFO: [ app_begin ] --END-- [ RunTime:0.001388s ]
SQL: SHOW COLUMNS FROM `tpshop_cart` [ RunTime:0.0014s ]

[ 2017-08-22T23:25:23+08:00 ] 127.0.0.1 /index.php/Home/Cart/ajaxchangenum
INFO: [ app_begin ] --START--
INFO: Run Behavior\ReadHtmlCacheBehavior [ RunTime:0.000748s ]
INFO: [ app_begin ] --END-- [ RunTime:0.001139s ]
NOTIC: [8] Undefined index: goods_attr_ids E:\php\tpshop\Application\Home\Controller\CartController.class.php 第 63 行.
ERR: Think\Controller:changeNumber方法不存在！

[ 2017-08-22T23:25:24+08:00 ] 127.0.0.1 /index.php/Home/Cart/ajaxchangenum
INFO: [ app_begin ] --START--
INFO: Run Behavior\ReadHtmlCacheBehavior [ RunTime:0.000615s ]
INFO: [ app_begin ] --END-- [ RunTime:0.001073s ]
NOTIC: [8] Undefined index: goods_attr_ids E:\php\tpshop\Application\Home\Controller\CartController.class.php 第 63 行.
ERR: Think\Controller:changeNumber方法不存在！

[ 2017-08-22T23:25:40+08:00 ] 127.0.0.1 /index.php/Home/Cart/ajaxgetnum
INFO: [ app_begin ] --START--
INFO: Run Behavior\ReadHtmlCacheBehavior [ RunTime:0.000789s ]
INFO: [ app_begin ] --END-- [ RunTime:0.001244s ]
SQL: SHOW COLUMNS FROM `tpshop_cart` [ RunTime:0.0021s ]

[ 2017-08-22T23:25:41+08:00 ] 127.0.0.1 /index.php/Home/Cart/ajaxchangenum
INFO: [ app_begin ] --START--
INFO: Run Behavior\ReadHtmlCacheBehavior [ RunTime:0.000743s ]
INFO: [ app_begin ] --END-- [ RunTime:0.001138s ]
NOTIC: [8] Undefined index: goods_attr_ids E:\php\tpshop\Application\Home\Controller\CartController.class.php 第 63 行.
ERR: Think\Controller:changeNumber方法不存在！

[ 2017-08-22T23:25:43+08:00 ] 127.0.0.1 /index.php/Home/Cart/ajaxchangenum
INFO: [ app_begin ] --START--
INFO: Run Behavior\ReadHtmlCacheBehavior [ RunTime:0.001123s ]
INFO: [ app_begin ] --END-- [ RunTime:0.001615s ]
NOTIC: [8] Undefined index: goods_attr_ids E:\php\tpshop\Application\Home\Controller\CartController.class.php 第 63 行.
ERR: Think\Controller:changeNumber方法不存在！

[ 2017-08-22T23:26:08+08:00 ] 127.0.0.1 /index.php/Home/Cart/ajaxgetnum
INFO: [ app_begin ] --START--
INFO: Run Behavior\ReadHtmlCacheBehavior [ RunTime:0.000687s ]
INFO: [ app_begin ] --END-- [ RunTime:0.001072s ]
SQL: SHOW COLUMNS FROM `tpshop_cart` [ RunTime:0.0014s ]

[ 2017-08-22T23:26:09+08:00 ] 127.0.0.1 /index.php/Home/Cart/ajaxchangenum
INFO: [ app_begin ] --START--
INFO: Run Behavior\ReadHtmlCacheBehavior [ RunTime:0.000752s ]
INFO: [ app_begin ] --END-- [ RunTime:0.001128s ]
NOTIC: [8] Undefined index: goods_attr_ids E:\php\tpshop\Application\Home\Controller\CartController.class.php 第 63 行.
ERR: Think\Controller:changeNumber方法不存在！

[ 2017-08-22T23:26:09+08:00 ] 127.0.0.1 /index.php/Home/Cart/ajaxchangenum
INFO: [ app_begin ] --START--
INFO: Run Behavior\ReadHtmlCacheBehavior [ RunTime:0.000785s ]
INFO: [ app_begin ] --END-- [ RunTime:0.001142s ]
NOTIC: [8] Undefined index: goods_attr_ids E:\php\tpshop\Application\Home\Controller\CartController.class.php 第 63 行.
ERR: Think\Controller:changeNumber方法不存在！

[ 2017-08-22T23:26:11+08:00 ] 127.0.0.1 /index.php/Home/Cart/ajaxchangenum
INFO: [ app_begin ] --START--
INFO: Run Behavior\ReadHtmlCacheBehavior [ RunTime:0.000679s ]
INFO: [ app_begin ] --END-- [ RunTime:0.001018s ]
NOTIC: [8] Undefined index: goods_attr_ids E:\php\tpshop\Application\Home\Controller\CartController.class.php 第 63 行.
ERR: Think\Controller:changeNumber方法不存在！

[ 2017-08-22T23:26:11+08:00 ] 127.0.0.1 /index.php/Home/Cart/ajaxchangenum
INFO: [ app_begin ] --START--
INFO: Run Behavior\ReadHtmlCacheBehavior [ RunTime:0.000700s ]
INFO: [ app_begin ] --END-- [ RunTime:0.001019s ]
NOTIC: [8] Undefined index: goods_attr_ids E:\php\tpshop\Application\Home\Controller\CartController.class.php 第 63 行.
ERR: Think\Controller:changeNumber方法不存在！

[ 2017-08-22T23:27:37+08:00 ] 127.0.0.1 /index.php/Home/Cart/ajaxgetnum
INFO: [ app_begin ] --START--
INFO: Run Behavior\ReadHtmlCacheBehavior [ RunTime:0.000786s ]
INFO: [ app_begin ] --END-- [ RunTime:0.001179s ]
SQL: SHOW COLUMNS FROM `tpshop_cart` [ RunTime:0.0022s ]

[ 2017-08-22T23:27:47+08:00 ] 127.0.0.1 /index.php/Home/Cart/ajaxchangenum
INFO: [ app_begin ] --START--
INFO: Run Behavior\ReadHtmlCacheBehavior [ RunTime:0.001177s ]
INFO: [ app_begin ] --END-- [ RunTime:0.001617s ]
NOTIC: [8] Undefined index: goods_attr_ids E:\php\tpshop\Application\Home\Controller\CartController.class.php 第 63 行.
ERR: Think\Controller:changeNumber方法不存在！

[ 2017-08-22T23:28:07+08:00 ] 127.0.0.1 /index.php/Home/Cart/ajaxgetnum
INFO: [ app_begin ] --START--
INFO: Run Behavior\ReadHtmlCacheBehavior [ RunTime:0.000693s ]
INFO: [ app_begin ] --END-- [ RunTime:0.001214s ]
SQL: SHOW COLUMNS FROM `tpshop_cart` [ RunTime:0.0031s ]

[ 2017-08-22T23:28:12+08:00 ] 127.0.0.1 /index.php/Home/Cart/ajaxchangenum
INFO: [ app_begin ] --START--
INFO: Run Behavior\ReadHtmlCacheBehavior [ RunTime:0.000885s ]
INFO: [ app_begin ] --END-- [ RunTime:0.001268s ]
NOTIC: [8] Undefined index: goods_attr_ids E:\php\tpshop\Application\Home\Controller\CartController.class.php 第 63 行.
ERR: Think\Controller:changeNumber方法不存在！

[ 2017-08-22T23:30:14+08:00 ] 127.0.0.1 /index.php/Home/Cart/ajaxgetnum
INFO: [ app_begin ] --START--
INFO: Run Behavior\ReadHtmlCacheBehavior [ RunTime:0.000750s ]
INFO: [ app_begin ] --END-- [ RunTime:0.001108s ]
SQL: SHOW COLUMNS FROM `tpshop_cart` [ RunTime:0.0019s ]

[ 2017-08-22T23:30:41+08:00 ] 127.0.0.1 /index.php/Home/Cart/ajaxgetnum
INFO: [ app_begin ] --START--
INFO: Run Behavior\ReadHtmlCacheBehavior [ RunTime:0.000544s ]
INFO: [ app_begin ] --END-- [ RunTime:0.000875s ]
SQL: SHOW COLUMNS FROM `tpshop_cart` [ RunTime:0.0032s ]

[ 2017-08-22T23:31:46+08:00 ] 127.0.0.1 /index.php/Home/Cart/ajaxgetnum
INFO: [ app_begin ] --START--
INFO: Run Behavior\ReadHtmlCacheBehavior [ RunTime:0.000966s ]
INFO: [ app_begin ] --END-- [ RunTime:0.001476s ]
SQL: SHOW COLUMNS FROM `tpshop_cart` [ RunTime:0.0024s ]

[ 2017-08-22T23:31:56+08:00 ] 127.0.0.1 /index.php/Home/Cart/ajaxchangenum
INFO: [ app_begin ] --START--
INFO: Run Behavior\ReadHtmlCacheBehavior [ RunTime:0.001183s ]
INFO: [ app_begin ] --END-- [ RunTime:0.001774s ]
NOTIC: [8] Undefined index: goods_attr_ids E:\php\tpshop\Application\Home\Controller\CartController.class.php 第 63 行.
ERR: Think\Controller:changeNumber方法不存在！

[ 2017-08-22T23:33:40+08:00 ] 127.0.0.1 /index.php/Home/Cart/ajaxgetnum
INFO: [ app_begin ] --START--
INFO: Run Behavior\ReadHtmlCacheBehavior [ RunTime:0.000880s ]
INFO: [ app_begin ] --END-- [ RunTime:0.001281s ]
SQL: SHOW COLUMNS FROM `tpshop_cart` [ RunTime:0.0016s ]

[ 2017-08-22T23:33:43+08:00 ] 127.0.0.1 /index.php/Home/Cart/ajaxchangenum
INFO: [ app_begin ] --START--
INFO: Run Behavior\ReadHtmlCacheBehavior [ RunTime:0.000881s ]
INFO: [ app_begin ] --END-- [ RunTime:0.001744s ]
ERR: Think\Controller:changeNumber方法不存在！

[ 2017-08-22T23:35:22+08:00 ] 127.0.0.1 /index.php/Home/Cart/ajaxchangenum
INFO: [ app_begin ] --START--
INFO: Run Behavior\ReadHtmlCacheBehavior [ RunTime:0.000864s ]
INFO: [ app_begin ] --END-- [ RunTime:0.001490s ]
ERR: Think\Controller:changeNumber方法不存在！

[ 2017-08-22T23:35:33+08:00 ] 127.0.0.1 /index.php/Home/Cart/ajaxgetnum
INFO: [ app_begin ] --START--
INFO: Run Behavior\ReadHtmlCacheBehavior [ RunTime:0.000452s ]
INFO: [ app_begin ] --END-- [ RunTime:0.000779s ]
SQL: SHOW COLUMNS FROM `tpshop_cart` [ RunTime:0.0017s ]

[ 2017-08-22T23:35:35+08:00 ] 127.0.0.1 /index.php/Home/Cart/ajaxchangenum
INFO: [ app_begin ] --START--
INFO: Run Behavior\ReadHtmlCacheBehavior [ RunTime:0.000509s ]
INFO: [ app_begin ] --END-- [ RunTime:0.000829s ]
ERR: Think\Controller:changeNumber方法不存在！

[ 2017-08-22T23:36:34+08:00 ] 127.0.0.1 /index.php/Home/Cart/ajaxgetnum
INFO: [ app_begin ] --START--
INFO: Run Behavior\ReadHtmlCacheBehavior [ RunTime:0.000725s ]
INFO: [ app_begin ] --END-- [ RunTime:0.001225s ]
SQL: SHOW COLUMNS FROM `tpshop_cart` [ RunTime:0.0020s ]

[ 2017-08-22T23:36:39+08:00 ] 127.0.0.1 /index.php/Home/Cart/ajaxchangenum
INFO: [ app_begin ] --START--
INFO: Run Behavior\ReadHtmlCacheBehavior [ RunTime:0.001368s ]
INFO: [ app_begin ] --END-- [ RunTime:0.002016s ]
ERR: Think\Controller:changeNumber方法不存在！

[ 2017-08-22T23:37:06+08:00 ] 127.0.0.1 /index.php/Home/Cart/ajaxgetnum
INFO: [ app_begin ] --START--
INFO: Run Behavior\ReadHtmlCacheBehavior [ RunTime:0.000669s ]
INFO: [ app_begin ] --END-- [ RunTime:0.000988s ]
SQL: SHOW COLUMNS FROM `tpshop_cart` [ RunTime:0.0019s ]

[ 2017-08-22T23:37:08+08:00 ] 127.0.0.1 /index.php/Home/Cart/ajaxchangenum
INFO: [ app_begin ] --START--
INFO: Run Behavior\ReadHtmlCacheBehavior [ RunTime:0.000947s ]
INFO: [ app_begin ] --END-- [ RunTime:0.001431s ]
ERR: Think\Controller:changeNumber方法不存在！

[ 2017-08-22T23:39:28+08:00 ] 127.0.0.1 /index.php/Home/Cart/ajaxgetnum
INFO: [ app_begin ] --START--
INFO: Run Behavior\ReadHtmlCacheBehavior [ RunTime:0.000612s ]
INFO: [ app_begin ] --END-- [ RunTime:0.001166s ]
SQL: SHOW COLUMNS FROM `tpshop_cart` [ RunTime:0.0017s ]

[ 2017-08-22T23:39:30+08:00 ] 127.0.0.1 /index.php/Home/Cart/ajaxchangenum
INFO: [ app_begin ] --START--
INFO: Run Behavior\ReadHtmlCacheBehavior [ RunTime:0.000852s ]
INFO: [ app_begin ] --END-- [ RunTime:0.001434s ]
ERR: Think\Controller:changeNumber方法不存在！

[ 2017-08-22T23:40:46+08:00 ] 127.0.0.1 /index.php/Home/Cart/ajaxgetnum
INFO: [ app_begin ] --START--
INFO: Run Behavior\ReadHtmlCacheBehavior [ RunTime:0.000676s ]
INFO: [ app_begin ] --END-- [ RunTime:0.001041s ]
SQL: SHOW COLUMNS FROM `tpshop_cart` [ RunTime:0.0015s ]

[ 2017-08-22T23:41:32+08:00 ] 127.0.0.1 /index.php/Home/Cart/ajaxchangenum
INFO: [ app_begin ] --START--
INFO: Run Behavior\ReadHtmlCacheBehavior [ RunTime:0.000772s ]
INFO: [ app_begin ] --END-- [ RunTime:0.001152s ]
ERR: Think\Controller:changeNumber方法不存在！

[ 2017-08-22T23:41:51+08:00 ] 127.0.0.1 /index.php/Home/Cart/ajaxgetnum
INFO: [ app_begin ] --START--
INFO: Run Behavior\ReadHtmlCacheBehavior [ RunTime:0.001125s ]
INFO: [ app_begin ] --END-- [ RunTime:0.001690s ]
SQL: SHOW COLUMNS FROM `tpshop_cart` [ RunTime:0.0020s ]
SQL: SELECT * FROM `tpshop_cart` WHERE `user_id` = 8  [ RunTime:0.0003s ]

[ 2017-08-22T23:41:56+08:00 ] 127.0.0.1 /index.php/Home/Cart/ajaxgetnum
INFO: [ app_begin ] --START--
INFO: Run Behavior\ReadHtmlCacheBehavior [ RunTime:0.001198s ]
INFO: [ app_begin ] --END-- [ RunTime:0.001796s ]
SQL: SHOW COLUMNS FROM `tpshop_cart` [ RunTime:0.0028s ]
SQL: SELECT * FROM `tpshop_cart` WHERE `user_id` = 8  [ RunTime:0.0004s ]

[ 2017-08-22T23:42:04+08:00 ] 127.0.0.1 /index.php/Home/Cart/ajaxgetnum
INFO: [ app_begin ] --START--
INFO: Run Behavior\ReadHtmlCacheBehavior [ RunTime:0.000638s ]
INFO: [ app_begin ] --END-- [ RunTime:0.000952s ]
SQL: SHOW COLUMNS FROM `tpshop_cart` [ RunTime:0.0094s ]
SQL: SELECT * FROM `tpshop_cart` WHERE `user_id` = 8  [ RunTime:0.0005s ]

[ 2017-08-22T23:42:07+08:00 ] 127.0.0.1 /index.php/Home/Cart/ajaxgetnum
INFO: [ app_begin ] --START--
INFO: Run Behavior\ReadHtmlCacheBehavior [ RunTime:0.000617s ]
INFO: [ app_begin ] --END-- [ RunTime:0.000944s ]
SQL: SHOW COLUMNS FROM `tpshop_cart` [ RunTime:0.0033s ]
SQL: SELECT * FROM `tpshop_cart` WHERE `user_id` = 8  [ RunTime:0.0006s ]

[ 2017-08-22T23:42:15+08:00 ] 127.0.0.1 /index.php/Home/Cart/ajaxchangenum
INFO: [ app_begin ] --START--
INFO: Run Behavior\ReadHtmlCacheBehavior [ RunTime:0.000734s ]
INFO: [ app_begin ] --END-- [ RunTime:0.001104s ]
ERR: Think\Controller:changeNumber方法不存在！

[ 2017-08-22T23:43:11+08:00 ] 127.0.0.1 /index.php/Home/Cart/ajaxgetnum
INFO: [ app_begin ] --START--
INFO: Run Behavior\ReadHtmlCacheBehavior [ RunTime:0.000851s ]
INFO: [ app_begin ] --END-- [ RunTime:0.001273s ]
SQL: SHOW COLUMNS FROM `tpshop_cart` [ RunTime:0.0022s ]
SQL: SELECT * FROM `tpshop_cart` WHERE `user_id` = 8  [ RunTime:0.0003s ]

[ 2017-08-22T23:43:13+08:00 ] 127.0.0.1 /index.php/Home/Cart/ajaxchangenum
INFO: [ app_begin ] --START--
INFO: Run Behavior\ReadHtmlCacheBehavior [ RunTime:0.000677s ]
INFO: [ app_begin ] --END-- [ RunTime:0.001333s ]
ERR: Think\Controller:changeNumber方法不存在！

[ 2017-08-22T23:43:15+08:00 ] 127.0.0.1 /index.php/Home/Cart/ajaxchangenum
INFO: [ app_begin ] --START--
INFO: Run Behavior\ReadHtmlCacheBehavior [ RunTime:0.000749s ]
INFO: [ app_begin ] --END-- [ RunTime:0.001128s ]
ERR: Think\Controller:changeNumber方法不存在！

[ 2017-08-22T23:43:15+08:00 ] 127.0.0.1 /index.php/Home/Cart/ajaxchangenum
INFO: [ app_begin ] --START--
INFO: Run Behavior\ReadHtmlCacheBehavior [ RunTime:0.000740s ]
INFO: [ app_begin ] --END-- [ RunTime:0.001129s ]
ERR: Think\Controller:changeNumber方法不存在！

[ 2017-08-22T23:43:15+08:00 ] 127.0.0.1 /index.php/Home/Cart/ajaxchangenum
INFO: [ app_begin ] --START--
INFO: Run Behavior\ReadHtmlCacheBehavior [ RunTime:0.000726s ]
INFO: [ app_begin ] --END-- [ RunTime:0.001093s ]
ERR: Think\Controller:changeNumber方法不存在！

[ 2017-08-22T23:43:57+08:00 ] 127.0.0.1 /index.php/Home/Cart/ajaxgetnum
INFO: [ app_begin ] --START--
INFO: Run Behavior\ReadHtmlCacheBehavior [ RunTime:0.000522s ]
INFO: [ app_begin ] --END-- [ RunTime:0.000812s ]
SQL: SHOW COLUMNS FROM `tpshop_cart` [ RunTime:0.0014s ]
SQL: SELECT * FROM `tpshop_cart` WHERE `user_id` = 8  [ RunTime:0.0002s ]

[ 2017-08-22T23:43:58+08:00 ] 127.0.0.1 /index.php/Home/Cart/ajaxchangenum
INFO: [ app_begin ] --START--
INFO: Run Behavior\ReadHtmlCacheBehavior [ RunTime:0.000550s ]
INFO: [ app_begin ] --END-- [ RunTime:0.000898s ]

[ 2017-08-22T23:44:01+08:00 ] 127.0.0.1 /index.php/Home/Cart/ajaxchangenum
INFO: [ app_begin ] --START--
INFO: Run Behavior\ReadHtmlCacheBehavior [ RunTime:0.000503s ]
INFO: [ app_begin ] --END-- [ RunTime:0.000822s ]

[ 2017-08-22T23:44:04+08:00 ] 127.0.0.1 /index.php/Home/Cart/ajaxchangenum
INFO: [ app_begin ] --START--
INFO: Run Behavior\ReadHtmlCacheBehavior [ RunTime:0.000558s ]
INFO: [ app_begin ] --END-- [ RunTime:0.000906s ]

[ 2017-08-22T23:44:05+08:00 ] 127.0.0.1 /index.php/Home/Cart/ajaxchangenum
INFO: [ app_begin ] --START--
INFO: Run Behavior\ReadHtmlCacheBehavior [ RunTime:0.000511s ]
INFO: [ app_begin ] --END-- [ RunTime:0.000828s ]

[ 2017-08-22T23:49:53+08:00 ] 127.0.0.1 /index.php/Home/Cart/ajaxgetnum
INFO: [ app_begin ] --START--
INFO: Run Behavior\ReadHtmlCacheBehavior [ RunTime:0.000720s ]
INFO: [ app_begin ] --END-- [ RunTime:0.001235s ]
SQL: SHOW COLUMNS FROM `tpshop_cart` [ RunTime:0.0016s ]
SQL: SELECT * FROM `tpshop_cart` WHERE `user_id` = 8  [ RunTime:0.0002s ]

[ 2017-08-22T23:49:55+08:00 ] 127.0.0.1 /index.php/Home/Cart/ajaxchangenum
INFO: [ app_begin ] --START--
INFO: Run Behavior\ReadHtmlCacheBehavior [ RunTime:0.000595s ]
INFO: [ app_begin ] --END-- [ RunTime:0.000922s ]
SQL: SHOW COLUMNS FROM `tpshop_cart` [ RunTime:0.0033s ]
SQL: SELECT * FROM `tpshop_cart` WHERE `user_id` = 8 AND `goods_id` = 82 AND `goods_attr_ids` = '31,33,36' LIMIT 1   [ RunTime:0.0006s ]
SQL: UPDATE `tpshop_cart` SET `user_id`='8',`goods_id`='82',`goods_attr_ids`='31,33,36',`number`='3' WHERE `id` = 1 [ RunTime:0.1098s ]
SQL: SELECT * FROM `tpshop_cart` WHERE `user_id` = 8  [ RunTime:0.0006s ]

[ 2017-08-22T23:50:37+08:00 ] 127.0.0.1 /index.php/Home/Cart/ajaxchangenum
INFO: [ app_begin ] --START--
INFO: Run Behavior\ReadHtmlCacheBehavior [ RunTime:0.000749s ]
INFO: [ app_begin ] --END-- [ RunTime:0.001133s ]
SQL: SHOW COLUMNS FROM `tpshop_cart` [ RunTime:0.0032s ]
SQL: SELECT * FROM `tpshop_cart` WHERE `user_id` = 8 AND `goods_id` = 81 AND `goods_attr_ids` = '28,29' LIMIT 1   [ RunTime:0.0006s ]
SQL: UPDATE `tpshop_cart` SET `user_id`='8',`goods_id`='81',`goods_attr_ids`='28,29',`number`='2' WHERE `id` = 2 [ RunTime:0.0740s ]
SQL: SELECT * FROM `tpshop_cart` WHERE `user_id` = 8  [ RunTime:0.0006s ]

[ 2017-08-22T23:50:43+08:00 ] 127.0.0.1 /index.php/Home/Cart/ajaxgetnum
INFO: [ app_begin ] --START--
INFO: Run Behavior\ReadHtmlCacheBehavior [ RunTime:0.000635s ]
INFO: [ app_begin ] --END-- [ RunTime:0.000969s ]
SQL: SHOW COLUMNS FROM `tpshop_cart` [ RunTime:0.0033s ]
SQL: SELECT * FROM `tpshop_cart` WHERE `user_id` = 8  [ RunTime:0.0006s ]

[ 2017-08-22T23:50:46+08:00 ] 127.0.0.1 /index.php/Home/Cart/ajaxchangenum
INFO: [ app_begin ] --START--
INFO: Run Behavior\ReadHtmlCacheBehavior [ RunTime:0.000621s ]
INFO: [ app_begin ] --END-- [ RunTime:0.000913s ]
SQL: SHOW COLUMNS FROM `tpshop_cart` [ RunTime:0.0032s ]
SQL: SELECT * FROM `tpshop_cart` WHERE `user_id` = 8 AND `goods_id` = 81 AND `goods_attr_ids` = '28,29' LIMIT 1   [ RunTime:0.0006s ]
SQL: UPDATE `tpshop_cart` SET `user_id`='8',`goods_id`='81',`goods_attr_ids`='28,29',`number`='3' WHERE `id` = 2 [ RunTime:0.0546s ]
SQL: SELECT * FROM `tpshop_cart` WHERE `user_id` = 8  [ RunTime:0.0005s ]

[ 2017-08-22T23:52:01+08:00 ] 127.0.0.1 /index.php/Home/Cart/ajaxgetnum
INFO: [ app_begin ] --START--
INFO: Run Behavior\ReadHtmlCacheBehavior [ RunTime:0.000656s ]
INFO: [ app_begin ] --END-- [ RunTime:0.001009s ]
SQL: SHOW COLUMNS FROM `tpshop_cart` [ RunTime:0.0027s ]
SQL: SELECT * FROM `tpshop_cart` WHERE `user_id` = 8  [ RunTime:0.0004s ]

[ 2017-08-22T23:52:04+08:00 ] 127.0.0.1 /index.php/Home/Cart/ajaxchangenum
INFO: [ app_begin ] --START--
INFO: Run Behavior\ReadHtmlCacheBehavior [ RunTime:0.000745s ]
INFO: [ app_begin ] --END-- [ RunTime:0.001137s ]
SQL: SHOW COLUMNS FROM `tpshop_cart` [ RunTime:0.0032s ]
SQL: SELECT * FROM `tpshop_cart` WHERE `user_id` = 8 AND `goods_id` = 81 AND `goods_attr_ids` = '28,29' LIMIT 1   [ RunTime:0.0006s ]
SQL: UPDATE `tpshop_cart` SET `user_id`='8',`goods_id`='81',`goods_attr_ids`='28,29',`number`='2' WHERE `id` = 2 [ RunTime:0.0780s ]
SQL: SELECT * FROM `tpshop_cart` WHERE `user_id` = 8  [ RunTime:0.0006s ]

[ 2017-08-22T23:52:06+08:00 ] 127.0.0.1 /index.php/Home/Cart/ajaxchangenum
INFO: [ app_begin ] --START--
INFO: Run Behavior\ReadHtmlCacheBehavior [ RunTime:0.000660s ]
INFO: [ app_begin ] --END-- [ RunTime:0.001003s ]
SQL: SHOW COLUMNS FROM `tpshop_cart` [ RunTime:0.0033s ]
SQL: SELECT * FROM `tpshop_cart` WHERE `user_id` = 8 AND `goods_id` = 81 AND `goods_attr_ids` = '28,29' LIMIT 1   [ RunTime:0.0006s ]
SQL: UPDATE `tpshop_cart` SET `user_id`='8',`goods_id`='81',`goods_attr_ids`='28,29',`number`='1' WHERE `id` = 2 [ RunTime:0.0546s ]
SQL: SELECT * FROM `tpshop_cart` WHERE `user_id` = 8  [ RunTime:0.0006s ]

[ 2017-08-22T23:52:09+08:00 ] 127.0.0.1 /index.php/Home/Cart/ajaxchangenum
INFO: [ app_begin ] --START--
INFO: Run Behavior\ReadHtmlCacheBehavior [ RunTime:0.000763s ]
INFO: [ app_begin ] --END-- [ RunTime:0.001148s ]
SQL: SHOW COLUMNS FROM `tpshop_cart` [ RunTime:0.0031s ]
SQL: SELECT * FROM `tpshop_cart` WHERE `user_id` = 8 AND `goods_id` = 81 AND `goods_attr_ids` = '28,29' LIMIT 1   [ RunTime:0.0005s ]
SQL: UPDATE `tpshop_cart` SET `user_id`='8',`goods_id`='81',`goods_attr_ids`='28,29',`number`='1' WHERE `id` = 2 [ RunTime:0.0761s ]

[ 2017-08-22T23:52:14+08:00 ] 127.0.0.1 /index.php/Home/Cart/ajaxchangenum
INFO: [ app_begin ] --START--
INFO: Run Behavior\ReadHtmlCacheBehavior [ RunTime:0.000746s ]
INFO: [ app_begin ] --END-- [ RunTime:0.001147s ]
SQL: SHOW COLUMNS FROM `tpshop_cart` [ RunTime:0.0032s ]
SQL: SELECT * FROM `tpshop_cart` WHERE `user_id` = 8 AND `goods_id` = 82 AND `goods_attr_ids` = '31,33,36' LIMIT 1   [ RunTime:0.0006s ]
SQL: UPDATE `tpshop_cart` SET `user_id`='8',`goods_id`='82',`goods_attr_ids`='31,33,36',`number`='2' WHERE `id` = 1 [ RunTime:0.0801s ]
SQL: SELECT * FROM `tpshop_cart` WHERE `user_id` = 8  [ RunTime:0.0006s ]

[ 2017-08-22T23:52:17+08:00 ] 127.0.0.1 /index.php/Home/Cart/ajaxchangenum
INFO: [ app_begin ] --START--
INFO: Run Behavior\ReadHtmlCacheBehavior [ RunTime:0.000590s ]
INFO: [ app_begin ] --END-- [ RunTime:0.000906s ]
SQL: SHOW COLUMNS FROM `tpshop_cart` [ RunTime:0.0032s ]
SQL: SELECT * FROM `tpshop_cart` WHERE `user_id` = 8 AND `goods_id` = 82 AND `goods_attr_ids` = '31,33,37' LIMIT 1   [ RunTime:0.0006s ]
SQL: UPDATE `tpshop_cart` SET `user_id`='8',`goods_id`='82',`goods_attr_ids`='31,33,37',`number`='3' WHERE `id` = 3 [ RunTime:0.0704s ]
SQL: SELECT * FROM `tpshop_cart` WHERE `user_id` = 8  [ RunTime:0.0006s ]

[ 2017-08-22T23:52:19+08:00 ] 127.0.0.1 /index.php/Home/Cart/ajaxchangenum
INFO: [ app_begin ] --START--
INFO: Run Behavior\ReadHtmlCacheBehavior [ RunTime:0.000832s ]
INFO: [ app_begin ] --END-- [ RunTime:0.001231s ]
SQL: SHOW COLUMNS FROM `tpshop_cart` [ RunTime:0.0035s ]
SQL: SELECT * FROM `tpshop_cart` WHERE `user_id` = 8 AND `goods_id` = 82 AND `goods_attr_ids` = '31,33,37' LIMIT 1   [ RunTime:0.0005s ]
SQL: UPDATE `tpshop_cart` SET `user_id`='8',`goods_id`='82',`goods_attr_ids`='31,33,37',`number`='2' WHERE `id` = 3 [ RunTime:0.0705s ]
SQL: SELECT * FROM `tpshop_cart` WHERE `user_id` = 8  [ RunTime:0.0005s ]

[ 2017-08-22T23:53:16+08:00 ] 127.0.0.1 /index.php/Home/Cart/ajaxgetnum
INFO: [ app_begin ] --START--
INFO: Run Behavior\ReadHtmlCacheBehavior [ RunTime:0.000664s ]
INFO: [ app_begin ] --END-- [ RunTime:0.001018s ]
SQL: SHOW COLUMNS FROM `tpshop_cart` [ RunTime:0.0044s ]
SQL: SELECT * FROM `tpshop_cart` WHERE `user_id` = 8  [ RunTime:0.0006s ]

[ 2017-08-22T23:53:19+08:00 ] 127.0.0.1 /index.php/Home/Cart/ajaxchangenum
INFO: [ app_begin ] --START--
INFO: Run Behavior\ReadHtmlCacheBehavior [ RunTime:0.000728s ]
INFO: [ app_begin ] --END-- [ RunTime:0.001090s ]
SQL: SHOW COLUMNS FROM `tpshop_cart` [ RunTime:0.0032s ]
SQL: SELECT * FROM `tpshop_cart` WHERE `user_id` = 8 AND `goods_id` = 82 AND `goods_attr_ids` = '31,33,36' LIMIT 1   [ RunTime:0.0006s ]
SQL: UPDATE `tpshop_cart` SET `user_id`='8',`goods_id`='82',`goods_attr_ids`='31,33,36',`number`='3' WHERE `id` = 1 [ RunTime:0.0747s ]
SQL: SELECT * FROM `tpshop_cart` WHERE `user_id` = 8  [ RunTime:0.0006s ]

[ 2017-08-22T23:53:23+08:00 ] 127.0.0.1 /index.php/Home/Cart/ajaxchangenum
INFO: [ app_begin ] --START--
INFO: Run Behavior\ReadHtmlCacheBehavior [ RunTime:0.000730s ]
INFO: [ app_begin ] --END-- [ RunTime:0.001110s ]
SQL: SHOW COLUMNS FROM `tpshop_cart` [ RunTime:0.0032s ]
SQL: SELECT * FROM `tpshop_cart` WHERE `user_id` = 8 AND `goods_id` = 81 AND `goods_attr_ids` = '28,29' LIMIT 1   [ RunTime:0.0006s ]
SQL: UPDATE `tpshop_cart` SET `user_id`='8',`goods_id`='81',`goods_attr_ids`='28,29',`number`='2' WHERE `id` = 2 [ RunTime:0.0723s ]
SQL: SELECT * FROM `tpshop_cart` WHERE `user_id` = 8  [ RunTime:0.0006s ]

[ 2017-08-22T23:53:25+08:00 ] 127.0.0.1 /index.php/Home/Cart/ajaxchangenum
INFO: [ app_begin ] --START--
INFO: Run Behavior\ReadHtmlCacheBehavior [ RunTime:0.000625s ]
INFO: [ app_begin ] --END-- [ RunTime:0.000936s ]
SQL: SHOW COLUMNS FROM `tpshop_cart` [ RunTime:0.0032s ]
SQL: SELECT * FROM `tpshop_cart` WHERE `user_id` = 8 AND `goods_id` = 81 AND `goods_attr_ids` = '28,29' LIMIT 1   [ RunTime:0.0006s ]
SQL: UPDATE `tpshop_cart` SET `user_id`='8',`goods_id`='81',`goods_attr_ids`='28,29',`number`='1' WHERE `id` = 2 [ RunTime:0.0512s ]
SQL: SELECT * FROM `tpshop_cart` WHERE `user_id` = 8  [ RunTime:0.0006s ]

[ 2017-08-22T23:59:49+08:00 ] 127.0.0.1 /index.php/Home/Cart/ajaxgetnum
INFO: [ app_begin ] --START--
INFO: Run Behavior\ReadHtmlCacheBehavior [ RunTime:0.001257s ]
INFO: [ app_begin ] --END-- [ RunTime:0.001641s ]
SQL: SHOW COLUMNS FROM `tpshop_cart` [ RunTime:0.0015s ]
SQL: SELECT * FROM `tpshop_cart` WHERE `user_id` = 8  [ RunTime:0.0003s ]

[ 2017-08-22T23:59:59+08:00 ] 127.0.0.1 /index.php/Home/Cart/ajaxchangenum
INFO: [ app_begin ] --START--
INFO: Run Behavior\ReadHtmlCacheBehavior [ RunTime:0.000753s ]
INFO: [ app_begin ] --END-- [ RunTime:0.001122s ]
SQL: SHOW COLUMNS FROM `tpshop_cart` [ RunTime:0.0034s ]
SQL: SELECT * FROM `tpshop_cart` WHERE `user_id` = 8 AND `goods_id` = 81 AND `goods_attr_ids` = '28,29' LIMIT 1   [ RunTime:0.0006s ]
SQL: UPDATE `tpshop_cart` SET `user_id`='8',`goods_id`='81',`goods_attr_ids`='28,29',`number`='2' WHERE `id` = 2 [ RunTime:0.0621s ]
SQL: SELECT * FROM `tpshop_cart` WHERE `user_id` = 8  [ RunTime:0.0005s ]

