[ 2017-08-25T00:00:30+08:00 ] 127.0.0.1 /index.php/Home/Cart/ajaxgetnum
INFO: [ app_begin ] --START--
INFO: Run Behavior\ReadHtmlCacheBehavior [ RunTime:0.000722s ]
INFO: [ app_begin ] --END-- [ RunTime:0.001230s ]
SQL: SHOW COLUMNS FROM `tpshop_cart` [ RunTime:0.0019s ]
NOTIC: [8] Undefined variable: return E:\php\tpshop\Application\Home\Model\CartModel.class.php 第 70 行.
NOTIC: [2] Invalid argument supplied for foreach() E:\php\tpshop\Application\Home\Model\CartModel.class.php 第 78 行.

[ 2017-08-25T00:00:34+08:00 ] 127.0.0.1 /index.php/Home/Cart/ajaxgetnum
INFO: [ app_begin ] --START--
INFO: Run Behavior\ReadHtmlCacheBehavior [ RunTime:0.000463s ]
INFO: [ app_begin ] --END-- [ RunTime:0.000866s ]
SQL: SHOW COLUMNS FROM `tpshop_cart` [ RunTime:0.0027s ]
NOTIC: [8] Undefined variable: return E:\php\tpshop\Application\Home\Model\CartModel.class.php 第 70 行.
NOTIC: [2] Invalid argument supplied for foreach() E:\php\tpshop\Application\Home\Model\CartModel.class.php 第 78 行.

[ 2017-08-25T00:00:35+08:00 ] 127.0.0.1 /index.php/Home/Cart/ajaxgetnum
INFO: [ app_begin ] --START--
INFO: Run Behavior\ReadHtmlCacheBehavior [ RunTime:0.000738s ]
INFO: [ app_begin ] --END-- [ RunTime:0.001140s ]
SQL: SHOW COLUMNS FROM `tpshop_cart` [ RunTime:0.0033s ]
NOTIC: [8] Undefined variable: return E:\php\tpshop\Application\Home\Model\CartModel.class.php 第 70 行.
NOTIC: [2] Invalid argument supplied for foreach() E:\php\tpshop\Application\Home\Model\CartModel.class.php 第 78 行.

[ 2017-08-25T00:00:38+08:00 ] 127.0.0.1 /index.php/Home/Cart/ajaxgetnum
INFO: [ app_begin ] --START--
INFO: Run Behavior\ReadHtmlCacheBehavior [ RunTime:0.000649s ]
INFO: [ app_begin ] --END-- [ RunTime:0.000991s ]
SQL: SHOW COLUMNS FROM `tpshop_cart` [ RunTime:0.0035s ]
NOTIC: [8] Undefined variable: return E:\php\tpshop\Application\Home\Model\CartModel.class.php 第 70 行.
NOTIC: [2] Invalid argument supplied for foreach() E:\php\tpshop\Application\Home\Model\CartModel.class.php 第 78 行.

[ 2017-08-25T00:00:45+08:00 ] 127.0.0.1 /index.php/Home/Cart/ajaxgetnum
INFO: [ app_begin ] --START--
INFO: Run Behavior\ReadHtmlCacheBehavior [ RunTime:0.000570s ]
INFO: [ app_begin ] --END-- [ RunTime:0.000909s ]
SQL: SHOW COLUMNS FROM `tpshop_cart` [ RunTime:0.0033s ]

[ 2017-08-25T00:01:47+08:00 ] 127.0.0.1 /index.php/Home/Cart/ajaxgetnum
INFO: [ app_begin ] --START--
INFO: Run Behavior\ReadHtmlCacheBehavior [ RunTime:0.001522s ]
INFO: [ app_begin ] --END-- [ RunTime:0.002014s ]
SQL: SHOW COLUMNS FROM `tpshop_cart` [ RunTime:0.0032s ]

[ 2017-08-25T08:28:21+08:00 ] 127.0.0.1 /index.php/Home/Cart/ajaxgetnum
INFO: [ app_begin ] --START--
INFO: Run Behavior\ReadHtmlCacheBehavior [ RunTime:0.000859s ]
INFO: [ app_begin ] --END-- [ RunTime:0.001416s ]
SQL: SHOW COLUMNS FROM `tpshop_cart` [ RunTime:0.0035s ]
NOTIC: [8] Undefined variable: return E:\php\tpshop\Application\Home\Model\CartModel.class.php 第 70 行.
NOTIC: [2] Invalid argument supplied for foreach() E:\php\tpshop\Application\Home\Model\CartModel.class.php 第 78 行.

[ 2017-08-25T09:08:07+08:00 ] 127.0.0.1 /index.php/Home/Cart/ajaxgetnum
INFO: [ app_begin ] --START--
INFO: Run Behavior\ReadHtmlCacheBehavior [ RunTime:0.000940s ]
INFO: [ app_begin ] --END-- [ RunTime:0.001517s ]
SQL: SHOW COLUMNS FROM `tpshop_cart` [ RunTime:0.0024s ]
NOTIC: [8] Undefined variable: return E:\php\tpshop\Application\Home\Model\CartModel.class.php 第 70 行.
NOTIC: [2] Invalid argument supplied for foreach() E:\php\tpshop\Application\Home\Model\CartModel.class.php 第 78 行.

[ 2017-08-25T15:12:55+08:00 ] 127.0.0.1 /index.php/Home/Cart/ajaxgetnum
INFO: [ app_begin ] --START--
INFO: Run Behavior\ReadHtmlCacheBehavior [ RunTime:0.000743s ]
INFO: [ app_begin ] --END-- [ RunTime:0.001276s ]
SQL: SHOW COLUMNS FROM `tpshop_cart` [ RunTime:0.0037s ]
NOTIC: [8] Undefined variable: return E:\php\tpshop\Application\Home\Model\CartModel.class.php 第 70 行.
NOTIC: [2] Invalid argument supplied for foreach() E:\php\tpshop\Application\Home\Model\CartModel.class.php 第 78 行.

[ 2017-08-25T15:39:59+08:00 ] 127.0.0.1 /index.php/Home/User/register
INFO: [ app_begin ] --START--
INFO: Run Behavior\ReadHtmlCacheBehavior [ RunTime:0.000640s ]
INFO: [ app_begin ] --END-- [ RunTime:0.001041s ]
INFO: [ view_parse ] --START--
INFO: [ template_filter ] --START--
INFO: Run Behavior\ContentReplaceBehavior [ RunTime:0.000061s ]
INFO: [ template_filter ] --END-- [ RunTime:0.000100s ]
INFO: Run Behavior\ParseTemplateBehavior [ RunTime:0.005688s ]
INFO: [ view_parse ] --END-- [ RunTime:0.005731s ]
INFO: [ view_filter ] --START--
INFO: Run Behavior\WriteHtmlCacheBehavior [ RunTime:0.000237s ]
INFO: [ view_filter ] --END-- [ RunTime:0.000266s ]
INFO: [ app_end ] --START--
INFO: Run Behavior\ShowPageTraceBehavior [ RunTime:0.000562s ]
INFO: [ app_end ] --END-- [ RunTime:0.000597s ]

[ 2017-08-25T19:05:49+08:00 ] 127.0.0.1 /index.php/Home/Cart/ajaxgetnum
INFO: [ app_begin ] --START--
INFO: Run Behavior\ReadHtmlCacheBehavior [ RunTime:0.000661s ]
INFO: [ app_begin ] --END-- [ RunTime:0.001087s ]
SQL: SHOW COLUMNS FROM `tpshop_cart` [ RunTime:0.0034s ]
NOTIC: [8] Undefined variable: return E:\php\tpshop\Application\Home\Model\CartModel.class.php 第 70 行.
NOTIC: [2] Invalid argument supplied for foreach() E:\php\tpshop\Application\Home\Model\CartModel.class.php 第 78 行.

[ 2017-08-25T20:21:21+08:00 ] 127.0.0.1 /index.php/Home/Cart/ajaxgetnum
INFO: [ app_begin ] --START--
INFO: Run Behavior\ReadHtmlCacheBehavior [ RunTime:0.000556s ]
INFO: [ app_begin ] --END-- [ RunTime:0.000875s ]
SQL: SHOW COLUMNS FROM `tpshop_cart` [ RunTime:0.0034s ]
NOTIC: [8] Undefined variable: return E:\php\tpshop\Application\Home\Model\CartModel.class.php 第 70 行.
NOTIC: [2] Invalid argument supplied for foreach() E:\php\tpshop\Application\Home\Model\CartModel.class.php 第 78 行.

[ 2017-08-25T20:21:29+08:00 ] 127.0.0.1 /index.php/Home/Api/sendmsg
INFO: [ app_begin ] --START--
INFO: Run Behavior\ReadHtmlCacheBehavior [ RunTime:0.000621s ]
INFO: [ app_begin ] --END-- [ RunTime:0.000982s ]

[ 2017-08-25T20:21:31+08:00 ] 127.0.0.1 /index.php/Home/Api/sendmsg
INFO: [ app_begin ] --START--
INFO: Run Behavior\ReadHtmlCacheBehavior [ RunTime:0.000598s ]
INFO: [ app_begin ] --END-- [ RunTime:0.000936s ]

[ 2017-08-25T20:21:33+08:00 ] 127.0.0.1 /index.php/Home/Api/sendmsg
INFO: [ app_begin ] --START--
INFO: Run Behavior\ReadHtmlCacheBehavior [ RunTime:0.000512s ]
INFO: [ app_begin ] --END-- [ RunTime:0.000833s ]

[ 2017-08-25T20:21:50+08:00 ] 127.0.0.1 /index.php/Home/Api/sendmsg
INFO: [ app_begin ] --START--
INFO: Run Behavior\ReadHtmlCacheBehavior [ RunTime:0.000513s ]
INFO: [ app_begin ] --END-- [ RunTime:0.000844s ]

[ 2017-08-25T20:22:32+08:00 ] 127.0.0.1 /index.php/Home/Api/sendmsg
INFO: [ app_begin ] --START--
INFO: Run Behavior\ReadHtmlCacheBehavior [ RunTime:0.000523s ]
INFO: [ app_begin ] --END-- [ RunTime:0.000858s ]

[ 2017-08-25T20:22:43+08:00 ] 127.0.0.1 /index.php/Home/Api/sendmsg
INFO: [ app_begin ] --START--
INFO: Run Behavior\ReadHtmlCacheBehavior [ RunTime:0.000515s ]
INFO: [ app_begin ] --END-- [ RunTime:0.000836s ]

[ 2017-08-25T20:22:45+08:00 ] 127.0.0.1 /index.php/Home/Api/sendmsg
INFO: [ app_begin ] --START--
INFO: Run Behavior\ReadHtmlCacheBehavior [ RunTime:0.000513s ]
INFO: [ app_begin ] --END-- [ RunTime:0.000837s ]

[ 2017-08-25T20:22:49+08:00 ] 127.0.0.1 /index.php/Home/Api/sendmsg
INFO: [ app_begin ] --START--
INFO: Run Behavior\ReadHtmlCacheBehavior [ RunTime:0.000508s ]
INFO: [ app_begin ] --END-- [ RunTime:0.000828s ]

[ 2017-08-25T20:22:50+08:00 ] 127.0.0.1 /index.php/Home/Api/sendmsg
INFO: [ app_begin ] --START--
INFO: Run Behavior\ReadHtmlCacheBehavior [ RunTime:0.000507s ]
INFO: [ app_begin ] --END-- [ RunTime:0.000829s ]

[ 2017-08-25T20:32:08+08:00 ] 127.0.0.1 /index.php/Home/Api/sendmsg
INFO: [ app_begin ] --START--
INFO: Run Behavior\ReadHtmlCacheBehavior [ RunTime:0.000611s ]
INFO: [ app_begin ] --END-- [ RunTime:0.000970s ]

[ 2017-08-25T20:32:08+08:00 ] 127.0.0.1 /index.php/Home/Api/sendmsg
INFO: [ app_begin ] --START--
INFO: Run Behavior\ReadHtmlCacheBehavior [ RunTime:0.000634s ]
INFO: [ app_begin ] --END-- [ RunTime:0.001003s ]

[ 2017-08-25T20:32:08+08:00 ] 127.0.0.1 /index.php/Home/Api/sendmsg
INFO: [ app_begin ] --START--
INFO: Run Behavior\ReadHtmlCacheBehavior [ RunTime:0.000653s ]
INFO: [ app_begin ] --END-- [ RunTime:0.001018s ]

[ 2017-08-25T20:32:08+08:00 ] 127.0.0.1 /index.php/Home/Api/sendmsg
INFO: [ app_begin ] --START--
INFO: Run Behavior\ReadHtmlCacheBehavior [ RunTime:0.000624s ]
INFO: [ app_begin ] --END-- [ RunTime:0.000992s ]

[ 2017-08-25T20:32:08+08:00 ] 127.0.0.1 /index.php/Home/Api/sendmsg
INFO: [ app_begin ] --START--
INFO: Run Behavior\ReadHtmlCacheBehavior [ RunTime:0.000627s ]
INFO: [ app_begin ] --END-- [ RunTime:0.000987s ]

[ 2017-08-25T20:32:08+08:00 ] 127.0.0.1 /index.php/Home/Api/sendmsg
INFO: [ app_begin ] --START--
INFO: Run Behavior\ReadHtmlCacheBehavior [ RunTime:0.000560s ]
INFO: [ app_begin ] --END-- [ RunTime:0.000905s ]

[ 2017-08-25T20:33:12+08:00 ] 127.0.0.1 /index.php/Home/Api/sendmsg
INFO: [ app_begin ] --START--
INFO: Run Behavior\ReadHtmlCacheBehavior [ RunTime:0.000566s ]
INFO: [ app_begin ] --END-- [ RunTime:0.001105s ]

[ 2017-08-25T20:33:12+08:00 ] 127.0.0.1 /index.php/Home/Api/sendmsg
INFO: [ app_begin ] --START--
INFO: Run Behavior\ReadHtmlCacheBehavior [ RunTime:0.000465s ]
INFO: [ app_begin ] --END-- [ RunTime:0.000817s ]

[ 2017-08-25T20:33:12+08:00 ] 127.0.0.1 /index.php/Home/sendmsg
ERR: 无法加载控制器:Sendmsg

[ 2017-08-25T20:37:54+08:00 ] 127.0.0.1 /index.php/Home/sendmsg
ERR: 无法加载控制器:Sendmsg

[ 2017-08-25T20:38:17+08:00 ] 127.0.0.1 /index.php/Home/Api/sendmsg
INFO: [ app_begin ] --START--
INFO: Run Behavior\ReadHtmlCacheBehavior [ RunTime:0.000763s ]
INFO: [ app_begin ] --END-- [ RunTime:0.001128s ]
INFO: [ app_end ] --START--
INFO: Run Behavior\ShowPageTraceBehavior [ RunTime:0.001627s ]
INFO: [ app_end ] --END-- [ RunTime:0.001769s ]

[ 2017-08-25T20:38:22+08:00 ] 127.0.0.1 /index.php/Home/Api/sendmsg
INFO: [ app_begin ] --START--
INFO: Run Behavior\ReadHtmlCacheBehavior [ RunTime:0.000514s ]
INFO: [ app_begin ] --END-- [ RunTime:0.000841s ]
INFO: [ app_end ] --START--
INFO: Run Behavior\ShowPageTraceBehavior [ RunTime:0.001827s ]
INFO: [ app_end ] --END-- [ RunTime:0.002000s ]

[ 2017-08-25T20:41:32+08:00 ] 127.0.0.1 /index.php/Home/User/U('Home/Api/sendmsg')
INFO: [ app_begin ] --START--
INFO: Run Behavior\ReadHtmlCacheBehavior [ RunTime:0.000604s ]
INFO: [ app_begin ] --END-- [ RunTime:0.000936s ]
ERR: 非法操作:U('Home

[ 2017-08-25T20:43:32+08:00 ] 127.0.0.1 /index.php/Home/User/U('Home/Api/sendmsg')
INFO: [ app_begin ] --START--
INFO: Run Behavior\ReadHtmlCacheBehavior [ RunTime:0.000523s ]
INFO: [ app_begin ] --END-- [ RunTime:0.000863s ]
ERR: 非法操作:U('Home

[ 2017-08-25T20:50:07+08:00 ] 127.0.0.1 /index.php/Home/Cart/ajaxgetnum
INFO: [ app_begin ] --START--
INFO: Run Behavior\ReadHtmlCacheBehavior [ RunTime:0.000678s ]
INFO: [ app_begin ] --END-- [ RunTime:0.001131s ]
SQL: SHOW COLUMNS FROM `tpshop_cart` [ RunTime:0.0040s ]
NOTIC: [8] Undefined variable: return E:\php\tpshop\Application\Home\Model\CartModel.class.php 第 70 行.
NOTIC: [2] Invalid argument supplied for foreach() E:\php\tpshop\Application\Home\Model\CartModel.class.php 第 78 行.

[ 2017-08-25T21:15:34+08:00 ] 127.0.0.1 /index.php/Home/Cart/ajaxgetnum
INFO: [ app_begin ] --START--
INFO: Run Behavior\ReadHtmlCacheBehavior [ RunTime:0.000945s ]
INFO: [ app_begin ] --END-- [ RunTime:0.001549s ]
SQL: SHOW COLUMNS FROM `tpshop_cart` [ RunTime:0.0034s ]
NOTIC: [8] Undefined variable: return E:\php\tpshop\Application\Home\Model\CartModel.class.php 第 70 行.
NOTIC: [2] Invalid argument supplied for foreach() E:\php\tpshop\Application\Home\Model\CartModel.class.php 第 78 行.

[ 2017-08-25T21:15:47+08:00 ] 127.0.0.1 /index.php/Home/Api/sendmsg.html
INFO: [ app_begin ] --START--
INFO: Run Behavior\ReadHtmlCacheBehavior [ RunTime:0.000621s ]
INFO: [ app_begin ] --END-- [ RunTime:0.000981s ]
NOTIC: [8] Use of undefined constant res - assumed 'res' E:\php\tpshop\Application\Home\Controller\ApiController.class.php 第 27 行.

[ 2017-08-25T21:17:56+08:00 ] 127.0.0.1 /index.php/Home/Api/sendmsg.html
INFO: [ app_begin ] --START--
INFO: Run Behavior\ReadHtmlCacheBehavior [ RunTime:0.000534s ]
INFO: [ app_begin ] --END-- [ RunTime:0.000871s ]
NOTIC: [8] Use of undefined constant res - assumed 'res' E:\php\tpshop\Application\Home\Controller\ApiController.class.php 第 27 行.

[ 2017-08-25T21:21:37+08:00 ] 127.0.0.1 /index.php/Home/User/Home/Api/sendmsg
INFO: [ app_begin ] --START--
INFO: Run Behavior\ReadHtmlCacheBehavior [ RunTime:0.000624s ]
INFO: [ app_begin ] --END-- [ RunTime:0.001012s ]
ERR: 非法操作:Home

[ 2017-08-25T21:23:05+08:00 ] 127.0.0.1 /index.php/Home/Api/sendmsg
INFO: [ app_begin ] --START--
INFO: Run Behavior\ReadHtmlCacheBehavior [ RunTime:0.000513s ]
INFO: [ app_begin ] --END-- [ RunTime:0.000841s ]
NOTIC: [8] Use of undefined constant res - assumed 'res' E:\php\tpshop\Application\Home\Controller\ApiController.class.php 第 27 行.

[ 2017-08-25T21:23:06+08:00 ] 127.0.0.1 /index.php/Home/Api/sendmsg
INFO: [ app_begin ] --START--
INFO: Run Behavior\ReadHtmlCacheBehavior [ RunTime:0.000520s ]
INFO: [ app_begin ] --END-- [ RunTime:0.000856s ]
NOTIC: [8] Use of undefined constant res - assumed 'res' E:\php\tpshop\Application\Home\Controller\ApiController.class.php 第 27 行.

[ 2017-08-25T21:24:35+08:00 ] 127.0.0.1 /index.php/Home/Api/sendmsg
INFO: [ app_begin ] --START--
INFO: Run Behavior\ReadHtmlCacheBehavior [ RunTime:0.000770s ]
INFO: [ app_begin ] --END-- [ RunTime:0.001297s ]

[ 2017-08-25T21:24:35+08:00 ] 127.0.0.1 /index.php/Home/Api/sendmsg
INFO: [ app_begin ] --START--
INFO: Run Behavior\ReadHtmlCacheBehavior [ RunTime:0.000606s ]
INFO: [ app_begin ] --END-- [ RunTime:0.000966s ]

[ 2017-08-25T21:24:43+08:00 ] 127.0.0.1 /index.php/Home/Api/sendmsg
INFO: [ app_begin ] --START--
INFO: Run Behavior\ReadHtmlCacheBehavior [ RunTime:0.000515s ]
INFO: [ app_begin ] --END-- [ RunTime:0.000838s ]
NOTIC: [8] Use of undefined constant res - assumed 'res' E:\php\tpshop\Application\Home\Controller\ApiController.class.php 第 27 行.

[ 2017-08-25T21:24:56+08:00 ] 127.0.0.1 /index.php/Home/Api/sendmsg
INFO: [ app_begin ] --START--
INFO: Run Behavior\ReadHtmlCacheBehavior [ RunTime:0.000525s ]
INFO: [ app_begin ] --END-- [ RunTime:0.000876s ]
NOTIC: [8] Use of undefined constant res - assumed 'res' E:\php\tpshop\Application\Home\Controller\ApiController.class.php 第 27 行.

[ 2017-08-25T21:26:14+08:00 ] 127.0.0.1 /index.php/Home/Api/sendmsg
INFO: [ app_begin ] --START--
INFO: Run Behavior\ReadHtmlCacheBehavior [ RunTime:0.000613s ]
INFO: [ app_begin ] --END-- [ RunTime:0.000978s ]
INFO: [ app_end ] --START--
INFO: Run Behavior\ShowPageTraceBehavior [ RunTime:0.000570s ]
INFO: [ app_end ] --END-- [ RunTime:0.000618s ]

[ 2017-08-25T21:27:09+08:00 ] 127.0.0.1 /index.php/Home/Api/sendmsg
INFO: [ app_begin ] --START--
INFO: Run Behavior\ReadHtmlCacheBehavior [ RunTime:0.000523s ]
INFO: [ app_begin ] --END-- [ RunTime:0.000879s ]

[ 2017-08-25T21:28:41+08:00 ] 127.0.0.1 /index.php/Home/Api/sendmsg
INFO: [ app_begin ] --START--
INFO: Run Behavior\ReadHtmlCacheBehavior [ RunTime:0.000614s ]
INFO: [ app_begin ] --END-- [ RunTime:0.000983s ]

[ 2017-08-25T21:29:40+08:00 ] 127.0.0.1 /index.php/Home/Api/sendmsg
INFO: [ app_begin ] --START--
INFO: Run Behavior\ReadHtmlCacheBehavior [ RunTime:0.000514s ]
INFO: [ app_begin ] --END-- [ RunTime:0.000834s ]

[ 2017-08-25T21:36:28+08:00 ] 127.0.0.1 /index.php/Home/Cart/ajaxgetnum
INFO: [ app_begin ] --START--
INFO: Run Behavior\ReadHtmlCacheBehavior [ RunTime:0.000736s ]
INFO: [ app_begin ] --END-- [ RunTime:0.001238s ]
SQL: SHOW COLUMNS FROM `tpshop_cart` [ RunTime:0.0016s ]
NOTIC: [8] Undefined variable: return E:\php\tpshop\Application\Home\Model\CartModel.class.php 第 70 行.
NOTIC: [2] Invalid argument supplied for foreach() E:\php\tpshop\Application\Home\Model\CartModel.class.php 第 78 行.

[ 2017-08-25T21:40:41+08:00 ] 127.0.0.1 /index.php/Home/Cart/ajaxgetnum
INFO: [ app_begin ] --START--
INFO: Run Behavior\ReadHtmlCacheBehavior [ RunTime:0.000542s ]
INFO: [ app_begin ] --END-- [ RunTime:0.000859s ]
SQL: SHOW COLUMNS FROM `tpshop_cart` [ RunTime:0.0035s ]
NOTIC: [8] Undefined variable: return E:\php\tpshop\Application\Home\Model\CartModel.class.php 第 70 行.
NOTIC: [2] Invalid argument supplied for foreach() E:\php\tpshop\Application\Home\Model\CartModel.class.php 第 78 行.

[ 2017-08-25T21:42:23+08:00 ] 127.0.0.1 /index.php/Home/Cart/ajaxgetnum
INFO: [ app_begin ] --START--
INFO: Run Behavior\ReadHtmlCacheBehavior [ RunTime:0.000471s ]
INFO: [ app_begin ] --END-- [ RunTime:0.000854s ]
SQL: SHOW COLUMNS FROM `tpshop_cart` [ RunTime:0.0018s ]
NOTIC: [8] Undefined variable: return E:\php\tpshop\Application\Home\Model\CartModel.class.php 第 70 行.
NOTIC: [2] Invalid argument supplied for foreach() E:\php\tpshop\Application\Home\Model\CartModel.class.php 第 78 行.

[ 2017-08-25T21:43:39+08:00 ] 127.0.0.1 /index.php/Home/Api/sendmsg
INFO: [ app_begin ] --START--
INFO: Run Behavior\ReadHtmlCacheBehavior [ RunTime:0.000534s ]
INFO: [ app_begin ] --END-- [ RunTime:0.000912s ]

[ 2017-08-25T21:45:02+08:00 ] 127.0.0.1 /index.php/Home/Api/sendmsg
INFO: [ app_begin ] --START--
INFO: Run Behavior\ReadHtmlCacheBehavior [ RunTime:0.000673s ]
INFO: [ app_begin ] --END-- [ RunTime:0.001064s ]

[ 2017-08-25T21:47:27+08:00 ] 127.0.0.1 /index.php/Home/Api/sendmsg
INFO: [ app_begin ] --START--
INFO: Run Behavior\ReadHtmlCacheBehavior [ RunTime:0.000641s ]
INFO: [ app_begin ] --END-- [ RunTime:0.001034s ]

[ 2017-08-25T21:50:07+08:00 ] 127.0.0.1 /index.php/Home/Api/sendmsg
INFO: [ app_begin ] --START--
INFO: Run Behavior\ReadHtmlCacheBehavior [ RunTime:0.000533s ]
INFO: [ app_begin ] --END-- [ RunTime:0.000868s ]

[ 2017-08-25T22:14:49+08:00 ] 127.0.0.1 /index.php/Home/Cart/ajaxgetnum
INFO: [ app_begin ] --START--
INFO: Run Behavior\ReadHtmlCacheBehavior [ RunTime:0.000675s ]
INFO: [ app_begin ] --END-- [ RunTime:0.000989s ]
SQL: SHOW COLUMNS FROM `tpshop_cart` [ RunTime:0.0034s ]
NOTIC: [8] Undefined variable: return E:\php\tpshop\Application\Home\Model\CartModel.class.php 第 70 行.
NOTIC: [2] Invalid argument supplied for foreach() E:\php\tpshop\Application\Home\Model\CartModel.class.php 第 78 行.

[ 2017-08-25T22:14:54+08:00 ] 127.0.0.1 /index.php/Home/Api/sendmsg
INFO: [ app_begin ] --START--
INFO: Run Behavior\ReadHtmlCacheBehavior [ RunTime:0.000448s ]
INFO: [ app_begin ] --END-- [ RunTime:0.000714s ]

[ 2017-08-25T22:15:53+08:00 ] 127.0.0.1 /index.php/Home/Api/sendmsg
INFO: [ app_begin ] --START--
INFO: Run Behavior\ReadHtmlCacheBehavior [ RunTime:0.000643s ]
INFO: [ app_begin ] --END-- [ RunTime:0.000979s ]

[ 2017-08-25T22:59:18+08:00 ] 127.0.0.1 /index.php/Home/Api/sendmsg
INFO: [ app_begin ] --START--
INFO: Run Behavior\ReadHtmlCacheBehavior [ RunTime:0.000650s ]
INFO: [ app_begin ] --END-- [ RunTime:0.001018s ]

[ 2017-08-25T22:59:32+08:00 ] 127.0.0.1 /index.php/Home/Api/sendmsg
INFO: [ app_begin ] --START--
INFO: Run Behavior\ReadHtmlCacheBehavior [ RunTime:0.000556s ]
INFO: [ app_begin ] --END-- [ RunTime:0.000993s ]

[ 2017-08-25T23:00:04+08:00 ] 127.0.0.1 /index.php/Home/Api/sendmsg
INFO: [ app_begin ] --START--
INFO: Run Behavior\ReadHtmlCacheBehavior [ RunTime:0.000644s ]
INFO: [ app_begin ] --END-- [ RunTime:0.001003s ]

[ 2017-08-25T23:00:25+08:00 ] 127.0.0.1 /index.php/Home/Cart/ajaxgetnum
INFO: [ app_begin ] --START--
INFO: Run Behavior\ReadHtmlCacheBehavior [ RunTime:0.000714s ]
INFO: [ app_begin ] --END-- [ RunTime:0.001218s ]
SQL: SHOW COLUMNS FROM `tpshop_cart` [ RunTime:0.0044s ]
NOTIC: [8] Undefined variable: return E:\php\tpshop\Application\Home\Model\CartModel.class.php 第 70 行.
NOTIC: [2] Invalid argument supplied for foreach() E:\php\tpshop\Application\Home\Model\CartModel.class.php 第 78 行.

[ 2017-08-25T23:01:11+08:00 ] 127.0.0.1 /index.php/Home/Api/sendmsg
INFO: [ app_begin ] --START--
INFO: Run Behavior\ReadHtmlCacheBehavior [ RunTime:0.000413s ]
INFO: [ app_begin ] --END-- [ RunTime:0.000671s ]

[ 2017-08-25T23:03:06+08:00 ] 127.0.0.1 /index.php/Home/Api/sendmsg
INFO: [ app_begin ] --START--
INFO: Run Behavior\ReadHtmlCacheBehavior [ RunTime:0.000626s ]
INFO: [ app_begin ] --END-- [ RunTime:0.001266s ]

[ 2017-08-25T23:04:21+08:00 ] 127.0.0.1 /index.php/Home/Api/sendmsg
INFO: [ app_begin ] --START--
INFO: Run Behavior\ReadHtmlCacheBehavior [ RunTime:0.000695s ]
INFO: [ app_begin ] --END-- [ RunTime:0.001152s ]

[ 2017-08-25T23:05:25+08:00 ] 127.0.0.1 /index.php/Home/Api/sendmsg
INFO: [ app_begin ] --START--
INFO: Run Behavior\ReadHtmlCacheBehavior [ RunTime:0.001396s ]
INFO: [ app_begin ] --END-- [ RunTime:0.002140s ]

[ 2017-08-25T23:07:01+08:00 ] 127.0.0.1 /index.php/Home/Api/sendmsg
INFO: [ app_begin ] --START--
INFO: Run Behavior\ReadHtmlCacheBehavior [ RunTime:0.000902s ]
INFO: [ app_begin ] --END-- [ RunTime:0.001423s ]

[ 2017-08-25T23:08:00+08:00 ] 127.0.0.1 /index.php/Home/Api/sendmsg
INFO: [ app_begin ] --START--
INFO: Run Behavior\ReadHtmlCacheBehavior [ RunTime:0.000634s ]
INFO: [ app_begin ] --END-- [ RunTime:0.001011s ]
NOTIC: [8] Undefined variable: retrn E:\php\tpshop\Application\Home\Controller\ApiController.class.php 第 22 行.

[ 2017-08-25T23:09:42+08:00 ] 127.0.0.1 /index.php/Home/Api/sendmsg
INFO: [ app_begin ] --START--
INFO: Run Behavior\ReadHtmlCacheBehavior [ RunTime:0.000648s ]
INFO: [ app_begin ] --END-- [ RunTime:0.001055s ]

[ 2017-08-25T23:16:40+08:00 ] 127.0.0.1 /index.php/Home/Api/sendmsg
INFO: [ app_begin ] --START--
INFO: Run Behavior\ReadHtmlCacheBehavior [ RunTime:0.000529s ]
INFO: [ app_begin ] --END-- [ RunTime:0.000900s ]

[ 2017-08-25T23:16:59+08:00 ] 127.0.0.1 /index.php/Home/Api/sendmsg
INFO: [ app_begin ] --START--
INFO: Run Behavior\ReadHtmlCacheBehavior [ RunTime:0.000567s ]
INFO: [ app_begin ] --END-- [ RunTime:0.000986s ]
NOTIC: [8] Undefined variable: retrn E:\php\tpshop\Application\Home\Controller\ApiController.class.php 第 22 行.

[ 2017-08-25T23:27:42+08:00 ] 127.0.0.1 /index.php/Home/Cart/ajaxgetnum
INFO: [ app_begin ] --START--
INFO: Run Behavior\ReadHtmlCacheBehavior [ RunTime:0.000593s ]
INFO: [ app_begin ] --END-- [ RunTime:0.000986s ]
SQL: SHOW COLUMNS FROM `tpshop_cart` [ RunTime:0.0016s ]
NOTIC: [8] Undefined variable: return E:\php\tpshop\Application\Home\Model\CartModel.class.php 第 70 行.
NOTIC: [2] Invalid argument supplied for foreach() E:\php\tpshop\Application\Home\Model\CartModel.class.php 第 78 行.

[ 2017-08-25T23:27:56+08:00 ] 127.0.0.1 /index.php/Home/Api/sendmsg
INFO: [ app_begin ] --START--
INFO: Run Behavior\ReadHtmlCacheBehavior [ RunTime:0.000683s ]
INFO: [ app_begin ] --END-- [ RunTime:0.001105s ]

[ 2017-08-25T23:28:21+08:00 ] 127.0.0.1 /index.php/Home/Api/sendmsg
INFO: [ app_begin ] --START--
INFO: Run Behavior\ReadHtmlCacheBehavior [ RunTime:0.000614s ]
INFO: [ app_begin ] --END-- [ RunTime:0.001053s ]
NOTIC: [8] Undefined variable: retrn E:\php\tpshop\Application\Home\Controller\ApiController.class.php 第 22 行.

[ 2017-08-25T23:32:07+08:00 ] 127.0.0.1 /index.php/Home/Api/sendmsg
INFO: [ app_begin ] --START--
INFO: Run Behavior\ReadHtmlCacheBehavior [ RunTime:0.000625s ]
INFO: [ app_begin ] --END-- [ RunTime:0.000988s ]

[ 2017-08-25T23:41:01+08:00 ] 127.0.0.1 /index.php/Home/Api/sendmsg
INFO: [ app_begin ] --START--
INFO: Run Behavior\ReadHtmlCacheBehavior [ RunTime:0.000610s ]
INFO: [ app_begin ] --END-- [ RunTime:0.000978s ]

[ 2017-08-25T23:41:37+08:00 ] 127.0.0.1 /index.php/Home/Api/sendmsg
INFO: [ app_begin ] --START--
INFO: Run Behavior\ReadHtmlCacheBehavior [ RunTime:0.000525s ]
INFO: [ app_begin ] --END-- [ RunTime:0.000847s ]
NOTIC: [8] Undefined variable: retrn E:\php\tpshop\Application\Home\Controller\ApiController.class.php 第 22 行.

[ 2017-08-25T23:42:16+08:00 ] 127.0.0.1 /index.php/Home/Api/sendmsg
INFO: [ app_begin ] --START--
INFO: Run Behavior\ReadHtmlCacheBehavior [ RunTime:0.000676s ]
INFO: [ app_begin ] --END-- [ RunTime:0.001053s ]

[ 2017-08-25T23:45:40+08:00 ] 127.0.0.1 /index.php/Home/Cart/ajaxgetnum
INFO: [ app_begin ] --START--
INFO: Run Behavior\ReadHtmlCacheBehavior [ RunTime:0.000825s ]
INFO: [ app_begin ] --END-- [ RunTime:0.001412s ]
SQL: SHOW COLUMNS FROM `tpshop_cart` [ RunTime:0.0033s ]
NOTIC: [8] Undefined variable: return E:\php\tpshop\Application\Home\Model\CartModel.class.php 第 70 行.
NOTIC: [2] Invalid argument supplied for foreach() E:\php\tpshop\Application\Home\Model\CartModel.class.php 第 78 行.

[ 2017-08-25T23:45:49+08:00 ] 127.0.0.1 /index.php/Home/Api/sendmsg
INFO: [ app_begin ] --START--
INFO: Run Behavior\ReadHtmlCacheBehavior [ RunTime:0.000528s ]
INFO: [ app_begin ] --END-- [ RunTime:0.000887s ]
NOTIC: [8] Undefined variable: url E:\php\tpshop\Application\Home\Controller\ApiController.class.php 第 35 行.

[ 2017-08-25T23:48:17+08:00 ] 127.0.0.1 /index.php/Home/Api/sendmsg
INFO: [ app_begin ] --START--
INFO: Run Behavior\ReadHtmlCacheBehavior [ RunTime:0.000662s ]
INFO: [ app_begin ] --END-- [ RunTime:0.001092s ]
NOTIC: [8] Undefined variable: url E:\php\tpshop\Application\Home\Controller\ApiController.class.php 第 35 行.

[ 2017-08-25T23:57:31+08:00 ] 127.0.0.1 /index.php/Home/Cart/ajaxgetnum
INFO: [ app_begin ] --START--
INFO: Run Behavior\ReadHtmlCacheBehavior [ RunTime:0.000517s ]
INFO: [ app_begin ] --END-- [ RunTime:0.001021s ]
SQL: SHOW COLUMNS FROM `tpshop_cart` [ RunTime:0.0032s ]
NOTIC: [8] Undefined variable: return E:\php\tpshop\Application\Home\Model\CartModel.class.php 第 70 行.
NOTIC: [2] Invalid argument supplied for foreach() E:\php\tpshop\Application\Home\Model\CartModel.class.php 第 78 行.

[ 2017-08-25T23:58:15+08:00 ] 127.0.0.1 /index.php/Home/Api/sendmsg
INFO: [ app_begin ] --START--
INFO: Run Behavior\ReadHtmlCacheBehavior [ RunTime:0.000611s ]
INFO: [ app_begin ] --END-- [ RunTime:0.000947s ]

